[ 2017-07-09T19:30:31+08:00 ] 127.0.0.1 /User/register.html
INFO: [ app_init ] --START--
INFO: Run Behavior\BuildLiteBehavior [ RunTime:0.000027s ]
INFO: Run Common\Behavior\InitHookBehavior [ RunTime:0.003758s ]
INFO: [ app_init ] --END-- [ RunTime:0.004797s ]
INFO: [ app_begin ] --START--
INFO: Run Behavior\ReadHtmlCacheBehavior [ RunTime:0.000790s ]
INFO: Run Addons\Iswaf\IswafAddon [ RunTime:0.014226s ]
INFO: [ app_begin ] --END-- [ RunTime:0.015155s ]
ERR: 无法加载控制器:Register

[ 2017-07-09T19:30:56+08:00 ] 127.0.0.1 /wchat.php?s=/User/verify.html
INFO: [ app_init ] --START--
INFO: Run Behavior\BuildLiteBehavior [ RunTime:0.000028s ]
INFO: Run Common\Behavior\InitHookBehavior [ RunTime:0.004612s ]
INFO: [ app_init ] --END-- [ RunTime:0.005464s ]
INFO: [ app_begin ] --START--
INFO: Run Behavior\ReadHtmlCacheBehavior [ RunTime:0.000739s ]
INFO: Run Addons\Iswaf\IswafAddon [ RunTime:0.015190s ]
INFO: [ app_begin ] --END-- [ RunTime:0.016049s ]
ERR: 无法加载控制器:Verify

[ 2017-07-09T19:30:56+08:00 ] 127.0.0.1 /wchat.php?s=/User/verify.html
INFO: [ app_init ] --START--
INFO: Run Behavior\BuildLiteBehavior [ RunTime:0.000019s ]
INFO: Run Common\Behavior\InitHookBehavior [ RunTime:0.002646s ]
INFO: [ app_init ] --END-- [ RunTime:0.003316s ]
INFO: [ app_begin ] --START--
INFO: Run Behavior\ReadHtmlCacheBehavior [ RunTime:0.000686s ]
INFO: Run Addons\Iswaf\IswafAddon [ RunTime:0.010489s ]
INFO: [ app_begin ] --END-- [ RunTime:0.011278s ]
ERR: 无法加载控制器:Verify

[ 2017-07-09T19:30:56+08:00 ] 127.0.0.1 /wchat.php?s=/User/verify.html
INFO: [ app_init ] --START--
INFO: Run Behavior\BuildLiteBehavior [ RunTime:0.000025s ]
INFO: Run Common\Behavior\InitHookBehavior [ RunTime:0.003174s ]
INFO: [ app_init ] --END-- [ RunTime:0.004016s ]
INFO: [ app_begin ] --START--
INFO: Run Behavior\ReadHtmlCacheBehavior [ RunTime:0.000958s ]
INFO: Run Addons\Iswaf\IswafAddon [ RunTime:0.012252s ]
INFO: [ app_begin ] --END-- [ RunTime:0.013358s ]
ERR: 无法加载控制器:Verify

[ 2017-07-09T19:30:57+08:00 ] 127.0.0.1 /wchat.php?s=/User/verify.html
INFO: [ app_init ] --START--
INFO: Run Behavior\BuildLiteBehavior [ RunTime:0.000017s ]
INFO: Run Common\Behavior\InitHookBehavior [ RunTime:0.002241s ]
INFO: [ app_init ] --END-- [ RunTime:0.002833s ]
INFO: [ app_begin ] --START--
INFO: Run Behavior\ReadHtmlCacheBehavior [ RunTime:0.000825s ]
INFO: Run Addons\Iswaf\IswafAddon [ RunTime:0.011226s ]
INFO: [ app_begin ] --END-- [ RunTime:0.012159s ]
ERR: 无法加载控制器:Verify

[ 2017-07-09T19:30:57+08:00 ] 127.0.0.1 /wchat.php?s=/User/verify.html
INFO: [ app_init ] --START--
INFO: Run Behavior\BuildLiteBehavior [ RunTime:0.000026s ]
INFO: Run Common\Behavior\InitHookBehavior [ RunTime:0.002535s ]
INFO: [ app_init ] --END-- [ RunTime:0.003379s ]
INFO: [ app_begin ] --START--
INFO: Run Behavior\ReadHtmlCacheBehavior [ RunTime:0.000685s ]
INFO: Run Addons\Iswaf\IswafAddon [ RunTime:0.010342s ]
INFO: [ app_begin ] --END-- [ RunTime:0.011133s ]
ERR: 无法加载控制器:Verify

[ 2017-07-09T19:30:57+08:00 ] 127.0.0.1 /wchat.php?s=/User/verify.html
INFO: [ app_init ] --START--
INFO: Run Behavior\BuildLiteBehavior [ RunTime:0.000022s ]
INFO: Run Common\Behavior\InitHookBehavior [ RunTime:0.003132s ]
INFO: [ app_init ] --END-- [ RunTime:0.003904s ]
INFO: [ app_begin ] --START--
INFO: Run Behavior\ReadHtmlCacheBehavior [ RunTime:0.001004s ]
INFO: Run Addons\Iswaf\IswafAddon [ RunTime:0.012657s ]
INFO: [ app_begin ] --END-- [ RunTime:0.013805s ]
ERR: 无法加载控制器:Verify

[ 2017-07-09T19:30:57+08:00 ] 127.0.0.1 /wchat.php?s=/User/verify.html
INFO: [ app_init ] --START--
INFO: Run Behavior\BuildLiteBehavior [ RunTime:0.000017s ]
INFO: Run Common\Behavior\InitHookBehavior [ RunTime:0.002345s ]
INFO: [ app_init ] --END-- [ RunTime:0.002941s ]
INFO: [ app_begin ] --START--
INFO: Run Behavior\ReadHtmlCacheBehavior [ RunTime:0.000777s ]
INFO: Run Addons\Iswaf\IswafAddon [ RunTime:0.011366s ]
INFO: [ app_begin ] --END-- [ RunTime:0.012269s ]
ERR: 无法加载控制器:Verify

[ 2017-07-09T19:43:34+08:00 ] 127.0.0.1 /wchat.php?s=/User/verify.html
INFO: [ app_init ] --START--
INFO: Run Behavior\BuildLiteBehavior [ RunTime:0.000029s ]
INFO: Run Common\Behavior\InitHookBehavior [ RunTime:0.004466s ]
INFO: [ app_init ] --END-- [ RunTime:0.005461s ]
INFO: [ app_begin ] --START--
INFO: Run Behavior\ReadHtmlCacheBehavior [ RunTime:0.002047s ]
INFO: Run Addons\Iswaf\IswafAddon [ RunTime:0.022449s ]
INFO: [ app_begin ] --END-- [ RunTime:0.024679s ]
ERR: 无法加载控制器:Verify

[ 2017-07-09T19:43:35+08:00 ] 127.0.0.1 /wchat.php?s=/User/verify.html
INFO: [ app_init ] --START--
INFO: Run Behavior\BuildLiteBehavior [ RunTime:0.000028s ]
INFO: Run Common\Behavior\InitHookBehavior [ RunTime:0.003450s ]
INFO: [ app_init ] --END-- [ RunTime:0.004334s ]
INFO: [ app_begin ] --START--
INFO: Run Behavior\ReadHtmlCacheBehavior [ RunTime:0.001128s ]
INFO: Run Addons\Iswaf\IswafAddon [ RunTime:0.015381s ]
INFO: [ app_begin ] --END-- [ RunTime:0.016698s ]
ERR: 无法加载控制器:Verify

[ 2017-07-09T19:43:46+08:00 ] 127.0.0.1 /wchat.php?s=/User/verify.html
INFO: [ app_init ] --START--
INFO: Run Behavior\BuildLiteBehavior [ RunTime:0.000024s ]
INFO: Run Common\Behavior\InitHookBehavior [ RunTime:0.005307s ]
INFO: [ app_init ] --END-- [ RunTime:0.006129s ]
INFO: [ app_begin ] --START--
INFO: Run Behavior\ReadHtmlCacheBehavior [ RunTime:0.001009s ]
INFO: Run Addons\Iswaf\IswafAddon [ RunTime:0.017999s ]
INFO: [ app_begin ] --END-- [ RunTime:0.019163s ]
ERR: 无法加载控制器:Verify

[ 2017-07-09T19:43:49+08:00 ] 127.0.0.1 /wchat.php?s=/User/verify.html
INFO: [ app_init ] --START--
INFO: Run Behavior\BuildLiteBehavior [ RunTime:0.000023s ]
INFO: Run Common\Behavior\InitHookBehavior [ RunTime:0.003176s ]
INFO: [ app_init ] --END-- [ RunTime:0.003963s ]
INFO: [ app_begin ] --START--
INFO: Run Behavior\ReadHtmlCacheBehavior [ RunTime:0.000968s ]
INFO: Run Addons\Iswaf\IswafAddon [ RunTime:0.016997s ]
INFO: [ app_begin ] --END-- [ RunTime:0.018118s ]
ERR: 无法加载控制器:Verify

[ 2017-07-09T19:43:50+08:00 ] 127.0.0.1 /wchat.php?s=/User/verify.html
INFO: [ app_init ] --START--
INFO: Run Behavior\BuildLiteBehavior [ RunTime:0.000027s ]
INFO: Run Common\Behavior\InitHookBehavior [ RunTime:0.002595s ]
INFO: [ app_init ] --END-- [ RunTime:0.003376s ]
INFO: [ app_begin ] --START--
INFO: Run Behavior\ReadHtmlCacheBehavior [ RunTime:0.000978s ]
INFO: Run Addons\Iswaf\IswafAddon [ RunTime:0.010980s ]
INFO: [ app_begin ] --END-- [ RunTime:0.012075s ]
ERR: 无法加载控制器:Verify

[ 2017-07-09T20:53:09+08:00 ] 127.0.0.1 /User/login.html
INFO: [ app_init ] --START--
INFO: Run Behavior\BuildLiteBehavior [ RunTime:0.000020s ]
INFO: Run Common\Behavior\InitHookBehavior [ RunTime:0.006090s ]
INFO: [ app_init ] --END-- [ RunTime:0.006957s ]
INFO: [ app_begin ] --START--
INFO: Run Behavior\ReadHtmlCacheBehavior [ RunTime:0.001082s ]
INFO: Run Addons\Iswaf\IswafAddon [ RunTime:0.015050s ]
INFO: [ app_begin ] --END-- [ RunTime:0.016301s ]
ERR: 无法加载控制器:Login

[ 2017-07-09T20:53:10+08:00 ] 127.0.0.1 /User/login.html
INFO: [ app_init ] --START--
INFO: Run Behavior\BuildLiteBehavior [ RunTime:0.000016s ]
INFO: Run Common\Behavior\InitHookBehavior [ RunTime:0.002412s ]
INFO: [ app_init ] --END-- [ RunTime:0.003011s ]
INFO: [ app_begin ] --START--
INFO: Run Behavior\ReadHtmlCacheBehavior [ RunTime:0.000981s ]
INFO: Run Addons\Iswaf\IswafAddon [ RunTime:0.011403s ]
INFO: [ app_begin ] --END-- [ RunTime:0.012507s ]
ERR: 无法加载控制器:Login

[ 2017-07-09T20:53:11+08:00 ] 127.0.0.1 /User/login.html
INFO: [ app_init ] --START--
INFO: Run Behavior\BuildLiteBehavior [ RunTime:0.000017s ]
INFO: Run Common\Behavior\InitHookBehavior [ RunTime:0.002299s ]
INFO: [ app_init ] --END-- [ RunTime:0.002901s ]
INFO: [ app_begin ] --START--
INFO: Run Behavior\ReadHtmlCacheBehavior [ RunTime:0.000660s ]
INFO: Run Addons\Iswaf\IswafAddon [ RunTime:0.011590s ]
INFO: [ app_begin ] --END-- [ RunTime:0.012377s ]
ERR: 无法加载控制器:Login

[ 2017-07-09T20:53:11+08:00 ] 127.0.0.1 /User/login.html
INFO: [ app_init ] --START--
INFO: Run Behavior\BuildLiteBehavior [ RunTime:0.000022s ]
INFO: Run Common\Behavior\InitHookBehavior [ RunTime:0.002858s ]
INFO: [ app_init ] --END-- [ RunTime:0.003589s ]
INFO: [ app_begin ] --START--
INFO: Run Behavior\ReadHtmlCacheBehavior [ RunTime:0.000693s ]
INFO: Run Addons\Iswaf\IswafAddon [ RunTime:0.010997s ]
INFO: [ app_begin ] --END-- [ RunTime:0.011797s ]
ERR: 无法加载控制器:Login

[ 2017-07-09T20:53:11+08:00 ] 127.0.0.1 /User/login.html
INFO: [ app_init ] --START--
INFO: Run Behavior\BuildLiteBehavior [ RunTime:0.000027s ]
INFO: Run Common\Behavior\InitHookBehavior [ RunTime:0.003162s ]
INFO: [ app_init ] --END-- [ RunTime:0.004084s ]
INFO: [ app_begin ] --START--
INFO: Run Behavior\ReadHtmlCacheBehavior [ RunTime:0.000909s ]
INFO: Run Addons\Iswaf\IswafAddon [ RunTime:0.013158s ]
INFO: [ app_begin ] --END-- [ RunTime:0.014210s ]
ERR: 无法加载控制器:Login

[ 2017-07-09T20:53:11+08:00 ] 127.0.0.1 /User/login.html
INFO: [ app_init ] --START--
INFO: Run Behavior\BuildLiteBehavior [ RunTime:0.000017s ]
INFO: Run Common\Behavior\InitHookBehavior [ RunTime:0.002717s ]
INFO: [ app_init ] --END-- [ RunTime:0.003337s ]
INFO: [ app_begin ] --START--
INFO: Run Behavior\ReadHtmlCacheBehavior [ RunTime:0.000769s ]
INFO: Run Addons\Iswaf\IswafAddon [ RunTime:0.011831s ]
INFO: [ app_begin ] --END-- [ RunTime:0.012725s ]
ERR: 无法加载控制器:Login

[ 2017-07-09T20:53:12+08:00 ] 127.0.0.1 /User/login.html
INFO: [ app_init ] --START--
INFO: Run Behavior\BuildLiteBehavior [ RunTime:0.000017s ]
INFO: Run Common\Behavior\InitHookBehavior [ RunTime:0.002652s ]
INFO: [ app_init ] --END-- [ RunTime:0.003251s ]
INFO: [ app_begin ] --START--
INFO: Run Behavior\ReadHtmlCacheBehavior [ RunTime:0.000815s ]
INFO: Run Addons\Iswaf\IswafAddon [ RunTime:0.011122s ]
INFO: [ app_begin ] --END-- [ RunTime:0.012047s ]
ERR: 无法加载控制器:Login

[ 2017-07-09T20:53:12+08:00 ] 127.0.0.1 /User/login.html
INFO: [ app_init ] --START--
INFO: Run Behavior\BuildLiteBehavior [ RunTime:0.000023s ]
INFO: Run Common\Behavior\InitHookBehavior [ RunTime:0.002735s ]
INFO: [ app_init ] --END-- [ RunTime:0.003611s ]
INFO: [ app_begin ] --START--
INFO: Run Behavior\ReadHtmlCacheBehavior [ RunTime:0.000975s ]
INFO: Run Addons\Iswaf\IswafAddon [ RunTime:0.013582s ]
INFO: [ app_begin ] --END-- [ RunTime:0.014700s ]
ERR: 无法加载控制器:Login

[ 2017-07-09T20:53:12+08:00 ] 127.0.0.1 /User/login.html
INFO: [ app_init ] --START--
INFO: Run Behavior\BuildLiteBehavior [ RunTime:0.000018s ]
INFO: Run Common\Behavior\InitHookBehavior [ RunTime:0.002551s ]
INFO: [ app_init ] --END-- [ RunTime:0.003162s ]
INFO: [ app_begin ] --START--
INFO: Run Behavior\ReadHtmlCacheBehavior [ RunTime:0.000778s ]
INFO: Run Addons\Iswaf\IswafAddon [ RunTime:0.015605s ]
INFO: [ app_begin ] --END-- [ RunTime:0.016510s ]
ERR: 无法加载控制器:Login

[ 2017-07-09T20:53:12+08:00 ] 127.0.0.1 /User/login.html
INFO: [ app_init ] --START--
INFO: Run Behavior\BuildLiteBehavior [ RunTime:0.000018s ]
INFO: Run Common\Behavior\InitHookBehavior [ RunTime:0.003035s ]
INFO: [ app_init ] --END-- [ RunTime:0.003661s ]
INFO: [ app_begin ] --START--
INFO: Run Behavior\ReadHtmlCacheBehavior [ RunTime:0.000869s ]
INFO: Run Addons\Iswaf\IswafAddon [ RunTime:0.012219s ]
INFO: [ app_begin ] --END-- [ RunTime:0.013240s ]
ERR: 无法加载控制器:Login

[ 2017-07-09T20:53:13+08:00 ] 127.0.0.1 /User/login.html
INFO: [ app_init ] --START--
INFO: Run Behavior\BuildLiteBehavior [ RunTime:0.000022s ]
INFO: Run Common\Behavior\InitHookBehavior [ RunTime:0.002647s ]
INFO: [ app_init ] --END-- [ RunTime:0.003359s ]
INFO: [ app_begin ] --START--
INFO: Run Behavior\ReadHtmlCacheBehavior [ RunTime:0.000661s ]
INFO: Run Addons\Iswaf\IswafAddon [ RunTime:0.011126s ]
INFO: [ app_begin ] --END-- [ RunTime:0.011888s ]
ERR: 无法加载控制器:Login

[ 2017-07-09T20:53:13+08:00 ] 127.0.0.1 /User/login.html
INFO: [ app_init ] --START--
INFO: Run Behavior\BuildLiteBehavior [ RunTime:0.000018s ]
INFO: Run Common\Behavior\InitHookBehavior [ RunTime:0.002667s ]
INFO: [ app_init ] --END-- [ RunTime:0.003354s ]
INFO: [ app_begin ] --START--
INFO: Run Behavior\ReadHtmlCacheBehavior [ RunTime:0.000654s ]
INFO: Run Addons\Iswaf\IswafAddon [ RunTime:0.011017s ]
INFO: [ app_begin ] --END-- [ RunTime:0.011782s ]
ERR: 无法加载控制器:Login

[ 2017-07-09T20:53:14+08:00 ] 127.0.0.1 /User/login.html
INFO: [ app_init ] --START--
INFO: Run Behavior\BuildLiteBehavior [ RunTime:0.000026s ]
INFO: Run Common\Behavior\InitHookBehavior [ RunTime:0.003537s ]
INFO: [ app_init ] --END-- [ RunTime:0.004460s ]
INFO: [ app_begin ] --START--
INFO: Run Behavior\ReadHtmlCacheBehavior [ RunTime:0.001016s ]
INFO: Run Addons\Iswaf\IswafAddon [ RunTime:0.015722s ]
INFO: [ app_begin ] --END-- [ RunTime:0.016901s ]
ERR: 无法加载控制器:Login

[ 2017-07-09T20:53:14+08:00 ] 127.0.0.1 /User/login.html
INFO: [ app_init ] --START--
INFO: Run Behavior\BuildLiteBehavior [ RunTime:0.000018s ]
INFO: Run Common\Behavior\InitHookBehavior [ RunTime:0.002275s ]
INFO: [ app_init ] --END-- [ RunTime:0.002948s ]
INFO: [ app_begin ] --START--
INFO: Run Behavior\ReadHtmlCacheBehavior [ RunTime:0.000741s ]
INFO: Run Addons\Iswaf\IswafAddon [ RunTime:0.011884s ]
INFO: [ app_begin ] --END-- [ RunTime:0.012755s ]
ERR: 无法加载控制器:Login

[ 2017-07-09T20:53:15+08:00 ] 127.0.0.1 /User/login.html
INFO: [ app_init ] --START--
INFO: Run Behavior\BuildLiteBehavior [ RunTime:0.000024s ]
INFO: Run Common\Behavior\InitHookBehavior [ RunTime:0.002703s ]
INFO: [ app_init ] --END-- [ RunTime:0.003552s ]
INFO: [ app_begin ] --START--
INFO: Run Behavior\ReadHtmlCacheBehavior [ RunTime:0.000942s ]
INFO: Run Addons\Iswaf\IswafAddon [ RunTime:0.014374s ]
INFO: [ app_begin ] --END-- [ RunTime:0.015458s ]
ERR: 无法加载控制器:Login

[ 2017-07-09T20:56:08+08:00 ] 127.0.0.1 /User/login.html
INFO: [ app_init ] --START--
INFO: Run Behavior\BuildLiteBehavior [ RunTime:0.000017s ]
INFO: Run Common\Behavior\InitHookBehavior [ RunTime:0.003084s ]
INFO: [ app_init ] --END-- [ RunTime:0.003753s ]
INFO: [ app_begin ] --START--
INFO: Run Behavior\ReadHtmlCacheBehavior [ RunTime:0.000822s ]
INFO: Run Addons\Iswaf\IswafAddon [ RunTime:0.016478s ]
INFO: [ app_begin ] --END-- [ RunTime:0.017404s ]
ERR: 无法加载控制器:Login

[ 2017-07-09T20:56:09+08:00 ] 127.0.0.1 /User/login.html
INFO: [ app_init ] --START--
INFO: Run Behavior\BuildLiteBehavior [ RunTime:0.000023s ]
INFO: Run Common\Behavior\InitHookBehavior [ RunTime:0.003092s ]
INFO: [ app_init ] --END-- [ RunTime:0.003929s ]
INFO: [ app_begin ] --START--
INFO: Run Behavior\ReadHtmlCacheBehavior [ RunTime:0.000683s ]
INFO: Run Addons\Iswaf\IswafAddon [ RunTime:0.013072s ]
INFO: [ app_begin ] --END-- [ RunTime:0.013877s ]
ERR: 无法加载控制器:Login

[ 2017-07-09T20:56:10+08:00 ] 127.0.0.1 /User/login.html
INFO: [ app_init ] --START--
INFO: Run Behavior\BuildLiteBehavior [ RunTime:0.000017s ]
INFO: Run Common\Behavior\InitHookBehavior [ RunTime:0.002391s ]
INFO: [ app_init ] --END-- [ RunTime:0.002997s ]
INFO: [ app_begin ] --START--
INFO: Run Behavior\ReadHtmlCacheBehavior [ RunTime:0.000816s ]
INFO: Run Addons\Iswaf\IswafAddon [ RunTime:0.013607s ]
INFO: [ app_begin ] --END-- [ RunTime:0.014537s ]
ERR: 无法加载控制器:Login

[ 2017-07-09T20:56:10+08:00 ] 127.0.0.1 /User/login.html
INFO: [ app_init ] --START--
INFO: Run Behavior\BuildLiteBehavior [ RunTime:0.000027s ]
INFO: Run Common\Behavior\InitHookBehavior [ RunTime:0.002833s ]
INFO: [ app_init ] --END-- [ RunTime:0.003717s ]
INFO: [ app_begin ] --START--
INFO: Run Behavior\ReadHtmlCacheBehavior [ RunTime:0.000772s ]
INFO: Run Addons\Iswaf\IswafAddon [ RunTime:0.012319s ]
INFO: [ app_begin ] --END-- [ RunTime:0.013209s ]
ERR: 无法加载控制器:Login

