[ 2017-07-07T22:11:26+08:00 ] 127.0.0.1 /index.php?s=/User/User/login.html
INFO: [ app_init ] --START--
INFO: Run Behavior\BuildLiteBehavior [ RunTime:0.000019s ]
INFO: Run Common\Behavior\InitHookBehavior [ RunTime:0.002691s ]
INFO: [ app_init ] --END-- [ RunTime:0.003402s ]
INFO: [ app_begin ] --START--
INFO: Run Behavior\ReadHtmlCacheBehavior [ RunTime:0.000759s ]
INFO: Run Addons\Iswaf\IswafAddon [ RunTime:0.011537s ]
INFO: [ app_begin ] --END-- [ RunTime:0.012411s ]
ERR: 无法加载控制器:User

[ 2017-07-07T22:11:41+08:00 ] 127.0.0.1 /index.php?s=/User/User/login.html
INFO: [ app_init ] --START--
INFO: Run Behavior\BuildLiteBehavior [ RunTime:0.000023s ]
INFO: Run Common\Behavior\InitHookBehavior [ RunTime:0.003238s ]
INFO: [ app_init ] --END-- [ RunTime:0.004087s ]
INFO: [ app_begin ] --START--
INFO: Run Behavior\ReadHtmlCacheBehavior [ RunTime:0.000954s ]
INFO: Run Addons\Iswaf\IswafAddon [ RunTime:0.012277s ]
INFO: [ app_begin ] --END-- [ RunTime:0.013668s ]
ERR: 无法加载控制器:User

[ 2017-07-07T22:13:28+08:00 ] 127.0.0.1 /index.php?s=/User/User/login.html
INFO: [ app_init ] --START--
INFO: Run Behavior\BuildLiteBehavior [ RunTime:0.000018s ]
INFO: Run Common\Behavior\InitHookBehavior [ RunTime:0.002685s ]
INFO: [ app_init ] --END-- [ RunTime:0.003384s ]
INFO: [ app_begin ] --START--
INFO: Run Behavior\ReadHtmlCacheBehavior [ RunTime:0.000691s ]
INFO: Run Addons\Iswaf\IswafAddon [ RunTime:0.011687s ]
INFO: [ app_begin ] --END-- [ RunTime:0.012494s ]
ERR: 无法加载控制器:User

[ 2017-07-07T22:15:17+08:00 ] 127.0.0.1 /index.php?s=/User/User/login.html
INFO: [ app_init ] --START--
INFO: Run Behavior\BuildLiteBehavior [ RunTime:0.000020s ]
INFO: Run Common\Behavior\InitHookBehavior [ RunTime:0.002691s ]
INFO: [ app_init ] --END-- [ RunTime:0.003409s ]
INFO: [ app_begin ] --START--
INFO: Run Behavior\ReadHtmlCacheBehavior [ RunTime:0.000735s ]
INFO: Run Addons\Iswaf\IswafAddon [ RunTime:0.012683s ]
INFO: [ app_begin ] --END-- [ RunTime:0.013534s ]
ERR: 无法加载控制器:User

[ 2017-07-07T22:15:32+08:00 ] 127.0.0.1 /index.php?s=/User/User/login.html
INFO: [ app_init ] --START--
INFO: Run Behavior\BuildLiteBehavior [ RunTime:0.000017s ]
INFO: Run Common\Behavior\InitHookBehavior [ RunTime:0.004191s ]
INFO: [ app_init ] --END-- [ RunTime:0.004936s ]
INFO: [ app_begin ] --START--
INFO: Run Behavior\ReadHtmlCacheBehavior [ RunTime:0.001124s ]
INFO: Run Addons\Iswaf\IswafAddon [ RunTime:0.014269s ]
INFO: [ app_begin ] --END-- [ RunTime:0.015512s ]
ERR: 无法加载控制器:User

[ 2017-07-07T22:15:42+08:00 ] 127.0.0.1 /index.php?s=/User/User/login.html
INFO: [ app_init ] --START--
INFO: Run Behavior\BuildLiteBehavior [ RunTime:0.000018s ]
INFO: Run Common\Behavior\InitHookBehavior [ RunTime:0.003494s ]
INFO: [ app_init ] --END-- [ RunTime:0.004246s ]
INFO: [ app_begin ] --START--
INFO: Run Behavior\ReadHtmlCacheBehavior [ RunTime:0.001141s ]
INFO: Run Addons\Iswaf\IswafAddon [ RunTime:0.012393s ]
INFO: [ app_begin ] --END-- [ RunTime:0.013654s ]
ERR: 无法加载控制器:User

[ 2017-07-07T22:16:17+08:00 ] 127.0.0.1 /index.php?s=/User/User/login.html
INFO: [ app_init ] --START--
INFO: Run Behavior\BuildLiteBehavior [ RunTime:0.000019s ]
INFO: Run Common\Behavior\InitHookBehavior [ RunTime:0.003498s ]
INFO: [ app_init ] --END-- [ RunTime:0.004263s ]
INFO: [ app_begin ] --START--
INFO: Run Behavior\ReadHtmlCacheBehavior [ RunTime:0.001038s ]
INFO: Run Addons\Iswaf\IswafAddon [ RunTime:0.015689s ]
INFO: [ app_begin ] --END-- [ RunTime:0.016842s ]
ERR: 无法加载控制器:User

[ 2017-07-07T22:18:11+08:00 ] 127.0.0.1 /index.php?s=/User/User/login.html
INFO: [ app_init ] --START--
INFO: Run Behavior\BuildLiteBehavior [ RunTime:0.000025s ]
INFO: Run Common\Behavior\InitHookBehavior [ RunTime:0.003501s ]
INFO: [ app_init ] --END-- [ RunTime:0.005489s ]
INFO: [ app_begin ] --START--
INFO: Run Behavior\ReadHtmlCacheBehavior [ RunTime:0.000825s ]
INFO: Run Addons\Iswaf\IswafAddon [ RunTime:0.013092s ]
INFO: [ app_begin ] --END-- [ RunTime:0.014039s ]
ERR: 无法加载控制器:User

[ 2017-07-07T22:24:14+08:00 ] 127.0.0.1 /index.php?s=/User/User/login.html
INFO: [ app_init ] --START--
INFO: Run Behavior\BuildLiteBehavior [ RunTime:0.000026s ]
INFO: Run Common\Behavior\InitHookBehavior [ RunTime:0.002499s ]
INFO: [ app_init ] --END-- [ RunTime:0.003320s ]
INFO: [ app_begin ] --START--
INFO: Run Behavior\ReadHtmlCacheBehavior [ RunTime:0.001393s ]
INFO: Run Addons\Iswaf\IswafAddon [ RunTime:0.011639s ]
INFO: [ app_begin ] --END-- [ RunTime:0.013320s ]
ERR: 无法加载控制器:User

