[ 2017-07-09T08:52:30+08:00 ] 127.0.0.1 /favicon.ico
INFO: [ app_init ] --START--
INFO: Run Behavior\BuildLiteBehavior [ RunTime:0.000016s ]
INFO: Run Common\Behavior\InitHookBehavior [ RunTime:0.002661s ]
INFO: [ app_init ] --END-- [ RunTime:0.003226s ]

[ 2017-07-09T09:01:09+08:00 ] 127.0.0.1 /favicon.ico
INFO: [ app_init ] --START--
INFO: Run Behavior\BuildLiteBehavior [ RunTime:0.000018s ]
INFO: Run Common\Behavior\InitHookBehavior [ RunTime:0.003568s ]
INFO: [ app_init ] --END-- [ RunTime:0.004328s ]

[ 2017-07-09T10:19:41+08:00 ] 127.0.0.1 /bao.html?id=5
INFO: [ app_init ] --START--
INFO: Run Behavior\BuildLiteBehavior [ RunTime:0.000030s ]
INFO: Run Common\Behavior\InitHookBehavior [ RunTime:0.003286s ]
INFO: [ app_init ] --END-- [ RunTime:0.004195s ]
ERR: 无法加载模块:Bao

[ 2017-07-09T10:20:00+08:00 ] 127.0.0.1 /d.html?id=5
INFO: [ app_init ] --START--
INFO: Run Behavior\BuildLiteBehavior [ RunTime:0.000018s ]
INFO: Run Common\Behavior\InitHookBehavior [ RunTime:0.002766s ]
INFO: [ app_init ] --END-- [ RunTime:0.003705s ]
ERR: 无法加载模块:D

[ 2017-07-09T10:21:13+08:00 ] 127.0.0.1 /d.html?id=5
INFO: [ app_init ] --START--
INFO: Run Behavior\BuildLiteBehavior [ RunTime:0.000016s ]
INFO: Run Common\Behavior\InitHookBehavior [ RunTime:0.004697s ]
INFO: [ app_init ] --END-- [ RunTime:0.005476s ]
ERR: 无法加载模块:D

[ 2017-07-09T10:21:16+08:00 ] 127.0.0.1 /d.html?id=5
INFO: [ app_init ] --START--
INFO: Run Behavior\BuildLiteBehavior [ RunTime:0.000017s ]
INFO: Run Common\Behavior\InitHookBehavior [ RunTime:0.002837s ]
INFO: [ app_init ] --END-- [ RunTime:0.003587s ]
ERR: 无法加载模块:D

[ 2017-07-09T10:21:27+08:00 ] 127.0.0.1 /d.html?id=5
INFO: [ app_init ] --START--
INFO: Run Behavior\BuildLiteBehavior [ RunTime:0.000026s ]
INFO: Run Common\Behavior\InitHookBehavior [ RunTime:0.003367s ]
INFO: [ app_init ] --END-- [ RunTime:0.004806s ]
ERR: 无法加载模块:D

[ 2017-07-09T10:21:30+08:00 ] 127.0.0.1 /d.html?id=5
INFO: [ app_init ] --START--
INFO: Run Behavior\BuildLiteBehavior [ RunTime:0.000017s ]
INFO: Run Common\Behavior\InitHookBehavior [ RunTime:0.002755s ]
INFO: [ app_init ] --END-- [ RunTime:0.003506s ]
ERR: 无法加载模块:D

[ 2017-07-09T10:21:54+08:00 ] 127.0.0.1 /d.html?id=5
INFO: [ app_init ] --START--
INFO: Run Behavior\BuildLiteBehavior [ RunTime:0.000018s ]
INFO: Run Common\Behavior\InitHookBehavior [ RunTime:0.002833s ]
INFO: [ app_init ] --END-- [ RunTime:0.003600s ]
ERR: 无法加载模块:D

[ 2017-07-09T10:33:44+08:00 ] 127.0.0.1 /v.cover_id
INFO: [ app_init ] --START--
INFO: Run Behavior\BuildLiteBehavior [ RunTime:0.000021s ]
INFO: Run Common\Behavior\InitHookBehavior [ RunTime:0.003306s ]
INFO: [ app_init ] --END-- [ RunTime:0.004060s ]
ERR: 无法加载模块:V

[ 2017-07-09T10:34:26+08:00 ] 127.0.0.1 /v.cover_id
INFO: [ app_init ] --START--
INFO: Run Behavior\BuildLiteBehavior [ RunTime:0.000025s ]
INFO: Run Common\Behavior\InitHookBehavior [ RunTime:0.002396s ]
INFO: [ app_init ] --END-- [ RunTime:0.003105s ]
ERR: 无法加载模块:V

[ 2017-07-09T10:34:55+08:00 ] 127.0.0.1 /v.cover_id
INFO: [ app_init ] --START--
INFO: Run Behavior\BuildLiteBehavior [ RunTime:0.000018s ]
INFO: Run Common\Behavior\InitHookBehavior [ RunTime:0.002713s ]
INFO: [ app_init ] --END-- [ RunTime:0.003420s ]
ERR: 无法加载模块:V

[ 2017-07-09T10:35:36+08:00 ] 127.0.0.1 /v.cover_id
INFO: [ app_init ] --START--
INFO: Run Behavior\BuildLiteBehavior [ RunTime:0.000019s ]
INFO: Run Common\Behavior\InitHookBehavior [ RunTime:0.002715s ]
INFO: [ app_init ] --END-- [ RunTime:0.003374s ]
ERR: 无法加载模块:V

[ 2017-07-09T10:36:05+08:00 ] 127.0.0.1 /v.cover_id
INFO: [ app_init ] --START--
INFO: Run Behavior\BuildLiteBehavior [ RunTime:0.000017s ]
INFO: Run Common\Behavior\InitHookBehavior [ RunTime:0.002236s ]
INFO: [ app_init ] --END-- [ RunTime:0.002837s ]
ERR: 无法加载模块:V

[ 2017-07-09T10:36:07+08:00 ] 127.0.0.1 /v.cover_id
INFO: [ app_init ] --START--
INFO: Run Behavior\BuildLiteBehavior [ RunTime:0.000035s ]
INFO: Run Common\Behavior\InitHookBehavior [ RunTime:0.003775s ]
INFO: [ app_init ] --END-- [ RunTime:0.005087s ]
ERR: 无法加载模块:V

[ 2017-07-09T10:36:19+08:00 ] 127.0.0.1 /v.cover_id
INFO: [ app_init ] --START--
INFO: Run Behavior\BuildLiteBehavior [ RunTime:0.000019s ]
INFO: Run Common\Behavior\InitHookBehavior [ RunTime:0.002276s ]
INFO: [ app_init ] --END-- [ RunTime:0.002884s ]
ERR: 无法加载模块:V

[ 2017-07-09T10:38:28+08:00 ] 127.0.0.1 /v[0].path
INFO: [ app_init ] --START--
INFO: Run Behavior\BuildLiteBehavior [ RunTime:0.000018s ]
INFO: Run Common\Behavior\InitHookBehavior [ RunTime:0.002747s ]
INFO: [ app_init ] --END-- [ RunTime:0.003501s ]
ERR: 无法加载模块:V[0]

[ 2017-07-09T10:38:48+08:00 ] 127.0.0.1 /v.path
INFO: [ app_init ] --START--
INFO: Run Behavior\BuildLiteBehavior [ RunTime:0.000017s ]
INFO: Run Common\Behavior\InitHookBehavior [ RunTime:0.002237s ]
INFO: [ app_init ] --END-- [ RunTime:0.002832s ]
ERR: 无法加载模块:V

[ 2017-07-09T10:39:20+08:00 ] 127.0.0.1 /v.path
INFO: [ app_init ] --START--
INFO: Run Behavior\BuildLiteBehavior [ RunTime:0.000024s ]
INFO: Run Common\Behavior\InitHookBehavior [ RunTime:0.003161s ]
INFO: [ app_init ] --END-- [ RunTime:0.003924s ]
ERR: 无法加载模块:V

[ 2017-07-09T10:40:22+08:00 ] 127.0.0.1 /v.path
INFO: [ app_init ] --START--
INFO: Run Behavior\BuildLiteBehavior [ RunTime:0.000018s ]
INFO: Run Common\Behavior\InitHookBehavior [ RunTime:0.002759s ]
INFO: [ app_init ] --END-- [ RunTime:0.003408s ]
ERR: 无法加载模块:V

[ 2017-07-09T10:41:43+08:00 ] 127.0.0.1 /v.path
INFO: [ app_init ] --START--
INFO: Run Behavior\BuildLiteBehavior [ RunTime:0.000022s ]
INFO: Run Common\Behavior\InitHookBehavior [ RunTime:0.002385s ]
INFO: [ app_init ] --END-- [ RunTime:0.003207s ]
ERR: 无法加载模块:V

[ 2017-07-09T10:41:48+08:00 ] 127.0.0.1 /v.path
INFO: [ app_init ] --START--
INFO: Run Behavior\BuildLiteBehavior [ RunTime:0.000028s ]
INFO: Run Common\Behavior\InitHookBehavior [ RunTime:0.002618s ]
INFO: [ app_init ] --END-- [ RunTime:0.003542s ]
ERR: 无法加载模块:V

[ 2017-07-09T10:43:36+08:00 ] 127.0.0.1 /null
INFO: [ app_init ] --START--
INFO: Run Behavior\BuildLiteBehavior [ RunTime:0.000026s ]
INFO: Run Common\Behavior\InitHookBehavior [ RunTime:0.002563s ]
INFO: [ app_init ] --END-- [ RunTime:0.003473s ]
ERR: 无法加载模块:Null

[ 2017-07-09T10:46:01+08:00 ] 127.0.0.1 /null
INFO: [ app_init ] --START--
INFO: Run Behavior\BuildLiteBehavior [ RunTime:0.000018s ]
INFO: Run Common\Behavior\InitHookBehavior [ RunTime:0.004213s ]
INFO: [ app_init ] --END-- [ RunTime:0.004807s ]
ERR: 无法加载模块:Null

[ 2017-07-09T10:50:34+08:00 ] 127.0.0.1 /undefined
INFO: [ app_init ] --START--
INFO: Run Behavior\BuildLiteBehavior [ RunTime:0.000027s ]
INFO: Run Common\Behavior\InitHookBehavior [ RunTime:0.003580s ]
INFO: [ app_init ] --END-- [ RunTime:0.004508s ]
ERR: 无法加载模块:Undefined

[ 2017-07-09T10:52:40+08:00 ] 127.0.0.1 /undefined
INFO: [ app_init ] --START--
INFO: Run Behavior\BuildLiteBehavior [ RunTime:0.000020s ]
INFO: Run Common\Behavior\InitHookBehavior [ RunTime:0.002489s ]
INFO: [ app_init ] --END-- [ RunTime:0.003145s ]
ERR: 无法加载模块:Undefined

[ 2017-07-09T10:53:18+08:00 ] 127.0.0.1 /undefined
INFO: [ app_init ] --START--
INFO: Run Behavior\BuildLiteBehavior [ RunTime:0.000018s ]
INFO: Run Common\Behavior\InitHookBehavior [ RunTime:0.002258s ]
INFO: [ app_init ] --END-- [ RunTime:0.002858s ]
ERR: 无法加载模块:Undefined

[ 2017-07-09T10:53:45+08:00 ] 127.0.0.1 /undefined
INFO: [ app_init ] --START--
INFO: Run Behavior\BuildLiteBehavior [ RunTime:0.000031s ]
INFO: Run Common\Behavior\InitHookBehavior [ RunTime:0.003856s ]
INFO: [ app_init ] --END-- [ RunTime:0.004992s ]
ERR: 无法加载模块:Undefined

[ 2017-07-09T10:53:48+08:00 ] 127.0.0.1 /undefined
INFO: [ app_init ] --START--
INFO: Run Behavior\BuildLiteBehavior [ RunTime:0.000025s ]
INFO: Run Common\Behavior\InitHookBehavior [ RunTime:0.002892s ]
INFO: [ app_init ] --END-- [ RunTime:0.003575s ]
ERR: 无法加载模块:Undefined

[ 2017-07-09T10:54:11+08:00 ] 127.0.0.1 /undefined
INFO: [ app_init ] --START--
INFO: Run Behavior\BuildLiteBehavior [ RunTime:0.000018s ]
INFO: Run Common\Behavior\InitHookBehavior [ RunTime:0.005000s ]
INFO: [ app_init ] --END-- [ RunTime:0.005640s ]
ERR: 无法加载模块:Undefined

[ 2017-07-09T10:54:20+08:00 ] 127.0.0.1 /undefined
INFO: [ app_init ] --START--
INFO: Run Behavior\BuildLiteBehavior [ RunTime:0.000020s ]
INFO: Run Common\Behavior\InitHookBehavior [ RunTime:0.002349s ]
INFO: [ app_init ] --END-- [ RunTime:0.002981s ]
ERR: 无法加载模块:Undefined

[ 2017-07-09T10:54:53+08:00 ] 127.0.0.1 /undefined
INFO: [ app_init ] --START--
INFO: Run Behavior\BuildLiteBehavior [ RunTime:0.000019s ]
INFO: Run Common\Behavior\InitHookBehavior [ RunTime:0.003735s ]
INFO: [ app_init ] --END-- [ RunTime:0.004515s ]
ERR: 无法加载模块:Undefined

[ 2017-07-09T10:55:31+08:00 ] 127.0.0.1 /undefined
INFO: [ app_init ] --START--
INFO: Run Behavior\BuildLiteBehavior [ RunTime:0.000020s ]
INFO: Run Common\Behavior\InitHookBehavior [ RunTime:0.002681s ]
INFO: [ app_init ] --END-- [ RunTime:0.003333s ]
ERR: 无法加载模块:Undefined

[ 2017-07-09T10:56:17+08:00 ] 127.0.0.1 /undefined
INFO: [ app_init ] --START--
INFO: Run Behavior\BuildLiteBehavior [ RunTime:0.000020s ]
INFO: Run Common\Behavior\InitHookBehavior [ RunTime:0.002718s ]
INFO: [ app_init ] --END-- [ RunTime:0.003384s ]
ERR: 无法加载模块:Undefined

[ 2017-07-09T10:56:37+08:00 ] 127.0.0.1 /undefined
INFO: [ app_init ] --START--
INFO: Run Behavior\BuildLiteBehavior [ RunTime:0.000018s ]
INFO: Run Common\Behavior\InitHookBehavior [ RunTime:0.002290s ]
INFO: [ app_init ] --END-- [ RunTime:0.002903s ]
ERR: 无法加载模块:Undefined

[ 2017-07-09T11:01:52+08:00 ] 127.0.0.1 /undefined
INFO: [ app_init ] --START--
INFO: Run Behavior\BuildLiteBehavior [ RunTime:0.000019s ]
INFO: Run Common\Behavior\InitHookBehavior [ RunTime:0.002623s ]
INFO: [ app_init ] --END-- [ RunTime:0.003335s ]
ERR: 无法加载模块:Undefined

[ 2017-07-09T15:45:31+08:00 ] 127.0.0.1 /favicon.ico
INFO: [ app_init ] --START--
INFO: Run Behavior\BuildLiteBehavior [ RunTime:0.000020s ]
INFO: Run Common\Behavior\InitHookBehavior [ RunTime:0.002503s ]
INFO: [ app_init ] --END-- [ RunTime:0.003169s ]

[ 2017-07-09T15:51:15+08:00 ] 127.0.0.1 /favicon.ico
INFO: [ app_init ] --START--
INFO: Run Behavior\BuildLiteBehavior [ RunTime:0.000017s ]
INFO: Run Common\Behavior\InitHookBehavior [ RunTime:0.002341s ]
INFO: [ app_init ] --END-- [ RunTime:0.002942s ]

[ 2017-07-09T18:01:55+08:00 ] 127.0.0.1 /Public/Wchat/bootstrap/css/bootstrap.min.css
INFO: [ app_init ] --START--
INFO: Run Behavior\BuildLiteBehavior [ RunTime:0.000026s ]
INFO: Run Common\Behavior\InitHookBehavior [ RunTime:0.003558s ]
INFO: [ app_init ] --END-- [ RunTime:0.004488s ]
ERR: 无法加载模块:Public

[ 2017-07-09T18:01:55+08:00 ] 127.0.0.1 /Public/Wchat/css/style.css
INFO: [ app_init ] --START--
INFO: Run Behavior\BuildLiteBehavior [ RunTime:0.000030s ]
INFO: Run Common\Behavior\InitHookBehavior [ RunTime:0.024420s ]
INFO: [ app_init ] --END-- [ RunTime:0.026924s ]
ERR: 无法加载模块:Public

[ 2017-07-09T18:01:55+08:00 ] 127.0.0.1 /Public/Wchat/js/jquery-1.11.2.min.js
INFO: [ app_init ] --START--
INFO: Run Behavior\BuildLiteBehavior [ RunTime:0.000029s ]
INFO: Run Common\Behavior\InitHookBehavior [ RunTime:0.017446s ]
INFO: [ app_init ] --END-- [ RunTime:0.018906s ]
ERR: 无法加载模块:Public

[ 2017-07-09T18:01:56+08:00 ] 127.0.0.1 /Public/Wchat/bootstrap/js/bootstrap.min.js
INFO: [ app_init ] --START--
INFO: Run Behavior\BuildLiteBehavior [ RunTime:0.000027s ]
INFO: Run Common\Behavior\InitHookBehavior [ RunTime:0.005252s ]
INFO: [ app_init ] --END-- [ RunTime:0.006360s ]
ERR: 无法加载模块:Public

[ 2017-07-09T18:01:56+08:00 ] 127.0.0.1 /Wchat/verify.html
INFO: [ app_init ] --START--
INFO: Run Behavior\BuildLiteBehavior [ RunTime:0.000025s ]
INFO: Run Common\Behavior\InitHookBehavior [ RunTime:0.005059s ]
INFO: [ app_init ] --END-- [ RunTime:0.006263s ]
ERR: 无法加载模块:Wchat

[ 2017-07-09T18:03:22+08:00 ] 127.0.0.1 /Wchat/verify.html
INFO: [ app_init ] --START--
INFO: Run Behavior\BuildLiteBehavior [ RunTime:0.000023s ]
INFO: Run Common\Behavior\InitHookBehavior [ RunTime:0.003354s ]
INFO: [ app_init ] --END-- [ RunTime:0.004138s ]
ERR: 无法加载模块:Wchat

[ 2017-07-09T18:03:22+08:00 ] 127.0.0.1 /Public/Wechat/js/jquery-1.11.2.min.js
INFO: [ app_init ] --START--
INFO: Run Behavior\BuildLiteBehavior [ RunTime:0.000027s ]
INFO: Run Common\Behavior\InitHookBehavior [ RunTime:0.004877s ]
INFO: [ app_init ] --END-- [ RunTime:0.005911s ]
ERR: 无法加载模块:Public

[ 2017-07-09T18:04:06+08:00 ] 127.0.0.1 /Public/Wechat/verify.html
INFO: [ app_init ] --START--
INFO: Run Behavior\BuildLiteBehavior [ RunTime:0.000028s ]
INFO: Run Common\Behavior\InitHookBehavior [ RunTime:0.004825s ]
INFO: [ app_init ] --END-- [ RunTime:0.005801s ]
ERR: 无法加载模块:Public

[ 2017-07-09T18:04:06+08:00 ] 127.0.0.1 /Public/Wechat/js/jquery-1.11.2.min.js
INFO: [ app_init ] --START--
INFO: Run Behavior\BuildLiteBehavior [ RunTime:0.000027s ]
INFO: Run Common\Behavior\InitHookBehavior [ RunTime:0.011964s ]
INFO: [ app_init ] --END-- [ RunTime:0.013179s ]
ERR: 无法加载模块:Public

[ 2017-07-09T18:18:45+08:00 ] 127.0.0.1 /Public/Wechat/js/jquery-1.11.2.min.js
INFO: [ app_init ] --START--
INFO: Run Behavior\BuildLiteBehavior [ RunTime:0.000031s ]
INFO: Run Common\Behavior\InitHookBehavior [ RunTime:0.010128s ]
INFO: [ app_init ] --END-- [ RunTime:0.011317s ]
ERR: 无法加载模块:Public

[ 2017-07-09T18:18:49+08:00 ] 127.0.0.1 /Public/Wechat/js/jquery-1.11.2.min.js
INFO: [ app_init ] --START--
INFO: Run Behavior\BuildLiteBehavior [ RunTime:0.000023s ]
INFO: Run Common\Behavior\InitHookBehavior [ RunTime:0.005939s ]
INFO: [ app_init ] --END-- [ RunTime:0.006886s ]
ERR: 无法加载模块:Public

[ 2017-07-09T18:19:00+08:00 ] 127.0.0.1 /Public/Wechat/js/jquery-1.11.2.min.js
INFO: [ app_init ] --START--
INFO: Run Behavior\BuildLiteBehavior [ RunTime:0.000026s ]
INFO: Run Common\Behavior\InitHookBehavior [ RunTime:0.019530s ]
INFO: [ app_init ] --END-- [ RunTime:0.026637s ]
ERR: 无法加载模块:Public

[ 2017-07-09T18:22:55+08:00 ] 127.0.0.1 /online.html
INFO: [ app_init ] --START--
INFO: Run Behavior\BuildLiteBehavior [ RunTime:0.000018s ]
INFO: Run Common\Behavior\InitHookBehavior [ RunTime:0.003086s ]
INFO: [ app_init ] --END-- [ RunTime:0.003890s ]
ERR: 无法加载模块:Online

[ 2017-07-09T18:45:28+08:00 ] 127.0.0.1 /Public/Wechat/js/jquery-1.11.2.min.js
INFO: [ app_init ] --START--
INFO: Run Behavior\BuildLiteBehavior [ RunTime:0.000030s ]
INFO: Run Common\Behavior\InitHookBehavior [ RunTime:0.006239s ]
INFO: [ app_init ] --END-- [ RunTime:0.009834s ]
ERR: 无法加载模块:Public

[ 2017-07-09T18:45:29+08:00 ] 127.0.0.1 /Public/Wechat/js/jquery-1.11.2.min.js
INFO: [ app_init ] --START--
INFO: Run Behavior\BuildLiteBehavior [ RunTime:0.000024s ]
INFO: Run Common\Behavior\InitHookBehavior [ RunTime:0.003522s ]
INFO: [ app_init ] --END-- [ RunTime:0.004541s ]
ERR: 无法加载模块:Public

[ 2017-07-09T18:45:30+08:00 ] 127.0.0.1 /Public/Wechat/js/jquery-1.11.2.min.js
INFO: [ app_init ] --START--
INFO: Run Behavior\BuildLiteBehavior [ RunTime:0.000037s ]
INFO: Run Common\Behavior\InitHookBehavior [ RunTime:0.004312s ]
INFO: [ app_init ] --END-- [ RunTime:0.006202s ]
ERR: 无法加载模块:Public

[ 2017-07-09T18:47:41+08:00 ] 127.0.0.1 /Public/Wechat/js/jquery-1.11.2.min.js
INFO: [ app_init ] --START--
INFO: Run Behavior\BuildLiteBehavior [ RunTime:0.000035s ]
INFO: Run Common\Behavior\InitHookBehavior [ RunTime:0.003755s ]
INFO: [ app_init ] --END-- [ RunTime:0.004808s ]
ERR: 无法加载模块:Public

[ 2017-07-09T19:08:04+08:00 ] 127.0.0.1 /Public/Wechat/js/jquery-1.11.2.min.js
INFO: [ app_init ] --START--
INFO: Run Behavior\BuildLiteBehavior [ RunTime:0.000027s ]
INFO: Run Common\Behavior\InitHookBehavior [ RunTime:0.003587s ]
INFO: [ app_init ] --END-- [ RunTime:0.004458s ]
ERR: 无法加载模块:Public

[ 2017-07-09T19:30:27+08:00 ] 127.0.0.1 /Public/Wechat/js/jquery-1.11.2.min.js
INFO: [ app_init ] --START--
INFO: Run Behavior\BuildLiteBehavior [ RunTime:0.000025s ]
INFO: Run Common\Behavior\InitHookBehavior [ RunTime:0.003528s ]
INFO: [ app_init ] --END-- [ RunTime:0.004418s ]
ERR: 无法加载模块:Public

[ 2017-07-09T19:30:55+08:00 ] 127.0.0.1 /Public/Wechat//js/jquery-1.11.2.min.js
INFO: [ app_init ] --START--
INFO: Run Behavior\BuildLiteBehavior [ RunTime:0.000025s ]
INFO: Run Common\Behavior\InitHookBehavior [ RunTime:0.003126s ]
INFO: [ app_init ] --END-- [ RunTime:0.004293s ]
ERR: 无法加载模块:Public

[ 2017-07-09T19:30:55+08:00 ] 127.0.0.1 /Wchat/verify.html
INFO: [ app_init ] --START--
INFO: Run Behavior\BuildLiteBehavior [ RunTime:0.000023s ]
INFO: Run Common\Behavior\InitHookBehavior [ RunTime:0.007681s ]
INFO: [ app_init ] --END-- [ RunTime:0.008508s ]
ERR: 无法加载模块:Wchat

[ 2017-07-09T19:46:09+08:00 ] 127.0.0.1 /Public/Wechat//js/jquery-1.11.2.min.js
INFO: [ app_init ] --START--
INFO: Run Behavior\BuildLiteBehavior [ RunTime:0.000031s ]
INFO: Run Common\Behavior\InitHookBehavior [ RunTime:0.003522s ]
INFO: [ app_init ] --END-- [ RunTime:0.004555s ]
ERR: 无法加载模块:Public

[ 2017-07-09T19:46:09+08:00 ] 127.0.0.1 /Wchat/verify.html
INFO: [ app_init ] --START--
INFO: Run Behavior\BuildLiteBehavior [ RunTime:0.000028s ]
INFO: Run Common\Behavior\InitHookBehavior [ RunTime:0.008015s ]
INFO: [ app_init ] --END-- [ RunTime:0.009155s ]
ERR: 无法加载模块:Wchat

[ 2017-07-09T19:46:10+08:00 ] 127.0.0.1 /Wchat/verify.html
INFO: [ app_init ] --START--
INFO: Run Behavior\BuildLiteBehavior [ RunTime:0.000025s ]
INFO: Run Common\Behavior\InitHookBehavior [ RunTime:0.003621s ]
INFO: [ app_init ] --END-- [ RunTime:0.004603s ]
ERR: 无法加载模块:Wchat

[ 2017-07-09T19:46:10+08:00 ] 127.0.0.1 /Public/Wechat//js/jquery-1.11.2.min.js
INFO: [ app_init ] --START--
INFO: Run Behavior\BuildLiteBehavior [ RunTime:0.000024s ]
INFO: Run Common\Behavior\InitHookBehavior [ RunTime:0.003712s ]
INFO: [ app_init ] --END-- [ RunTime:0.004569s ]
ERR: 无法加载模块:Public

[ 2017-07-09T19:46:11+08:00 ] 127.0.0.1 /wchat.php?s=/Wchat/verify.html
INFO: [ app_init ] --START--
INFO: Run Behavior\BuildLiteBehavior [ RunTime:0.000033s ]
INFO: Run Common\Behavior\InitHookBehavior [ RunTime:0.004645s ]
INFO: [ app_init ] --END-- [ RunTime:0.006061s ]
ERR: 无法加载模块:Wchat

[ 2017-07-09T19:46:32+08:00 ] 127.0.0.1 /wchat.php?s=/Wchat/verify.html
INFO: [ app_init ] --START--
INFO: Run Behavior\BuildLiteBehavior [ RunTime:0.000026s ]
INFO: Run Common\Behavior\InitHookBehavior [ RunTime:0.003354s ]
INFO: [ app_init ] --END-- [ RunTime:0.004256s ]
ERR: 无法加载模块:Wchat

[ 2017-07-09T19:46:32+08:00 ] 127.0.0.1 /wchat.php?s=/Wchat/verify.html
INFO: [ app_init ] --START--
INFO: Run Behavior\BuildLiteBehavior [ RunTime:0.000017s ]
INFO: Run Common\Behavior\InitHookBehavior [ RunTime:0.002471s ]
INFO: [ app_init ] --END-- [ RunTime:0.003070s ]
ERR: 无法加载模块:Wchat

[ 2017-07-09T19:46:32+08:00 ] 127.0.0.1 /wchat.php?s=/Wchat/verify.html
INFO: [ app_init ] --START--
INFO: Run Behavior\BuildLiteBehavior [ RunTime:0.000018s ]
INFO: Run Common\Behavior\InitHookBehavior [ RunTime:0.002234s ]
INFO: [ app_init ] --END-- [ RunTime:0.002853s ]
ERR: 无法加载模块:Wchat

[ 2017-07-09T19:46:33+08:00 ] 127.0.0.1 /wchat.php?s=/Wchat/verify.html
INFO: [ app_init ] --START--
INFO: Run Behavior\BuildLiteBehavior [ RunTime:0.000030s ]
INFO: Run Common\Behavior\InitHookBehavior [ RunTime:0.002974s ]
INFO: [ app_init ] --END-- [ RunTime:0.003967s ]
ERR: 无法加载模块:Wchat

[ 2017-07-09T19:46:33+08:00 ] 127.0.0.1 /wchat.php?s=/Wchat/verify.html
INFO: [ app_init ] --START--
INFO: Run Behavior\BuildLiteBehavior [ RunTime:0.000022s ]
INFO: Run Common\Behavior\InitHookBehavior [ RunTime:0.002449s ]
INFO: [ app_init ] --END-- [ RunTime:0.003143s ]
ERR: 无法加载模块:Wchat

[ 2017-07-09T19:46:33+08:00 ] 127.0.0.1 /wchat.php?s=/Wchat/verify.html
INFO: [ app_init ] --START--
INFO: Run Behavior\BuildLiteBehavior [ RunTime:0.000029s ]
INFO: Run Common\Behavior\InitHookBehavior [ RunTime:0.003049s ]
INFO: [ app_init ] --END-- [ RunTime:0.003783s ]
ERR: 无法加载模块:Wchat

[ 2017-07-09T19:46:33+08:00 ] 127.0.0.1 /wchat.php?s=/Wchat/verify.html
INFO: [ app_init ] --START--
INFO: Run Behavior\BuildLiteBehavior [ RunTime:0.000022s ]
INFO: Run Common\Behavior\InitHookBehavior [ RunTime:0.002493s ]
INFO: [ app_init ] --END-- [ RunTime:0.003224s ]
ERR: 无法加载模块:Wchat

[ 2017-07-09T19:46:33+08:00 ] 127.0.0.1 /wchat.php?s=/Wchat/verify.html
INFO: [ app_init ] --START--
INFO: Run Behavior\BuildLiteBehavior [ RunTime:0.000017s ]
INFO: Run Common\Behavior\InitHookBehavior [ RunTime:0.002308s ]
INFO: [ app_init ] --END-- [ RunTime:0.002997s ]
ERR: 无法加载模块:Wchat

[ 2017-07-09T19:46:34+08:00 ] 127.0.0.1 /wchat.php?s=/Wchat/verify.html
INFO: [ app_init ] --START--
INFO: Run Behavior\BuildLiteBehavior [ RunTime:0.000024s ]
INFO: Run Common\Behavior\InitHookBehavior [ RunTime:0.003212s ]
INFO: [ app_init ] --END-- [ RunTime:0.004045s ]
ERR: 无法加载模块:Wchat

[ 2017-07-09T19:46:34+08:00 ] 127.0.0.1 /wchat.php?s=/Wchat/verify.html
INFO: [ app_init ] --START--
INFO: Run Behavior\BuildLiteBehavior [ RunTime:0.000027s ]
INFO: Run Common\Behavior\InitHookBehavior [ RunTime:0.002989s ]
INFO: [ app_init ] --END-- [ RunTime:0.003968s ]
ERR: 无法加载模块:Wchat

[ 2017-07-09T19:46:34+08:00 ] 127.0.0.1 /wchat.php?s=/Wchat/verify.html
INFO: [ app_init ] --START--
INFO: Run Behavior\BuildLiteBehavior [ RunTime:0.000025s ]
INFO: Run Common\Behavior\InitHookBehavior [ RunTime:0.003039s ]
INFO: [ app_init ] --END-- [ RunTime:0.003795s ]
ERR: 无法加载模块:Wchat

[ 2017-07-09T19:46:34+08:00 ] 127.0.0.1 /wchat.php?s=/Wchat/verify.html
INFO: [ app_init ] --START--
INFO: Run Behavior\BuildLiteBehavior [ RunTime:0.000018s ]
INFO: Run Common\Behavior\InitHookBehavior [ RunTime:0.002550s ]
INFO: [ app_init ] --END-- [ RunTime:0.003253s ]
ERR: 无法加载模块:Wchat

[ 2017-07-09T19:46:34+08:00 ] 127.0.0.1 /wchat.php?s=/Wchat/verify.html
INFO: [ app_init ] --START--
INFO: Run Behavior\BuildLiteBehavior [ RunTime:0.000018s ]
INFO: Run Common\Behavior\InitHookBehavior [ RunTime:0.002463s ]
INFO: [ app_init ] --END-- [ RunTime:0.003088s ]
ERR: 无法加载模块:Wchat

[ 2017-07-09T19:46:35+08:00 ] 127.0.0.1 /wchat.php?s=/Wchat/verify.html
INFO: [ app_init ] --START--
INFO: Run Behavior\BuildLiteBehavior [ RunTime:0.000024s ]
INFO: Run Common\Behavior\InitHookBehavior [ RunTime:0.002607s ]
INFO: [ app_init ] --END-- [ RunTime:0.003376s ]
ERR: 无法加载模块:Wchat

[ 2017-07-09T19:46:35+08:00 ] 127.0.0.1 /wchat.php?s=/Wchat/verify.html
INFO: [ app_init ] --START--
INFO: Run Behavior\BuildLiteBehavior [ RunTime:0.000018s ]
INFO: Run Common\Behavior\InitHookBehavior [ RunTime:0.002250s ]
INFO: [ app_init ] --END-- [ RunTime:0.002873s ]
ERR: 无法加载模块:Wchat

[ 2017-07-09T19:46:35+08:00 ] 127.0.0.1 /wchat.php?s=/Wchat/verify.html
INFO: [ app_init ] --START--
INFO: Run Behavior\BuildLiteBehavior [ RunTime:0.000023s ]
INFO: Run Common\Behavior\InitHookBehavior [ RunTime:0.002933s ]
INFO: [ app_init ] --END-- [ RunTime:0.003688s ]
ERR: 无法加载模块:Wchat

[ 2017-07-09T19:46:35+08:00 ] 127.0.0.1 /wchat.php?s=/Wchat/verify.html
INFO: [ app_init ] --START--
INFO: Run Behavior\BuildLiteBehavior [ RunTime:0.000023s ]
INFO: Run Common\Behavior\InitHookBehavior [ RunTime:0.003016s ]
INFO: [ app_init ] --END-- [ RunTime:0.003800s ]
ERR: 无法加载模块:Wchat

[ 2017-07-09T19:46:35+08:00 ] 127.0.0.1 /wchat.php?s=/Wchat/verify.html
INFO: [ app_init ] --START--
INFO: Run Behavior\BuildLiteBehavior [ RunTime:0.000016s ]
INFO: Run Common\Behavior\InitHookBehavior [ RunTime:0.002219s ]
INFO: [ app_init ] --END-- [ RunTime:0.002804s ]
ERR: 无法加载模块:Wchat

[ 2017-07-09T19:46:36+08:00 ] 127.0.0.1 /wchat.php?s=/Wchat/verify.html
INFO: [ app_init ] --START--
INFO: Run Behavior\BuildLiteBehavior [ RunTime:0.000023s ]
INFO: Run Common\Behavior\InitHookBehavior [ RunTime:0.002652s ]
INFO: [ app_init ] --END-- [ RunTime:0.003424s ]
ERR: 无法加载模块:Wchat

[ 2017-07-09T19:46:36+08:00 ] 127.0.0.1 /wchat.php?s=/Wchat/verify.html
INFO: [ app_init ] --START--
INFO: Run Behavior\BuildLiteBehavior [ RunTime:0.000022s ]
INFO: Run Common\Behavior\InitHookBehavior [ RunTime:0.002441s ]
INFO: [ app_init ] --END-- [ RunTime:0.003222s ]
ERR: 无法加载模块:Wchat

[ 2017-07-09T19:46:36+08:00 ] 127.0.0.1 /wchat.php?s=/Wchat/verify.html
INFO: [ app_init ] --START--
INFO: Run Behavior\BuildLiteBehavior [ RunTime:0.000025s ]
INFO: Run Common\Behavior\InitHookBehavior [ RunTime:0.002977s ]
INFO: [ app_init ] --END-- [ RunTime:0.003845s ]
ERR: 无法加载模块:Wchat

[ 2017-07-09T19:46:36+08:00 ] 127.0.0.1 /wchat.php?s=/Wchat/verify.html
INFO: [ app_init ] --START--
INFO: Run Behavior\BuildLiteBehavior [ RunTime:0.000028s ]
INFO: Run Common\Behavior\InitHookBehavior [ RunTime:0.002425s ]
INFO: [ app_init ] --END-- [ RunTime:0.003262s ]
ERR: 无法加载模块:Wchat

[ 2017-07-09T19:46:37+08:00 ] 127.0.0.1 /wchat.php?s=/Wchat/verify.html
INFO: [ app_init ] --START--
INFO: Run Behavior\BuildLiteBehavior [ RunTime:0.000021s ]
INFO: Run Common\Behavior\InitHookBehavior [ RunTime:0.002664s ]
INFO: [ app_init ] --END-- [ RunTime:0.003367s ]
ERR: 无法加载模块:Wchat

[ 2017-07-09T19:46:37+08:00 ] 127.0.0.1 /wchat.php?s=/Wchat/verify.html
INFO: [ app_init ] --START--
INFO: Run Behavior\BuildLiteBehavior [ RunTime:0.000018s ]
INFO: Run Common\Behavior\InitHookBehavior [ RunTime:0.002491s ]
INFO: [ app_init ] --END-- [ RunTime:0.003136s ]
ERR: 无法加载模块:Wchat

[ 2017-07-09T19:46:37+08:00 ] 127.0.0.1 /wchat.php?s=/Wchat/verify.html
INFO: [ app_init ] --START--
INFO: Run Behavior\BuildLiteBehavior [ RunTime:0.000029s ]
INFO: Run Common\Behavior\InitHookBehavior [ RunTime:0.003272s ]
INFO: [ app_init ] --END-- [ RunTime:0.004126s ]
ERR: 无法加载模块:Wchat

[ 2017-07-09T19:46:37+08:00 ] 127.0.0.1 /wchat.php?s=/Wchat/verify.html
INFO: [ app_init ] --START--
INFO: Run Behavior\BuildLiteBehavior [ RunTime:0.000017s ]
INFO: Run Common\Behavior\InitHookBehavior [ RunTime:0.002260s ]
INFO: [ app_init ] --END-- [ RunTime:0.002866s ]
ERR: 无法加载模块:Wchat

[ 2017-07-09T19:46:38+08:00 ] 127.0.0.1 /wchat.php?s=/Wchat/verify.html
INFO: [ app_init ] --START--
INFO: Run Behavior\BuildLiteBehavior [ RunTime:0.000026s ]
INFO: Run Common\Behavior\InitHookBehavior [ RunTime:0.002813s ]
INFO: [ app_init ] --END-- [ RunTime:0.003479s ]
ERR: 无法加载模块:Wchat

[ 2017-07-09T19:46:38+08:00 ] 127.0.0.1 /wchat.php?s=/Wchat/verify.html
INFO: [ app_init ] --START--
INFO: Run Behavior\BuildLiteBehavior [ RunTime:0.000025s ]
INFO: Run Common\Behavior\InitHookBehavior [ RunTime:0.002688s ]
INFO: [ app_init ] --END-- [ RunTime:0.003571s ]
ERR: 无法加载模块:Wchat

[ 2017-07-09T20:34:32+08:00 ] 127.0.0.1 /Public/Wechat/js/jquery-1.11.2.min.js
INFO: [ app_init ] --START--
INFO: Run Behavior\BuildLiteBehavior [ RunTime:0.000031s ]
INFO: Run Common\Behavior\InitHookBehavior [ RunTime:0.003574s ]
INFO: [ app_init ] --END-- [ RunTime:0.012503s ]
ERR: 无法加载模块:Public

[ 2017-07-09T20:34:32+08:00 ] 127.0.0.1 /Wchat/verify.html
INFO: [ app_init ] --START--
INFO: Run Behavior\BuildLiteBehavior [ RunTime:0.000027s ]
INFO: Run Common\Behavior\InitHookBehavior [ RunTime:0.006992s ]
INFO: [ app_init ] --END-- [ RunTime:0.008065s ]
ERR: 无法加载模块:Wchat

[ 2017-07-09T20:34:37+08:00 ] 127.0.0.1 /wchat.php?s=/Wchat/verify.html
INFO: [ app_init ] --START--
INFO: Run Behavior\BuildLiteBehavior [ RunTime:0.000028s ]
INFO: Run Common\Behavior\InitHookBehavior [ RunTime:0.003273s ]
INFO: [ app_init ] --END-- [ RunTime:0.004169s ]
ERR: 无法加载模块:Wchat

[ 2017-07-09T20:35:08+08:00 ] 127.0.0.1 /Public/Wechat/js/jquery-1.11.2.min.js
INFO: [ app_init ] --START--
INFO: Run Behavior\BuildLiteBehavior [ RunTime:0.000026s ]
INFO: Run Common\Behavior\InitHookBehavior [ RunTime:0.003927s ]
INFO: [ app_init ] --END-- [ RunTime:0.004852s ]
ERR: 无法加载模块:Public

[ 2017-07-09T20:37:01+08:00 ] 127.0.0.1 /Public/Wechat/js/jquery-1.11.2.min.js
INFO: [ app_init ] --START--
INFO: Run Behavior\BuildLiteBehavior [ RunTime:0.000027s ]
INFO: Run Common\Behavior\InitHookBehavior [ RunTime:0.012248s ]
INFO: [ app_init ] --END-- [ RunTime:0.013236s ]
ERR: 无法加载模块:Public

[ 2017-07-09T20:38:03+08:00 ] 127.0.0.1 /Public/Wechat/js/jquery-1.11.2.min.js
INFO: [ app_init ] --START--
INFO: Run Behavior\BuildLiteBehavior [ RunTime:0.000028s ]
INFO: Run Common\Behavior\InitHookBehavior [ RunTime:0.024138s ]
INFO: [ app_init ] --END-- [ RunTime:0.025186s ]
ERR: 无法加载模块:Public

[ 2017-07-09T20:38:04+08:00 ] 127.0.0.1 /Public/Wechat/js/jquery-1.11.2.min.js
INFO: [ app_init ] --START--
INFO: Run Behavior\BuildLiteBehavior [ RunTime:0.000025s ]
INFO: Run Common\Behavior\InitHookBehavior [ RunTime:0.003488s ]
INFO: [ app_init ] --END-- [ RunTime:0.004400s ]
ERR: 无法加载模块:Public

[ 2017-07-09T21:23:21+08:00 ] 127.0.0.1 /logout.html
INFO: [ app_init ] --START--
INFO: Run Behavior\BuildLiteBehavior [ RunTime:0.000023s ]
INFO: Run Common\Behavior\InitHookBehavior [ RunTime:0.004704s ]
INFO: [ app_init ] --END-- [ RunTime:0.005543s ]
ERR: 无法加载模块:Logout

[ 2017-07-09T21:23:58+08:00 ] 127.0.0.1 /logout.html
INFO: [ app_init ] --START--
INFO: Run Behavior\BuildLiteBehavior [ RunTime:0.000029s ]
INFO: Run Common\Behavior\InitHookBehavior [ RunTime:0.010710s ]
INFO: [ app_init ] --END-- [ RunTime:0.012009s ]
ERR: 无法加载模块:Logout

[ 2017-07-09T21:24:01+08:00 ] 127.0.0.1 /logout.html
INFO: [ app_init ] --START--
INFO: Run Behavior\BuildLiteBehavior [ RunTime:0.000070s ]
INFO: Run Common\Behavior\InitHookBehavior [ RunTime:0.009863s ]
INFO: [ app_init ] --END-- [ RunTime:0.011774s ]
ERR: 无法加载模块:Logout

[ 2017-07-09T21:24:06+08:00 ] 127.0.0.1 /logout.html
INFO: [ app_init ] --START--
INFO: Run Behavior\BuildLiteBehavior [ RunTime:0.000028s ]
INFO: Run Common\Behavior\InitHookBehavior [ RunTime:0.003684s ]
INFO: [ app_init ] --END-- [ RunTime:0.004613s ]
ERR: 无法加载模块:Logout

[ 2017-07-09T21:24:06+08:00 ] 127.0.0.1 /logout.html
INFO: [ app_init ] --START--
INFO: Run Behavior\BuildLiteBehavior [ RunTime:0.000022s ]
INFO: Run Common\Behavior\InitHookBehavior [ RunTime:0.002634s ]
INFO: [ app_init ] --END-- [ RunTime:0.003340s ]
ERR: 无法加载模块:Logout

[ 2017-07-09T21:24:07+08:00 ] 127.0.0.1 /logout.html
INFO: [ app_init ] --START--
INFO: Run Behavior\BuildLiteBehavior [ RunTime:0.000061s ]
INFO: Run Common\Behavior\InitHookBehavior [ RunTime:0.003462s ]
INFO: [ app_init ] --END-- [ RunTime:0.004694s ]
ERR: 无法加载模块:Logout

[ 2017-07-09T21:24:08+08:00 ] 127.0.0.1 /logout.html
INFO: [ app_init ] --START--
INFO: Run Behavior\BuildLiteBehavior [ RunTime:0.000079s ]
INFO: Run Common\Behavior\InitHookBehavior [ RunTime:0.004240s ]
INFO: [ app_init ] --END-- [ RunTime:0.006099s ]
ERR: 无法加载模块:Logout

[ 2017-07-09T21:24:08+08:00 ] 127.0.0.1 /logout.html
INFO: [ app_init ] --START--
INFO: Run Behavior\BuildLiteBehavior [ RunTime:0.000026s ]
INFO: Run Common\Behavior\InitHookBehavior [ RunTime:0.005114s ]
INFO: [ app_init ] --END-- [ RunTime:0.006126s ]
ERR: 无法加载模块:Logout

