[ 2017-07-07T08:39:00+08:00 ] 127.0.0.1 /favicon.ico
INFO: [ app_init ] --START--
INFO: Run Behavior\BuildLiteBehavior [ RunTime:0.000016s ]
INFO: Run Common\Behavior\InitHookBehavior [ RunTime:0.002664s ]
INFO: [ app_init ] --END-- [ RunTime:0.003247s ]

[ 2017-07-07T08:58:36+08:00 ] 127.0.0.1 /favicon.ico
INFO: [ app_init ] --START--
INFO: Run Behavior\BuildLiteBehavior [ RunTime:0.000017s ]
INFO: Run Common\Behavior\InitHookBehavior [ RunTime:0.003836s ]
INFO: [ app_init ] --END-- [ RunTime:0.004498s ]

[ 2017-07-07T14:54:45+08:00 ] 127.0.0.1 /favicon.ico
INFO: [ app_init ] --START--
INFO: Run Behavior\BuildLiteBehavior [ RunTime:0.000020s ]
INFO: Run Common\Behavior\InitHookBehavior [ RunTime:0.003910s ]
INFO: [ app_init ] --END-- [ RunTime:0.004788s ]

[ 2017-07-07T14:56:10+08:00 ] 127.0.0.1 /bootstrap/css/bootstrap.min.css
INFO: [ app_init ] --START--
INFO: Run Behavior\BuildLiteBehavior [ RunTime:0.000112s ]
INFO: Run Common\Behavior\InitHookBehavior [ RunTime:0.004369s ]
INFO: [ app_init ] --END-- [ RunTime:0.005450s ]
ERR: 无法加载模块:Bootstrap

[ 2017-07-07T14:56:10+08:00 ] 127.0.0.1 /css/style.css
INFO: [ app_init ] --START--
INFO: Run Behavior\BuildLiteBehavior [ RunTime:0.000018s ]
INFO: Run Common\Behavior\InitHookBehavior [ RunTime:0.004457s ]
INFO: [ app_init ] --END-- [ RunTime:0.005230s ]
ERR: 无法加载模块:Css

[ 2017-07-07T14:56:10+08:00 ] 127.0.0.1 /jquery-1.11.2.min.js
INFO: [ app_init ] --START--
INFO: Run Behavior\BuildLiteBehavior [ RunTime:0.000019s ]
INFO: Run Common\Behavior\InitHookBehavior [ RunTime:0.005027s ]
INFO: [ app_init ] --END-- [ RunTime:0.005739s ]
ERR: 无法加载模块:Jquery-1.11.2.min

[ 2017-07-07T14:56:10+08:00 ] 127.0.0.1 /image/index.png
INFO: [ app_init ] --START--
INFO: Run Behavior\BuildLiteBehavior [ RunTime:0.000026s ]
INFO: Run Common\Behavior\InitHookBehavior [ RunTime:0.009523s ]
INFO: [ app_init ] --END-- [ RunTime:0.010893s ]

[ 2017-07-07T14:56:10+08:00 ] 127.0.0.1 /bootstrap/js/bootstrap.min.js
INFO: [ app_init ] --START--
INFO: Run Behavior\BuildLiteBehavior [ RunTime:0.000024s ]
INFO: Run Common\Behavior\InitHookBehavior [ RunTime:0.009352s ]
INFO: [ app_init ] --END-- [ RunTime:0.010782s ]
ERR: 无法加载模块:Bootstrap

[ 2017-07-07T14:59:44+08:00 ] 127.0.0.1 /css/style.css
INFO: [ app_init ] --START--
INFO: Run Behavior\BuildLiteBehavior [ RunTime:0.000017s ]
INFO: Run Common\Behavior\InitHookBehavior [ RunTime:0.003587s ]
INFO: [ app_init ] --END-- [ RunTime:0.004281s ]
ERR: 无法加载模块:Css

[ 2017-07-07T14:59:44+08:00 ] 127.0.0.1 /jquery-1.11.2.min.js
INFO: [ app_init ] --START--
INFO: Run Behavior\BuildLiteBehavior [ RunTime:0.000017s ]
INFO: Run Common\Behavior\InitHookBehavior [ RunTime:0.004292s ]
INFO: [ app_init ] --END-- [ RunTime:0.004975s ]
ERR: 无法加载模块:Jquery-1.11.2.min

[ 2017-07-07T14:59:45+08:00 ] 127.0.0.1 /bootstrap/js/bootstrap.min.js
INFO: [ app_init ] --START--
INFO: Run Behavior\BuildLiteBehavior [ RunTime:0.000019s ]
INFO: Run Common\Behavior\InitHookBehavior [ RunTime:0.004769s ]
INFO: [ app_init ] --END-- [ RunTime:0.005716s ]
ERR: 无法加载模块:Bootstrap

[ 2017-07-07T14:59:45+08:00 ] 127.0.0.1 /image/index.png
INFO: [ app_init ] --START--
INFO: Run Behavior\BuildLiteBehavior [ RunTime:0.000022s ]
INFO: Run Common\Behavior\InitHookBehavior [ RunTime:0.003496s ]
INFO: [ app_init ] --END-- [ RunTime:0.004555s ]

[ 2017-07-07T15:01:30+08:00 ] 127.0.0.1 /Public/static/css/style.css
INFO: [ app_init ] --START--
INFO: Run Behavior\BuildLiteBehavior [ RunTime:0.000031s ]
INFO: Run Common\Behavior\InitHookBehavior [ RunTime:0.003537s ]
INFO: [ app_init ] --END-- [ RunTime:0.005023s ]
ERR: 无法加载模块:Public

[ 2017-07-07T15:01:30+08:00 ] 127.0.0.1 /Public/static/jquery-1.11.2.min.js
INFO: [ app_init ] --START--
INFO: Run Behavior\BuildLiteBehavior [ RunTime:0.000028s ]
INFO: Run Common\Behavior\InitHookBehavior [ RunTime:0.005894s ]
INFO: [ app_init ] --END-- [ RunTime:0.007240s ]
ERR: 无法加载模块:Public

[ 2017-07-07T15:01:30+08:00 ] 127.0.0.1 /image/index.png
INFO: [ app_init ] --START--
INFO: Run Behavior\BuildLiteBehavior [ RunTime:0.000018s ]
INFO: Run Common\Behavior\InitHookBehavior [ RunTime:0.002298s ]
INFO: [ app_init ] --END-- [ RunTime:0.002934s ]

[ 2017-07-07T15:01:30+08:00 ] 127.0.0.1 /Public/static/css/style.css
INFO: [ app_init ] --START--
INFO: Run Behavior\BuildLiteBehavior [ RunTime:0.000026s ]
INFO: Run Common\Behavior\InitHookBehavior [ RunTime:0.004219s ]
INFO: [ app_init ] --END-- [ RunTime:0.005097s ]
ERR: 无法加载模块:Public

[ 2017-07-07T15:01:30+08:00 ] 127.0.0.1 /image/index.png
INFO: [ app_init ] --START--
INFO: Run Behavior\BuildLiteBehavior [ RunTime:0.000027s ]
INFO: Run Common\Behavior\InitHookBehavior [ RunTime:0.004950s ]
INFO: [ app_init ] --END-- [ RunTime:0.005937s ]

[ 2017-07-07T15:01:30+08:00 ] 127.0.0.1 /Public/static/jquery-1.11.2.min.js
INFO: [ app_init ] --START--
INFO: Run Behavior\BuildLiteBehavior [ RunTime:0.000042s ]
INFO: Run Common\Behavior\InitHookBehavior [ RunTime:0.008762s ]
INFO: [ app_init ] --END-- [ RunTime:0.009680s ]
ERR: 无法加载模块:Public

[ 2017-07-07T15:01:31+08:00 ] 127.0.0.1 /Public/static/css/style.css
INFO: [ app_init ] --START--
INFO: Run Behavior\BuildLiteBehavior [ RunTime:0.000017s ]
INFO: Run Common\Behavior\InitHookBehavior [ RunTime:0.003429s ]
INFO: [ app_init ] --END-- [ RunTime:0.004125s ]
ERR: 无法加载模块:Public

[ 2017-07-07T15:01:31+08:00 ] 127.0.0.1 /image/index.png
INFO: [ app_init ] --START--
INFO: Run Behavior\BuildLiteBehavior [ RunTime:0.000026s ]
INFO: Run Common\Behavior\InitHookBehavior [ RunTime:0.007376s ]
INFO: [ app_init ] --END-- [ RunTime:0.008477s ]

[ 2017-07-07T15:01:31+08:00 ] 127.0.0.1 /Public/static/jquery-1.11.2.min.js
INFO: [ app_init ] --START--
INFO: Run Behavior\BuildLiteBehavior [ RunTime:0.000051s ]
INFO: Run Common\Behavior\InitHookBehavior [ RunTime:0.003457s ]
INFO: [ app_init ] --END-- [ RunTime:0.004543s ]
ERR: 无法加载模块:Public

[ 2017-07-07T15:01:32+08:00 ] 127.0.0.1 /Public/static/css/style.css
INFO: [ app_init ] --START--
INFO: Run Behavior\BuildLiteBehavior [ RunTime:0.000018s ]
INFO: Run Common\Behavior\InitHookBehavior [ RunTime:0.002375s ]
INFO: [ app_init ] --END-- [ RunTime:0.003050s ]
ERR: 无法加载模块:Public

[ 2017-07-07T15:01:32+08:00 ] 127.0.0.1 /image/index.png
INFO: [ app_init ] --START--
INFO: Run Behavior\BuildLiteBehavior [ RunTime:0.000025s ]
INFO: Run Common\Behavior\InitHookBehavior [ RunTime:0.004944s ]
INFO: [ app_init ] --END-- [ RunTime:0.005854s ]

[ 2017-07-07T15:01:32+08:00 ] 127.0.0.1 /Public/static/jquery-1.11.2.min.js
INFO: [ app_init ] --START--
INFO: Run Behavior\BuildLiteBehavior [ RunTime:0.000019s ]
INFO: Run Common\Behavior\InitHookBehavior [ RunTime:0.003758s ]
INFO: [ app_init ] --END-- [ RunTime:0.004507s ]
ERR: 无法加载模块:Public

[ 2017-07-07T15:01:57+08:00 ] 127.0.0.1 /Public/static/css/style.css
INFO: [ app_init ] --START--
INFO: Run Behavior\BuildLiteBehavior [ RunTime:0.000018s ]
INFO: Run Common\Behavior\InitHookBehavior [ RunTime:0.004347s ]
INFO: [ app_init ] --END-- [ RunTime:0.005063s ]
ERR: 无法加载模块:Public

[ 2017-07-07T15:01:57+08:00 ] 127.0.0.1 /Public/static/jquery-1.11.2.min.js
INFO: [ app_init ] --START--
INFO: Run Behavior\BuildLiteBehavior [ RunTime:0.000020s ]
INFO: Run Common\Behavior\InitHookBehavior [ RunTime:0.003895s ]
INFO: [ app_init ] --END-- [ RunTime:0.004827s ]
ERR: 无法加载模块:Public

[ 2017-07-07T15:01:57+08:00 ] 127.0.0.1 /Public/static/image/index.png
INFO: [ app_init ] --START--
INFO: Run Behavior\BuildLiteBehavior [ RunTime:0.000019s ]
INFO: Run Common\Behavior\InitHookBehavior [ RunTime:0.003778s ]
INFO: [ app_init ] --END-- [ RunTime:0.004585s ]

[ 2017-07-07T15:01:58+08:00 ] 127.0.0.1 /Public/static/css/style.css
INFO: [ app_init ] --START--
INFO: Run Behavior\BuildLiteBehavior [ RunTime:0.000019s ]
INFO: Run Common\Behavior\InitHookBehavior [ RunTime:0.005480s ]
INFO: [ app_init ] --END-- [ RunTime:0.006527s ]
ERR: 无法加载模块:Public

[ 2017-07-07T15:01:58+08:00 ] 127.0.0.1 /Public/static/jquery-1.11.2.min.js
INFO: [ app_init ] --START--
INFO: Run Behavior\BuildLiteBehavior [ RunTime:0.000020s ]
INFO: Run Common\Behavior\InitHookBehavior [ RunTime:0.007884s ]
INFO: [ app_init ] --END-- [ RunTime:0.008729s ]
ERR: 无法加载模块:Public

[ 2017-07-07T15:01:58+08:00 ] 127.0.0.1 /Public/static/image/index.png
INFO: [ app_init ] --START--
INFO: Run Behavior\BuildLiteBehavior [ RunTime:0.000025s ]
INFO: Run Common\Behavior\InitHookBehavior [ RunTime:0.005020s ]
INFO: [ app_init ] --END-- [ RunTime:0.005919s ]

[ 2017-07-07T15:01:58+08:00 ] 127.0.0.1 /Public/static/image/index.png
INFO: [ app_init ] --START--
INFO: Run Behavior\BuildLiteBehavior [ RunTime:0.000019s ]
INFO: Run Common\Behavior\InitHookBehavior [ RunTime:0.003151s ]
INFO: [ app_init ] --END-- [ RunTime:0.003932s ]

[ 2017-07-07T15:01:58+08:00 ] 127.0.0.1 /Public/static/css/style.css
INFO: [ app_init ] --START--
INFO: Run Behavior\BuildLiteBehavior [ RunTime:0.000045s ]
INFO: Run Common\Behavior\InitHookBehavior [ RunTime:0.007077s ]
INFO: [ app_init ] --END-- [ RunTime:0.008389s ]
ERR: 无法加载模块:Public

[ 2017-07-07T15:01:58+08:00 ] 127.0.0.1 /Public/static/jquery-1.11.2.min.js
INFO: [ app_init ] --START--
INFO: Run Behavior\BuildLiteBehavior [ RunTime:0.000019s ]
INFO: Run Common\Behavior\InitHookBehavior [ RunTime:0.004570s ]
INFO: [ app_init ] --END-- [ RunTime:0.005325s ]
ERR: 无法加载模块:Public

[ 2017-07-07T15:02:02+08:00 ] 127.0.0.1 /Public/static/css/style.css
INFO: [ app_init ] --START--
INFO: Run Behavior\BuildLiteBehavior [ RunTime:0.000019s ]
INFO: Run Common\Behavior\InitHookBehavior [ RunTime:0.005051s ]
INFO: [ app_init ] --END-- [ RunTime:0.005785s ]
ERR: 无法加载模块:Public

[ 2017-07-07T15:02:40+08:00 ] 127.0.0.1 /bootstrap/css/bootstrap.min.css
INFO: [ app_init ] --START--
INFO: Run Behavior\BuildLiteBehavior [ RunTime:0.000030s ]
INFO: Run Common\Behavior\InitHookBehavior [ RunTime:0.004951s ]
INFO: [ app_init ] --END-- [ RunTime:0.006034s ]
ERR: 无法加载模块:Bootstrap

[ 2017-07-07T15:02:40+08:00 ] 127.0.0.1 /jquery-1.11.2.min.js
INFO: [ app_init ] --START--
INFO: Run Behavior\BuildLiteBehavior [ RunTime:0.000025s ]
INFO: Run Common\Behavior\InitHookBehavior [ RunTime:0.007446s ]
INFO: [ app_init ] --END-- [ RunTime:0.008395s ]
ERR: 无法加载模块:Jquery-1.11.2.min

[ 2017-07-07T15:02:40+08:00 ] 127.0.0.1 /css/style.css
INFO: [ app_init ] --START--
INFO: Run Behavior\BuildLiteBehavior [ RunTime:0.000030s ]
INFO: Run Common\Behavior\InitHookBehavior [ RunTime:0.009416s ]
INFO: [ app_init ] --END-- [ RunTime:0.010944s ]
ERR: 无法加载模块:Css

[ 2017-07-07T15:02:40+08:00 ] 127.0.0.1 /bootstrap/js/bootstrap.min.js
INFO: [ app_init ] --START--
INFO: Run Behavior\BuildLiteBehavior [ RunTime:0.000031s ]
INFO: Run Common\Behavior\InitHookBehavior [ RunTime:0.009695s ]
INFO: [ app_init ] --END-- [ RunTime:0.010958s ]
ERR: 无法加载模块:Bootstrap

[ 2017-07-07T15:02:40+08:00 ] 127.0.0.1 /image/index.png
INFO: [ app_init ] --START--
INFO: Run Behavior\BuildLiteBehavior [ RunTime:0.000018s ]
INFO: Run Common\Behavior\InitHookBehavior [ RunTime:0.006520s ]
INFO: [ app_init ] --END-- [ RunTime:0.007213s ]

[ 2017-07-07T15:03:17+08:00 ] 127.0.0.1 /css/style.css
INFO: [ app_init ] --START--
INFO: Run Behavior\BuildLiteBehavior [ RunTime:0.000018s ]
INFO: Run Common\Behavior\InitHookBehavior [ RunTime:0.003876s ]
INFO: [ app_init ] --END-- [ RunTime:0.004561s ]
ERR: 无法加载模块:Css

[ 2017-07-07T15:03:17+08:00 ] 127.0.0.1 /Public/bootstrap/css/bootstrap.min.css
INFO: [ app_init ] --START--
INFO: Run Behavior\BuildLiteBehavior [ RunTime:0.000030s ]
INFO: Run Common\Behavior\InitHookBehavior [ RunTime:0.004194s ]
INFO: [ app_init ] --END-- [ RunTime:0.005840s ]
ERR: 无法加载模块:Public

[ 2017-07-07T15:03:17+08:00 ] 127.0.0.1 /image/index.png
INFO: [ app_init ] --START--
INFO: Run Behavior\BuildLiteBehavior [ RunTime:0.000027s ]
INFO: Run Common\Behavior\InitHookBehavior [ RunTime:0.003263s ]
INFO: [ app_init ] --END-- [ RunTime:0.004059s ]

[ 2017-07-07T15:03:17+08:00 ] 127.0.0.1 /bootstrap/js/bootstrap.min.js
INFO: [ app_init ] --START--
INFO: Run Behavior\BuildLiteBehavior [ RunTime:0.000022s ]
INFO: Run Common\Behavior\InitHookBehavior [ RunTime:0.004962s ]
INFO: [ app_init ] --END-- [ RunTime:0.005892s ]
ERR: 无法加载模块:Bootstrap

[ 2017-07-07T15:03:20+08:00 ] 127.0.0.1 /css/style.css
INFO: [ app_init ] --START--
INFO: Run Behavior\BuildLiteBehavior [ RunTime:0.000031s ]
INFO: Run Common\Behavior\InitHookBehavior [ RunTime:0.004163s ]
INFO: [ app_init ] --END-- [ RunTime:0.005157s ]
ERR: 无法加载模块:Css

[ 2017-07-07T15:03:20+08:00 ] 127.0.0.1 /Public/bootstrap/css/bootstrap.min.css
INFO: [ app_init ] --START--
INFO: Run Behavior\BuildLiteBehavior [ RunTime:0.000020s ]
INFO: Run Common\Behavior\InitHookBehavior [ RunTime:0.008040s ]
INFO: [ app_init ] --END-- [ RunTime:0.008794s ]
ERR: 无法加载模块:Public

[ 2017-07-07T15:03:20+08:00 ] 127.0.0.1 /image/index.png
INFO: [ app_init ] --START--
INFO: Run Behavior\BuildLiteBehavior [ RunTime:0.000020s ]
INFO: Run Common\Behavior\InitHookBehavior [ RunTime:0.002677s ]
INFO: [ app_init ] --END-- [ RunTime:0.003430s ]

[ 2017-07-07T15:03:20+08:00 ] 127.0.0.1 /bootstrap/js/bootstrap.min.js
INFO: [ app_init ] --START--
INFO: Run Behavior\BuildLiteBehavior [ RunTime:0.000068s ]
INFO: Run Common\Behavior\InitHookBehavior [ RunTime:0.004982s ]
INFO: [ app_init ] --END-- [ RunTime:0.007066s ]
ERR: 无法加载模块:Bootstrap

[ 2017-07-07T15:03:22+08:00 ] 127.0.0.1 /css/style.css
INFO: [ app_init ] --START--
INFO: Run Behavior\BuildLiteBehavior [ RunTime:0.000024s ]
INFO: Run Common\Behavior\InitHookBehavior [ RunTime:0.003694s ]
INFO: [ app_init ] --END-- [ RunTime:0.004579s ]
ERR: 无法加载模块:Css

[ 2017-07-07T15:03:22+08:00 ] 127.0.0.1 /Public/bootstrap/css/bootstrap.min.css
INFO: [ app_init ] --START--
INFO: Run Behavior\BuildLiteBehavior [ RunTime:0.000025s ]
INFO: Run Common\Behavior\InitHookBehavior [ RunTime:0.005098s ]
INFO: [ app_init ] --END-- [ RunTime:0.006212s ]
ERR: 无法加载模块:Public

[ 2017-07-07T15:03:22+08:00 ] 127.0.0.1 /jquery-1.11.2.min.js
INFO: [ app_init ] --START--
INFO: Run Behavior\BuildLiteBehavior [ RunTime:0.000025s ]
INFO: Run Common\Behavior\InitHookBehavior [ RunTime:0.005095s ]
INFO: [ app_init ] --END-- [ RunTime:0.006086s ]
ERR: 无法加载模块:Jquery-1.11.2.min

[ 2017-07-07T15:03:22+08:00 ] 127.0.0.1 /jquery-1.11.2.min.js
INFO: [ app_init ] --START--
INFO: Run Behavior\BuildLiteBehavior [ RunTime:0.000028s ]
INFO: Run Common\Behavior\InitHookBehavior [ RunTime:0.019277s ]
INFO: [ app_init ] --END-- [ RunTime:0.020592s ]
ERR: 无法加载模块:Jquery-1.11.2.min

[ 2017-07-07T15:03:22+08:00 ] 127.0.0.1 /image/index.png
INFO: [ app_init ] --START--
INFO: Run Behavior\BuildLiteBehavior [ RunTime:0.000028s ]
INFO: Run Common\Behavior\InitHookBehavior [ RunTime:0.003921s ]
INFO: [ app_init ] --END-- [ RunTime:0.004917s ]

[ 2017-07-07T15:03:22+08:00 ] 127.0.0.1 /jquery-1.11.2.min.js
INFO: [ app_init ] --START--
INFO: Run Behavior\BuildLiteBehavior [ RunTime:0.000029s ]
INFO: Run Common\Behavior\InitHookBehavior [ RunTime:0.003712s ]
INFO: [ app_init ] --END-- [ RunTime:0.006297s ]
ERR: 无法加载模块:Jquery-1.11.2.min

[ 2017-07-07T15:03:22+08:00 ] 127.0.0.1 /bootstrap/js/bootstrap.min.js
INFO: [ app_init ] --START--
INFO: Run Behavior\BuildLiteBehavior [ RunTime:0.000027s ]
INFO: Run Common\Behavior\InitHookBehavior [ RunTime:0.009898s ]
INFO: [ app_init ] --END-- [ RunTime:0.010853s ]
ERR: 无法加载模块:Bootstrap

[ 2017-07-07T15:03:23+08:00 ] 127.0.0.1 /css/style.css
INFO: [ app_init ] --START--
INFO: Run Behavior\BuildLiteBehavior [ RunTime:0.000027s ]
INFO: Run Common\Behavior\InitHookBehavior [ RunTime:0.003742s ]
INFO: [ app_init ] --END-- [ RunTime:0.004636s ]
ERR: 无法加载模块:Css

[ 2017-07-07T15:03:23+08:00 ] 127.0.0.1 /jquery-1.11.2.min.js
INFO: [ app_init ] --START--
INFO: Run Behavior\BuildLiteBehavior [ RunTime:0.000022s ]
INFO: Run Common\Behavior\InitHookBehavior [ RunTime:0.004125s ]
INFO: [ app_init ] --END-- [ RunTime:0.005414s ]
ERR: 无法加载模块:Jquery-1.11.2.min

[ 2017-07-07T15:03:23+08:00 ] 127.0.0.1 /Public/bootstrap/css/bootstrap.min.css
INFO: [ app_init ] --START--
INFO: Run Behavior\BuildLiteBehavior [ RunTime:0.000018s ]
INFO: Run Common\Behavior\InitHookBehavior [ RunTime:0.003506s ]
INFO: [ app_init ] --END-- [ RunTime:0.004205s ]
ERR: 无法加载模块:Public

[ 2017-07-07T15:03:23+08:00 ] 127.0.0.1 /bootstrap/js/bootstrap.min.js
INFO: [ app_init ] --START--
INFO: Run Behavior\BuildLiteBehavior [ RunTime:0.000035s ]
INFO: Run Common\Behavior\InitHookBehavior [ RunTime:0.005531s ]
INFO: [ app_init ] --END-- [ RunTime:0.008618s ]
ERR: 无法加载模块:Bootstrap

[ 2017-07-07T15:03:23+08:00 ] 127.0.0.1 /image/index.png
INFO: [ app_init ] --START--
INFO: Run Behavior\BuildLiteBehavior [ RunTime:0.000018s ]
INFO: Run Common\Behavior\InitHookBehavior [ RunTime:0.003910s ]
INFO: [ app_init ] --END-- [ RunTime:0.004608s ]

[ 2017-07-07T15:03:53+08:00 ] 127.0.0.1 /css/style.css
INFO: [ app_init ] --START--
INFO: Run Behavior\BuildLiteBehavior [ RunTime:0.000028s ]
INFO: Run Common\Behavior\InitHookBehavior [ RunTime:0.005214s ]
INFO: [ app_init ] --END-- [ RunTime:0.006295s ]
ERR: 无法加载模块:Css

[ 2017-07-07T15:03:53+08:00 ] 127.0.0.1 /jquery-1.11.2.min.js
INFO: [ app_init ] --START--
INFO: Run Behavior\BuildLiteBehavior [ RunTime:0.001924s ]
INFO: Run Common\Behavior\InitHookBehavior [ RunTime:0.013644s ]
INFO: [ app_init ] --END-- [ RunTime:0.017003s ]
ERR: 无法加载模块:Jquery-1.11.2.min

[ 2017-07-07T15:03:53+08:00 ] 127.0.0.1 /bootstrap/js/bootstrap.min.js
INFO: [ app_init ] --START--
INFO: Run Behavior\BuildLiteBehavior [ RunTime:0.000020s ]
INFO: Run Common\Behavior\InitHookBehavior [ RunTime:0.003140s ]
INFO: [ app_init ] --END-- [ RunTime:0.003810s ]
ERR: 无法加载模块:Bootstrap

[ 2017-07-07T15:03:53+08:00 ] 127.0.0.1 /image/index.png
INFO: [ app_init ] --START--
INFO: Run Behavior\BuildLiteBehavior [ RunTime:0.000027s ]
INFO: Run Common\Behavior\InitHookBehavior [ RunTime:0.005307s ]
INFO: [ app_init ] --END-- [ RunTime:0.008868s ]

[ 2017-07-07T15:27:52+08:00 ] 127.0.0.1 /Public/static/css/style.css
INFO: [ app_init ] --START--
INFO: Run Behavior\BuildLiteBehavior [ RunTime:0.000017s ]
INFO: Run Common\Behavior\InitHookBehavior [ RunTime:0.004674s ]
INFO: [ app_init ] --END-- [ RunTime:0.005366s ]
ERR: 无法加载模块:Public

[ 2017-07-07T15:27:52+08:00 ] 127.0.0.1 /Public/static/jquery-1.11.2.min.js
INFO: [ app_init ] --START--
INFO: Run Behavior\BuildLiteBehavior [ RunTime:0.000021s ]
INFO: Run Common\Behavior\InitHookBehavior [ RunTime:0.005427s ]
INFO: [ app_init ] --END-- [ RunTime:0.006159s ]
ERR: 无法加载模块:Public

[ 2017-07-07T15:27:52+08:00 ] 127.0.0.1 /image/index.png
INFO: [ app_init ] --START--
INFO: Run Behavior\BuildLiteBehavior [ RunTime:0.000018s ]
INFO: Run Common\Behavior\InitHookBehavior [ RunTime:0.003349s ]
INFO: [ app_init ] --END-- [ RunTime:0.004095s ]

[ 2017-07-07T15:28:56+08:00 ] 127.0.0.1 /Public/static/css/style.css
INFO: [ app_init ] --START--
INFO: Run Behavior\BuildLiteBehavior [ RunTime:0.000023s ]
INFO: Run Common\Behavior\InitHookBehavior [ RunTime:0.004408s ]
INFO: [ app_init ] --END-- [ RunTime:0.005553s ]
ERR: 无法加载模块:Public

[ 2017-07-07T15:28:56+08:00 ] 127.0.0.1 /Public/static/jquery-1.11.2.min.js
INFO: [ app_init ] --START--
INFO: Run Behavior\BuildLiteBehavior [ RunTime:0.000017s ]
INFO: Run Common\Behavior\InitHookBehavior [ RunTime:0.003564s ]
INFO: [ app_init ] --END-- [ RunTime:0.004245s ]
ERR: 无法加载模块:Public

[ 2017-07-07T15:28:56+08:00 ] 127.0.0.1 /Public/static/image/index.png
INFO: [ app_init ] --START--
INFO: Run Behavior\BuildLiteBehavior [ RunTime:0.000018s ]
INFO: Run Common\Behavior\InitHookBehavior [ RunTime:0.004289s ]
INFO: [ app_init ] --END-- [ RunTime:0.005010s ]

[ 2017-07-07T15:28:57+08:00 ] 127.0.0.1 /Public/static/image/index.png
INFO: [ app_init ] --START--
INFO: Run Behavior\BuildLiteBehavior [ RunTime:0.000043s ]
INFO: Run Common\Behavior\InitHookBehavior [ RunTime:0.004645s ]
INFO: [ app_init ] --END-- [ RunTime:0.006235s ]

[ 2017-07-07T15:28:57+08:00 ] 127.0.0.1 /Public/static/css/style.css
INFO: [ app_init ] --START--
INFO: Run Behavior\BuildLiteBehavior [ RunTime:0.000038s ]
INFO: Run Common\Behavior\InitHookBehavior [ RunTime:0.005627s ]
INFO: [ app_init ] --END-- [ RunTime:0.006835s ]
ERR: 无法加载模块:Public

[ 2017-07-07T15:28:57+08:00 ] 127.0.0.1 /Public/static/jquery-1.11.2.min.js
INFO: [ app_init ] --START--
INFO: Run Behavior\BuildLiteBehavior [ RunTime:0.000030s ]
INFO: Run Common\Behavior\InitHookBehavior [ RunTime:0.008600s ]
INFO: [ app_init ] --END-- [ RunTime:0.009514s ]
ERR: 无法加载模块:Public

[ 2017-07-07T15:28:57+08:00 ] 127.0.0.1 /Public/static/image/index.png
INFO: [ app_init ] --START--
INFO: Run Behavior\BuildLiteBehavior [ RunTime:0.000018s ]
INFO: Run Common\Behavior\InitHookBehavior [ RunTime:0.004210s ]
INFO: [ app_init ] --END-- [ RunTime:0.004947s ]

[ 2017-07-07T15:28:57+08:00 ] 127.0.0.1 /Public/static/css/style.css
INFO: [ app_init ] --START--
INFO: Run Behavior\BuildLiteBehavior [ RunTime:0.000025s ]
INFO: Run Common\Behavior\InitHookBehavior [ RunTime:0.004841s ]
INFO: [ app_init ] --END-- [ RunTime:0.005906s ]
ERR: 无法加载模块:Public

[ 2017-07-07T15:28:57+08:00 ] 127.0.0.1 /Public/static/jquery-1.11.2.min.js
INFO: [ app_init ] --START--
INFO: Run Behavior\BuildLiteBehavior [ RunTime:0.000018s ]
INFO: Run Common\Behavior\InitHookBehavior [ RunTime:0.004569s ]
INFO: [ app_init ] --END-- [ RunTime:0.005300s ]
ERR: 无法加载模块:Public

[ 2017-07-07T15:32:06+08:00 ] 127.0.0.1 /Public/static/css/style.css
INFO: [ app_init ] --START--
INFO: Run Behavior\BuildLiteBehavior [ RunTime:0.000019s ]
INFO: Run Common\Behavior\InitHookBehavior [ RunTime:0.002309s ]
INFO: [ app_init ] --END-- [ RunTime:0.002991s ]
ERR: 无法加载模块:Public

[ 2017-07-07T15:32:06+08:00 ] 127.0.0.1 /Public/static/jquery-1.11.2.min.js
INFO: [ app_init ] --START--
INFO: Run Behavior\BuildLiteBehavior [ RunTime:0.000035s ]
INFO: Run Common\Behavior\InitHookBehavior [ RunTime:0.007773s ]
INFO: [ app_init ] --END-- [ RunTime:0.010773s ]
ERR: 无法加载模块:Public

[ 2017-07-07T15:32:06+08:00 ] 127.0.0.1 /Public/static/image/index.png
INFO: [ app_init ] --START--
INFO: Run Behavior\BuildLiteBehavior [ RunTime:0.000018s ]
INFO: Run Common\Behavior\InitHookBehavior [ RunTime:0.003942s ]
INFO: [ app_init ] --END-- [ RunTime:0.004891s ]

[ 2017-07-07T15:32:07+08:00 ] 127.0.0.1 /Public/static/image/index.png
INFO: [ app_init ] --START--
INFO: Run Behavior\BuildLiteBehavior [ RunTime:0.000025s ]
INFO: Run Common\Behavior\InitHookBehavior [ RunTime:0.004159s ]
INFO: [ app_init ] --END-- [ RunTime:0.005159s ]

[ 2017-07-07T15:32:07+08:00 ] 127.0.0.1 /Public/static/css/style.css
INFO: [ app_init ] --START--
INFO: Run Behavior\BuildLiteBehavior [ RunTime:0.000025s ]
INFO: Run Common\Behavior\InitHookBehavior [ RunTime:0.003045s ]
INFO: [ app_init ] --END-- [ RunTime:0.003919s ]
ERR: 无法加载模块:Public

[ 2017-07-07T15:32:07+08:00 ] 127.0.0.1 /Public/static/jquery-1.11.2.min.js
INFO: [ app_init ] --START--
INFO: Run Behavior\BuildLiteBehavior [ RunTime:0.000019s ]
INFO: Run Common\Behavior\InitHookBehavior [ RunTime:0.008191s ]
INFO: [ app_init ] --END-- [ RunTime:0.008939s ]
ERR: 无法加载模块:Public

[ 2017-07-07T15:32:07+08:00 ] 127.0.0.1 /Public/static/image/index.png
INFO: [ app_init ] --START--
INFO: Run Behavior\BuildLiteBehavior [ RunTime:0.000028s ]
INFO: Run Common\Behavior\InitHookBehavior [ RunTime:0.003436s ]
INFO: [ app_init ] --END-- [ RunTime:0.004325s ]

[ 2017-07-07T15:32:07+08:00 ] 127.0.0.1 /Public/static/css/style.css
INFO: [ app_init ] --START--
INFO: Run Behavior\BuildLiteBehavior [ RunTime:0.000027s ]
INFO: Run Common\Behavior\InitHookBehavior [ RunTime:0.003884s ]
INFO: [ app_init ] --END-- [ RunTime:0.004830s ]
ERR: 无法加载模块:Public

[ 2017-07-07T15:32:07+08:00 ] 127.0.0.1 /Public/static/jquery-1.11.2.min.js
INFO: [ app_init ] --START--
INFO: Run Behavior\BuildLiteBehavior [ RunTime:0.000029s ]
INFO: Run Common\Behavior\InitHookBehavior [ RunTime:0.004235s ]
INFO: [ app_init ] --END-- [ RunTime:0.005253s ]
ERR: 无法加载模块:Public

[ 2017-07-07T15:32:20+08:00 ] 127.0.0.1 /Public/static/css/style.css
INFO: [ app_init ] --START--
INFO: Run Behavior\BuildLiteBehavior [ RunTime:0.000028s ]
INFO: Run Common\Behavior\InitHookBehavior [ RunTime:0.006970s ]
INFO: [ app_init ] --END-- [ RunTime:0.008008s ]
ERR: 无法加载模块:Public

[ 2017-07-07T15:32:20+08:00 ] 127.0.0.1 /Public/static/jquery-1.11.2.min.js
INFO: [ app_init ] --START--
INFO: Run Behavior\BuildLiteBehavior [ RunTime:0.000025s ]
INFO: Run Common\Behavior\InitHookBehavior [ RunTime:0.005034s ]
INFO: [ app_init ] --END-- [ RunTime:0.005843s ]
ERR: 无法加载模块:Public

[ 2017-07-07T15:32:20+08:00 ] 127.0.0.1 /Public/static/image/index.png
INFO: [ app_init ] --START--
INFO: Run Behavior\BuildLiteBehavior [ RunTime:0.000018s ]
INFO: Run Common\Behavior\InitHookBehavior [ RunTime:0.002626s ]
INFO: [ app_init ] --END-- [ RunTime:0.003322s ]

[ 2017-07-07T15:32:21+08:00 ] 127.0.0.1 /Public/static/css/style.css
INFO: [ app_init ] --START--
INFO: Run Behavior\BuildLiteBehavior [ RunTime:0.000024s ]
INFO: Run Common\Behavior\InitHookBehavior [ RunTime:0.002846s ]
INFO: [ app_init ] --END-- [ RunTime:0.003716s ]
ERR: 无法加载模块:Public

[ 2017-07-07T15:32:21+08:00 ] 127.0.0.1 /Public/static/jquery-1.11.2.min.js
INFO: [ app_init ] --START--
INFO: Run Behavior\BuildLiteBehavior [ RunTime:0.000191s ]
INFO: Run Common\Behavior\InitHookBehavior [ RunTime:0.006154s ]
INFO: [ app_init ] --END-- [ RunTime:0.008081s ]
ERR: 无法加载模块:Public

[ 2017-07-07T15:32:21+08:00 ] 127.0.0.1 /Public/static/image/index.png
INFO: [ app_init ] --START--
INFO: Run Behavior\BuildLiteBehavior [ RunTime:0.000018s ]
INFO: Run Common\Behavior\InitHookBehavior [ RunTime:0.002560s ]
INFO: [ app_init ] --END-- [ RunTime:0.003551s ]

[ 2017-07-07T15:32:21+08:00 ] 127.0.0.1 /Public/static/image/index.png
INFO: [ app_init ] --START--
INFO: Run Behavior\BuildLiteBehavior [ RunTime:0.000028s ]
INFO: Run Common\Behavior\InitHookBehavior [ RunTime:0.006623s ]
INFO: [ app_init ] --END-- [ RunTime:0.007705s ]

[ 2017-07-07T15:32:21+08:00 ] 127.0.0.1 /Public/static/css/style.css
INFO: [ app_init ] --START--
INFO: Run Behavior\BuildLiteBehavior [ RunTime:0.000018s ]
INFO: Run Common\Behavior\InitHookBehavior [ RunTime:0.006554s ]
INFO: [ app_init ] --END-- [ RunTime:0.007287s ]
ERR: 无法加载模块:Public

[ 2017-07-07T15:32:21+08:00 ] 127.0.0.1 /Public/static/jquery-1.11.2.min.js
INFO: [ app_init ] --START--
INFO: Run Behavior\BuildLiteBehavior [ RunTime:0.000019s ]
INFO: Run Common\Behavior\InitHookBehavior [ RunTime:0.003596s ]
INFO: [ app_init ] --END-- [ RunTime:0.004591s ]
ERR: 无法加载模块:Public

[ 2017-07-07T15:32:21+08:00 ] 127.0.0.1 /Public/static/image/index.png
INFO: [ app_init ] --START--
INFO: Run Behavior\BuildLiteBehavior [ RunTime:0.000018s ]
INFO: Run Common\Behavior\InitHookBehavior [ RunTime:0.002945s ]
INFO: [ app_init ] --END-- [ RunTime:0.003588s ]

[ 2017-07-07T15:32:21+08:00 ] 127.0.0.1 /Public/static/css/style.css
INFO: [ app_init ] --START--
INFO: Run Behavior\BuildLiteBehavior [ RunTime:0.000031s ]
INFO: Run Common\Behavior\InitHookBehavior [ RunTime:0.004660s ]
INFO: [ app_init ] --END-- [ RunTime:0.006244s ]
ERR: 无法加载模块:Public

[ 2017-07-07T15:32:21+08:00 ] 127.0.0.1 /Public/static/jquery-1.11.2.min.js
INFO: [ app_init ] --START--
INFO: Run Behavior\BuildLiteBehavior [ RunTime:0.000017s ]
INFO: Run Common\Behavior\InitHookBehavior [ RunTime:0.003902s ]
INFO: [ app_init ] --END-- [ RunTime:0.004587s ]
ERR: 无法加载模块:Public

[ 2017-07-07T15:32:22+08:00 ] 127.0.0.1 /Public/static/css/style.css
INFO: [ app_init ] --START--
INFO: Run Behavior\BuildLiteBehavior [ RunTime:0.000018s ]
INFO: Run Common\Behavior\InitHookBehavior [ RunTime:0.003174s ]
INFO: [ app_init ] --END-- [ RunTime:0.003916s ]
ERR: 无法加载模块:Public

[ 2017-07-07T15:32:22+08:00 ] 127.0.0.1 /Public/static/jquery-1.11.2.min.js
INFO: [ app_init ] --START--
INFO: Run Behavior\BuildLiteBehavior [ RunTime:0.000022s ]
INFO: Run Common\Behavior\InitHookBehavior [ RunTime:0.005477s ]
INFO: [ app_init ] --END-- [ RunTime:0.006171s ]
ERR: 无法加载模块:Public

[ 2017-07-07T15:32:22+08:00 ] 127.0.0.1 /Public/static/image/index.png
INFO: [ app_init ] --START--
INFO: Run Behavior\BuildLiteBehavior [ RunTime:0.000020s ]
INFO: Run Common\Behavior\InitHookBehavior [ RunTime:0.003549s ]
INFO: [ app_init ] --END-- [ RunTime:0.004364s ]

[ 2017-07-07T15:32:22+08:00 ] 127.0.0.1 /Public/static/css/style.css
INFO: [ app_init ] --START--
INFO: Run Behavior\BuildLiteBehavior [ RunTime:0.000022s ]
INFO: Run Common\Behavior\InitHookBehavior [ RunTime:0.008178s ]
INFO: [ app_init ] --END-- [ RunTime:0.009086s ]
ERR: 无法加载模块:Public

[ 2017-07-07T15:32:22+08:00 ] 127.0.0.1 /Public/static/image/index.png
INFO: [ app_init ] --START--
INFO: Run Behavior\BuildLiteBehavior [ RunTime:0.000024s ]
INFO: Run Common\Behavior\InitHookBehavior [ RunTime:0.008931s ]
INFO: [ app_init ] --END-- [ RunTime:0.010142s ]

[ 2017-07-07T15:32:22+08:00 ] 127.0.0.1 /Public/static/jquery-1.11.2.min.js
INFO: [ app_init ] --START--
INFO: Run Behavior\BuildLiteBehavior [ RunTime:0.000054s ]
INFO: Run Common\Behavior\InitHookBehavior [ RunTime:0.004194s ]
INFO: [ app_init ] --END-- [ RunTime:0.005004s ]
ERR: 无法加载模块:Public

[ 2017-07-07T15:32:22+08:00 ] 127.0.0.1 /Public/static/css/style.css
INFO: [ app_init ] --START--
INFO: Run Behavior\BuildLiteBehavior [ RunTime:0.000017s ]
INFO: Run Common\Behavior\InitHookBehavior [ RunTime:0.002625s ]
INFO: [ app_init ] --END-- [ RunTime:0.003268s ]
ERR: 无法加载模块:Public

[ 2017-07-07T15:32:22+08:00 ] 127.0.0.1 /Public/static/jquery-1.11.2.min.js
INFO: [ app_init ] --START--
INFO: Run Behavior\BuildLiteBehavior [ RunTime:0.000017s ]
INFO: Run Common\Behavior\InitHookBehavior [ RunTime:0.007590s ]
INFO: [ app_init ] --END-- [ RunTime:0.008292s ]
ERR: 无法加载模块:Public

[ 2017-07-07T15:32:22+08:00 ] 127.0.0.1 /Public/static/image/index.png
INFO: [ app_init ] --START--
INFO: Run Behavior\BuildLiteBehavior [ RunTime:0.000018s ]
INFO: Run Common\Behavior\InitHookBehavior [ RunTime:0.002544s ]
INFO: [ app_init ] --END-- [ RunTime:0.003220s ]

[ 2017-07-07T15:32:22+08:00 ] 127.0.0.1 /Public/static/image/index.png
INFO: [ app_init ] --START--
INFO: Run Behavior\BuildLiteBehavior [ RunTime:0.000018s ]
INFO: Run Common\Behavior\InitHookBehavior [ RunTime:0.003944s ]
INFO: [ app_init ] --END-- [ RunTime:0.004722s ]

[ 2017-07-07T15:32:22+08:00 ] 127.0.0.1 /Public/static/css/style.css
INFO: [ app_init ] --START--
INFO: Run Behavior\BuildLiteBehavior [ RunTime:0.000025s ]
INFO: Run Common\Behavior\InitHookBehavior [ RunTime:0.005217s ]
INFO: [ app_init ] --END-- [ RunTime:0.006076s ]
ERR: 无法加载模块:Public

[ 2017-07-07T15:32:22+08:00 ] 127.0.0.1 /Public/static/jquery-1.11.2.min.js
INFO: [ app_init ] --START--
INFO: Run Behavior\BuildLiteBehavior [ RunTime:0.000019s ]
INFO: Run Common\Behavior\InitHookBehavior [ RunTime:0.004465s ]
INFO: [ app_init ] --END-- [ RunTime:0.005174s ]
ERR: 无法加载模块:Public

[ 2017-07-07T15:32:23+08:00 ] 127.0.0.1 /Public/static/image/index.png
INFO: [ app_init ] --START--
INFO: Run Behavior\BuildLiteBehavior [ RunTime:0.000027s ]
INFO: Run Common\Behavior\InitHookBehavior [ RunTime:0.005705s ]
INFO: [ app_init ] --END-- [ RunTime:0.006574s ]

[ 2017-07-07T15:32:23+08:00 ] 127.0.0.1 /Public/static/css/style.css
INFO: [ app_init ] --START--
INFO: Run Behavior\BuildLiteBehavior [ RunTime:0.000030s ]
INFO: Run Common\Behavior\InitHookBehavior [ RunTime:0.005905s ]
INFO: [ app_init ] --END-- [ RunTime:0.007014s ]
ERR: 无法加载模块:Public

[ 2017-07-07T15:32:23+08:00 ] 127.0.0.1 /Public/static/jquery-1.11.2.min.js
INFO: [ app_init ] --START--
INFO: Run Behavior\BuildLiteBehavior [ RunTime:0.000026s ]
INFO: Run Common\Behavior\InitHookBehavior [ RunTime:0.005840s ]
INFO: [ app_init ] --END-- [ RunTime:0.006825s ]
ERR: 无法加载模块:Public

[ 2017-07-07T15:32:23+08:00 ] 127.0.0.1 /Public/static/css/style.css
INFO: [ app_init ] --START--
INFO: Run Behavior\BuildLiteBehavior [ RunTime:0.000018s ]
INFO: Run Common\Behavior\InitHookBehavior [ RunTime:0.006628s ]
INFO: [ app_init ] --END-- [ RunTime:0.007404s ]
ERR: 无法加载模块:Public

[ 2017-07-07T15:32:23+08:00 ] 127.0.0.1 /Public/static/image/index.png
INFO: [ app_init ] --START--
INFO: Run Behavior\BuildLiteBehavior [ RunTime:0.000018s ]
INFO: Run Common\Behavior\InitHookBehavior [ RunTime:0.004636s ]
INFO: [ app_init ] --END-- [ RunTime:0.005368s ]

[ 2017-07-07T15:32:23+08:00 ] 127.0.0.1 /Public/static/jquery-1.11.2.min.js
INFO: [ app_init ] --START--
INFO: Run Behavior\BuildLiteBehavior [ RunTime:0.000027s ]
INFO: Run Common\Behavior\InitHookBehavior [ RunTime:0.002617s ]
INFO: [ app_init ] --END-- [ RunTime:0.003615s ]
ERR: 无法加载模块:Public

[ 2017-07-07T15:32:24+08:00 ] 127.0.0.1 /Public/static/css/style.css
INFO: [ app_init ] --START--
INFO: Run Behavior\BuildLiteBehavior [ RunTime:0.000078s ]
INFO: Run Common\Behavior\InitHookBehavior [ RunTime:0.002741s ]
INFO: [ app_init ] --END-- [ RunTime:0.003946s ]
ERR: 无法加载模块:Public

[ 2017-07-07T15:32:24+08:00 ] 127.0.0.1 /Public/static/jquery-1.11.2.min.js
INFO: [ app_init ] --START--
INFO: Run Behavior\BuildLiteBehavior [ RunTime:0.000025s ]
INFO: Run Common\Behavior\InitHookBehavior [ RunTime:0.007315s ]
INFO: [ app_init ] --END-- [ RunTime:0.008307s ]
ERR: 无法加载模块:Public

[ 2017-07-07T15:32:24+08:00 ] 127.0.0.1 /Public/static/image/index.png
INFO: [ app_init ] --START--
INFO: Run Behavior\BuildLiteBehavior [ RunTime:0.000034s ]
INFO: Run Common\Behavior\InitHookBehavior [ RunTime:0.003357s ]
INFO: [ app_init ] --END-- [ RunTime:0.004814s ]

[ 2017-07-07T15:48:45+08:00 ] 127.0.0.1 /index.html
INFO: [ app_init ] --START--
INFO: Run Behavior\BuildLiteBehavior [ RunTime:0.000031s ]
INFO: Run Common\Behavior\InitHookBehavior [ RunTime:0.004243s ]
INFO: [ app_init ] --END-- [ RunTime:0.005328s ]
ERR: 无法加载模块:Index

[ 2017-07-07T15:48:48+08:00 ] 127.0.0.1 /fuwu.html
INFO: [ app_init ] --START--
INFO: Run Behavior\BuildLiteBehavior [ RunTime:0.000018s ]
INFO: Run Common\Behavior\InitHookBehavior [ RunTime:0.003481s ]
INFO: [ app_init ] --END-- [ RunTime:0.004220s ]
ERR: 无法加载模块:Fuwu

[ 2017-07-07T15:48:53+08:00 ] 127.0.0.1 /faxian.html
INFO: [ app_init ] --START--
INFO: Run Behavior\BuildLiteBehavior [ RunTime:0.000030s ]
INFO: Run Common\Behavior\InitHookBehavior [ RunTime:0.003896s ]
INFO: [ app_init ] --END-- [ RunTime:0.005240s ]
ERR: 无法加载模块:Faxian

[ 2017-07-07T15:49:00+08:00 ] 127.0.0.1 /my.html
INFO: [ app_init ] --START--
INFO: Run Behavior\BuildLiteBehavior [ RunTime:0.000038s ]
INFO: Run Common\Behavior\InitHookBehavior [ RunTime:0.006184s ]
INFO: [ app_init ] --END-- [ RunTime:0.007269s ]
ERR: 无法加载模块:My

[ 2017-07-07T15:50:12+08:00 ] 127.0.0.1 /bootstrap/css/bootstrap.min.css
INFO: [ app_init ] --START--
INFO: Run Behavior\BuildLiteBehavior [ RunTime:0.000024s ]
INFO: Run Common\Behavior\InitHookBehavior [ RunTime:0.004474s ]
INFO: [ app_init ] --END-- [ RunTime:0.005754s ]
ERR: 无法加载模块:Bootstrap

[ 2017-07-07T15:50:12+08:00 ] 127.0.0.1 /ss/style.css
INFO: [ app_init ] --START--
INFO: Run Behavior\BuildLiteBehavior [ RunTime:0.000025s ]
INFO: Run Common\Behavior\InitHookBehavior [ RunTime:0.004598s ]
INFO: [ app_init ] --END-- [ RunTime:0.005555s ]
ERR: 无法加载模块:Ss

[ 2017-07-07T15:50:24+08:00 ] 127.0.0.1 /bootstrap/css/bootstrap.min.css
INFO: [ app_init ] --START--
INFO: Run Behavior\BuildLiteBehavior [ RunTime:0.000018s ]
INFO: Run Common\Behavior\InitHookBehavior [ RunTime:0.003133s ]
INFO: [ app_init ] --END-- [ RunTime:0.003836s ]
ERR: 无法加载模块:Bootstrap

[ 2017-07-07T15:52:33+08:00 ] 127.0.0.1 /D/onethink/wwwroot/Application/Wechat/Public/static/bootstrap/css/bootstrap.min.css
INFO: [ app_init ] --START--
INFO: Run Behavior\BuildLiteBehavior [ RunTime:0.000019s ]
INFO: Run Common\Behavior\InitHookBehavior [ RunTime:0.003220s ]
INFO: [ app_init ] --END-- [ RunTime:0.003971s ]
ERR: 无法加载模块:D

[ 2017-07-07T15:52:33+08:00 ] 127.0.0.1 /D/onethink/wwwroot/Application/Wechat/Public/static/css/style.css
INFO: [ app_init ] --START--
INFO: Run Behavior\BuildLiteBehavior [ RunTime:0.000018s ]
INFO: Run Common\Behavior\InitHookBehavior [ RunTime:0.003460s ]
INFO: [ app_init ] --END-- [ RunTime:0.004180s ]
ERR: 无法加载模块:D

[ 2017-07-07T15:52:33+08:00 ] 127.0.0.1 /D/onethink/wwwroot/Application/Wechat/Public/static/jquery-1.11.2.min.js
INFO: [ app_init ] --START--
INFO: Run Behavior\BuildLiteBehavior [ RunTime:0.000026s ]
INFO: Run Common\Behavior\InitHookBehavior [ RunTime:0.004408s ]
INFO: [ app_init ] --END-- [ RunTime:0.005386s ]
ERR: 无法加载模块:D

[ 2017-07-07T15:52:33+08:00 ] 127.0.0.1 /D/onethink/wwwroot/Application/Wechat/Public/static/bootstrap/js/bootstrap.js
INFO: [ app_init ] --START--
INFO: Run Behavior\BuildLiteBehavior [ RunTime:0.000024s ]
INFO: Run Common\Behavior\InitHookBehavior [ RunTime:0.003819s ]
INFO: [ app_init ] --END-- [ RunTime:0.004777s ]
ERR: 无法加载模块:D

[ 2017-07-07T15:52:33+08:00 ] 127.0.0.1 /D/onethink/wwwroot/Application/Wechat/Public/static/bootstrap/js/bootstrap.js
INFO: [ app_init ] --START--
INFO: Run Behavior\BuildLiteBehavior [ RunTime:0.000027s ]
INFO: Run Common\Behavior\InitHookBehavior [ RunTime:0.006516s ]
INFO: [ app_init ] --END-- [ RunTime:0.007412s ]
ERR: 无法加载模块:D

[ 2017-07-07T15:52:36+08:00 ] 127.0.0.1 /D/onethink/wwwroot/Application/Wechat/Public/static/css/style.css
INFO: [ app_init ] --START--
INFO: Run Behavior\BuildLiteBehavior [ RunTime:0.000031s ]
INFO: Run Common\Behavior\InitHookBehavior [ RunTime:0.005854s ]
INFO: [ app_init ] --END-- [ RunTime:0.006957s ]
ERR: 无法加载模块:D

[ 2017-07-07T15:52:36+08:00 ] 127.0.0.1 /D/onethink/wwwroot/Application/Wechat/Public/static/bootstrap/css/bootstrap.min.css
INFO: [ app_init ] --START--
INFO: Run Behavior\BuildLiteBehavior [ RunTime:0.000025s ]
INFO: Run Common\Behavior\InitHookBehavior [ RunTime:0.005121s ]
INFO: [ app_init ] --END-- [ RunTime:0.006209s ]
ERR: 无法加载模块:D

[ 2017-07-07T15:52:36+08:00 ] 127.0.0.1 /D/onethink/wwwroot/Application/Wechat/Public/static/jquery-1.11.2.min.js
INFO: [ app_init ] --START--
INFO: Run Behavior\BuildLiteBehavior [ RunTime:0.000026s ]
INFO: Run Common\Behavior\InitHookBehavior [ RunTime:0.007893s ]
INFO: [ app_init ] --END-- [ RunTime:0.009232s ]
ERR: 无法加载模块:D

[ 2017-07-07T15:52:36+08:00 ] 127.0.0.1 /D/onethink/wwwroot/Application/Wechat/Public/static/bootstrap/js/bootstrap.js
INFO: [ app_init ] --START--
INFO: Run Behavior\BuildLiteBehavior [ RunTime:0.000020s ]
INFO: Run Common\Behavior\InitHookBehavior [ RunTime:0.003538s ]
INFO: [ app_init ] --END-- [ RunTime:0.004335s ]
ERR: 无法加载模块:D

[ 2017-07-07T15:52:37+08:00 ] 127.0.0.1 /D/onethink/wwwroot/Application/Wechat/Public/static/jquery-1.11.2.min.js
INFO: [ app_init ] --START--
INFO: Run Behavior\BuildLiteBehavior [ RunTime:0.000038s ]
INFO: Run Common\Behavior\InitHookBehavior [ RunTime:0.009710s ]
INFO: [ app_init ] --END-- [ RunTime:0.010795s ]
ERR: 无法加载模块:D

[ 2017-07-07T15:52:37+08:00 ] 127.0.0.1 /D/onethink/wwwroot/Application/Wechat/Public/static/bootstrap/css/bootstrap.min.css
INFO: [ app_init ] --START--
INFO: Run Behavior\BuildLiteBehavior [ RunTime:0.000025s ]
INFO: Run Common\Behavior\InitHookBehavior [ RunTime:0.010541s ]
INFO: [ app_init ] --END-- [ RunTime:0.011434s ]
ERR: 无法加载模块:D

[ 2017-07-07T15:52:37+08:00 ] 127.0.0.1 /D/onethink/wwwroot/Application/Wechat/Public/static/css/style.css
INFO: [ app_init ] --START--
INFO: Run Behavior\BuildLiteBehavior [ RunTime:0.000029s ]
INFO: Run Common\Behavior\InitHookBehavior [ RunTime:0.011306s ]
INFO: [ app_init ] --END-- [ RunTime:0.012422s ]
ERR: 无法加载模块:D

[ 2017-07-07T15:52:37+08:00 ] 127.0.0.1 /D/onethink/wwwroot/Application/Wechat/Public/static/bootstrap/js/bootstrap.js
INFO: [ app_init ] --START--
INFO: Run Behavior\BuildLiteBehavior [ RunTime:0.000022s ]
INFO: Run Common\Behavior\InitHookBehavior [ RunTime:0.003128s ]
INFO: [ app_init ] --END-- [ RunTime:0.004214s ]
ERR: 无法加载模块:D

[ 2017-07-07T15:52:37+08:00 ] 127.0.0.1 /D/onethink/wwwroot/Application/Wechat/Public/static/css/style.css
INFO: [ app_init ] --START--
INFO: Run Behavior\BuildLiteBehavior [ RunTime:0.000038s ]
INFO: Run Common\Behavior\InitHookBehavior [ RunTime:0.005329s ]
INFO: [ app_init ] --END-- [ RunTime:0.008879s ]
ERR: 无法加载模块:D

[ 2017-07-07T15:52:37+08:00 ] 127.0.0.1 /D/onethink/wwwroot/Application/Wechat/Public/static/jquery-1.11.2.min.js
INFO: [ app_init ] --START--
INFO: Run Behavior\BuildLiteBehavior [ RunTime:0.000060s ]
INFO: Run Common\Behavior\InitHookBehavior [ RunTime:0.004059s ]
INFO: [ app_init ] --END-- [ RunTime:0.005062s ]
ERR: 无法加载模块:D

[ 2017-07-07T15:52:37+08:00 ] 127.0.0.1 /D/onethink/wwwroot/Application/Wechat/Public/static/bootstrap/css/bootstrap.min.css
INFO: [ app_init ] --START--
INFO: Run Behavior\BuildLiteBehavior [ RunTime:0.000025s ]
INFO: Run Common\Behavior\InitHookBehavior [ RunTime:0.007619s ]
INFO: [ app_init ] --END-- [ RunTime:0.008577s ]
ERR: 无法加载模块:D

[ 2017-07-07T15:52:37+08:00 ] 127.0.0.1 /D/onethink/wwwroot/Application/Wechat/Public/static/bootstrap/js/bootstrap.js
INFO: [ app_init ] --START--
INFO: Run Behavior\BuildLiteBehavior [ RunTime:0.000021s ]
INFO: Run Common\Behavior\InitHookBehavior [ RunTime:0.004273s ]
INFO: [ app_init ] --END-- [ RunTime:0.005307s ]
ERR: 无法加载模块:D

[ 2017-07-07T15:52:37+08:00 ] 127.0.0.1 /D/onethink/wwwroot/Application/Wechat/Public/static/jquery-1.11.2.min.js
INFO: [ app_init ] --START--
INFO: Run Behavior\BuildLiteBehavior [ RunTime:0.000187s ]
INFO: Run Common\Behavior\InitHookBehavior [ RunTime:0.008395s ]
INFO: [ app_init ] --END-- [ RunTime:0.009828s ]
ERR: 无法加载模块:D

[ 2017-07-07T15:52:37+08:00 ] 127.0.0.1 /D/onethink/wwwroot/Application/Wechat/Public/static/bootstrap/css/bootstrap.min.css
INFO: [ app_init ] --START--
INFO: Run Behavior\BuildLiteBehavior [ RunTime:0.003015s ]
INFO: Run Common\Behavior\InitHookBehavior [ RunTime:0.007069s ]
INFO: [ app_init ] --END-- [ RunTime:0.011412s ]
ERR: 无法加载模块:D

[ 2017-07-07T15:52:37+08:00 ] 127.0.0.1 /D/onethink/wwwroot/Application/Wechat/Public/static/css/style.css
INFO: [ app_init ] --START--
INFO: Run Behavior\BuildLiteBehavior [ RunTime:0.000024s ]
INFO: Run Common\Behavior\InitHookBehavior [ RunTime:0.004444s ]
INFO: [ app_init ] --END-- [ RunTime:0.005399s ]
ERR: 无法加载模块:D

[ 2017-07-07T15:52:37+08:00 ] 127.0.0.1 /D/onethink/wwwroot/Application/Wechat/Public/static/bootstrap/js/bootstrap.js
INFO: [ app_init ] --START--
INFO: Run Behavior\BuildLiteBehavior [ RunTime:0.000019s ]
INFO: Run Common\Behavior\InitHookBehavior [ RunTime:0.003011s ]
INFO: [ app_init ] --END-- [ RunTime:0.003685s ]
ERR: 无法加载模块:D

[ 2017-07-07T15:52:38+08:00 ] 127.0.0.1 /D/onethink/wwwroot/Application/Wechat/Public/static/css/style.css
INFO: [ app_init ] --START--
INFO: Run Behavior\BuildLiteBehavior [ RunTime:0.000028s ]
INFO: Run Common\Behavior\InitHookBehavior [ RunTime:0.008422s ]
INFO: [ app_init ] --END-- [ RunTime:0.009780s ]
ERR: 无法加载模块:D

[ 2017-07-07T15:52:38+08:00 ] 127.0.0.1 /D/onethink/wwwroot/Application/Wechat/Public/static/jquery-1.11.2.min.js
INFO: [ app_init ] --START--
INFO: Run Behavior\BuildLiteBehavior [ RunTime:0.000122s ]
INFO: Run Common\Behavior\InitHookBehavior [ RunTime:0.005509s ]
INFO: [ app_init ] --END-- [ RunTime:0.007607s ]
ERR: 无法加载模块:D

[ 2017-07-07T15:52:38+08:00 ] 127.0.0.1 /D/onethink/wwwroot/Application/Wechat/Public/static/bootstrap/css/bootstrap.min.css
INFO: [ app_init ] --START--
INFO: Run Behavior\BuildLiteBehavior [ RunTime:0.000031s ]
INFO: Run Common\Behavior\InitHookBehavior [ RunTime:0.005070s ]
INFO: [ app_init ] --END-- [ RunTime:0.006143s ]
ERR: 无法加载模块:D

[ 2017-07-07T15:52:38+08:00 ] 127.0.0.1 /D/onethink/wwwroot/Application/Wechat/Public/static/bootstrap/js/bootstrap.js
INFO: [ app_init ] --START--
INFO: Run Behavior\BuildLiteBehavior [ RunTime:0.000022s ]
INFO: Run Common\Behavior\InitHookBehavior [ RunTime:0.006463s ]
INFO: [ app_init ] --END-- [ RunTime:0.007696s ]
ERR: 无法加载模块:D

[ 2017-07-07T15:52:38+08:00 ] 127.0.0.1 /D/onethink/wwwroot/Application/Wechat/Public/static/css/style.css
INFO: [ app_init ] --START--
INFO: Run Behavior\BuildLiteBehavior [ RunTime:0.000026s ]
INFO: Run Common\Behavior\InitHookBehavior [ RunTime:0.004695s ]
INFO: [ app_init ] --END-- [ RunTime:0.005640s ]
ERR: 无法加载模块:D

[ 2017-07-07T15:52:38+08:00 ] 127.0.0.1 /D/onethink/wwwroot/Application/Wechat/Public/static/bootstrap/css/bootstrap.min.css
INFO: [ app_init ] --START--
INFO: Run Behavior\BuildLiteBehavior [ RunTime:0.000026s ]
INFO: Run Common\Behavior\InitHookBehavior [ RunTime:0.005089s ]
INFO: [ app_init ] --END-- [ RunTime:0.006056s ]
ERR: 无法加载模块:D

[ 2017-07-07T15:52:38+08:00 ] 127.0.0.1 /D/onethink/wwwroot/Application/Wechat/Public/static/jquery-1.11.2.min.js
INFO: [ app_init ] --START--
INFO: Run Behavior\BuildLiteBehavior [ RunTime:0.000024s ]
INFO: Run Common\Behavior\InitHookBehavior [ RunTime:0.004861s ]
INFO: [ app_init ] --END-- [ RunTime:0.005802s ]
ERR: 无法加载模块:D

[ 2017-07-07T15:52:38+08:00 ] 127.0.0.1 /D/onethink/wwwroot/Application/Wechat/Public/static/bootstrap/js/bootstrap.js
INFO: [ app_init ] --START--
INFO: Run Behavior\BuildLiteBehavior [ RunTime:0.000018s ]
INFO: Run Common\Behavior\InitHookBehavior [ RunTime:0.003230s ]
INFO: [ app_init ] --END-- [ RunTime:0.003905s ]
ERR: 无法加载模块:D

[ 2017-07-07T15:52:39+08:00 ] 127.0.0.1 /D/onethink/wwwroot/Application/Wechat/Public/static/css/style.css
INFO: [ app_init ] --START--
INFO: Run Behavior\BuildLiteBehavior [ RunTime:0.000028s ]
INFO: Run Common\Behavior\InitHookBehavior [ RunTime:0.003934s ]
INFO: [ app_init ] --END-- [ RunTime:0.004791s ]
ERR: 无法加载模块:D

[ 2017-07-07T15:52:39+08:00 ] 127.0.0.1 /D/onethink/wwwroot/Application/Wechat/Public/static/bootstrap/css/bootstrap.min.css
INFO: [ app_init ] --START--
INFO: Run Behavior\BuildLiteBehavior [ RunTime:0.000017s ]
INFO: Run Common\Behavior\InitHookBehavior [ RunTime:0.004283s ]
INFO: [ app_init ] --END-- [ RunTime:0.004968s ]
ERR: 无法加载模块:D

[ 2017-07-07T15:52:39+08:00 ] 127.0.0.1 /D/onethink/wwwroot/Application/Wechat/Public/static/jquery-1.11.2.min.js
INFO: [ app_init ] --START--
INFO: Run Behavior\BuildLiteBehavior [ RunTime:0.000025s ]
INFO: Run Common\Behavior\InitHookBehavior [ RunTime:0.007207s ]
INFO: [ app_init ] --END-- [ RunTime:0.008184s ]
ERR: 无法加载模块:D

[ 2017-07-07T15:52:39+08:00 ] 127.0.0.1 /D/onethink/wwwroot/Application/Wechat/Public/static/bootstrap/js/bootstrap.js
INFO: [ app_init ] --START--
INFO: Run Behavior\BuildLiteBehavior [ RunTime:0.000019s ]
INFO: Run Common\Behavior\InitHookBehavior [ RunTime:0.003495s ]
INFO: [ app_init ] --END-- [ RunTime:0.004215s ]
ERR: 无法加载模块:D

[ 2017-07-07T15:52:39+08:00 ] 127.0.0.1 /D/onethink/wwwroot/Application/Wechat/Public/static/css/style.css
INFO: [ app_init ] --START--
INFO: Run Behavior\BuildLiteBehavior [ RunTime:0.000026s ]
INFO: Run Common\Behavior\InitHookBehavior [ RunTime:0.004634s ]
INFO: [ app_init ] --END-- [ RunTime:0.005663s ]
ERR: 无法加载模块:D

[ 2017-07-07T15:52:39+08:00 ] 127.0.0.1 /D/onethink/wwwroot/Application/Wechat/Public/static/bootstrap/css/bootstrap.min.css
INFO: [ app_init ] --START--
INFO: Run Behavior\BuildLiteBehavior [ RunTime:0.000026s ]
INFO: Run Common\Behavior\InitHookBehavior [ RunTime:0.004131s ]
INFO: [ app_init ] --END-- [ RunTime:0.005055s ]
ERR: 无法加载模块:D

[ 2017-07-07T15:52:39+08:00 ] 127.0.0.1 /D/onethink/wwwroot/Application/Wechat/Public/static/jquery-1.11.2.min.js
INFO: [ app_init ] --START--
INFO: Run Behavior\BuildLiteBehavior [ RunTime:0.000024s ]
INFO: Run Common\Behavior\InitHookBehavior [ RunTime:0.010244s ]
INFO: [ app_init ] --END-- [ RunTime:0.011180s ]
ERR: 无法加载模块:D

[ 2017-07-07T15:52:39+08:00 ] 127.0.0.1 /D/onethink/wwwroot/Application/Wechat/Public/static/bootstrap/js/bootstrap.js
INFO: [ app_init ] --START--
INFO: Run Behavior\BuildLiteBehavior [ RunTime:0.000018s ]
INFO: Run Common\Behavior\InitHookBehavior [ RunTime:0.003451s ]
INFO: [ app_init ] --END-- [ RunTime:0.004177s ]
ERR: 无法加载模块:D

[ 2017-07-07T15:52:39+08:00 ] 127.0.0.1 /D/onethink/wwwroot/Application/Wechat/Public/static/css/style.css
INFO: [ app_init ] --START--
INFO: Run Behavior\BuildLiteBehavior [ RunTime:0.000035s ]
INFO: Run Common\Behavior\InitHookBehavior [ RunTime:0.006898s ]
INFO: [ app_init ] --END-- [ RunTime:0.008040s ]
ERR: 无法加载模块:D

[ 2017-07-07T15:52:39+08:00 ] 127.0.0.1 /D/onethink/wwwroot/Application/Wechat/Public/static/jquery-1.11.2.min.js
INFO: [ app_init ] --START--
INFO: Run Behavior\BuildLiteBehavior [ RunTime:0.000025s ]
INFO: Run Common\Behavior\InitHookBehavior [ RunTime:0.007534s ]
INFO: [ app_init ] --END-- [ RunTime:0.008925s ]
ERR: 无法加载模块:D

[ 2017-07-07T15:52:39+08:00 ] 127.0.0.1 /D/onethink/wwwroot/Application/Wechat/Public/static/bootstrap/css/bootstrap.min.css
INFO: [ app_init ] --START--
INFO: Run Behavior\BuildLiteBehavior [ RunTime:0.000204s ]
INFO: Run Common\Behavior\InitHookBehavior [ RunTime:0.007306s ]
INFO: [ app_init ] --END-- [ RunTime:0.009565s ]
ERR: 无法加载模块:D

[ 2017-07-07T15:52:39+08:00 ] 127.0.0.1 /D/onethink/wwwroot/Application/Wechat/Public/static/bootstrap/js/bootstrap.js
INFO: [ app_init ] --START--
INFO: Run Behavior\BuildLiteBehavior [ RunTime:0.000047s ]
INFO: Run Common\Behavior\InitHookBehavior [ RunTime:0.003285s ]
INFO: [ app_init ] --END-- [ RunTime:0.004084s ]
ERR: 无法加载模块:D

[ 2017-07-07T15:53:07+08:00 ] 127.0.0.1 /onethink/wwwroot/Application/Wechat/Public/static/bootstrap/css/bootstrap.min.css
INFO: [ app_init ] --START--
INFO: Run Behavior\BuildLiteBehavior [ RunTime:0.000024s ]
INFO: Run Common\Behavior\InitHookBehavior [ RunTime:0.005599s ]
INFO: [ app_init ] --END-- [ RunTime:0.006604s ]
ERR: 无法加载模块:Onethink

[ 2017-07-07T15:53:07+08:00 ] 127.0.0.1 /onethink/wwwroot/Application/Wechat/Public/static/css/style.css
INFO: [ app_init ] --START--
INFO: Run Behavior\BuildLiteBehavior [ RunTime:0.000027s ]
INFO: Run Common\Behavior\InitHookBehavior [ RunTime:0.005065s ]
INFO: [ app_init ] --END-- [ RunTime:0.006245s ]
ERR: 无法加载模块:Onethink

[ 2017-07-07T15:53:07+08:00 ] 127.0.0.1 /onethink/wwwroot/Application/Wechat/Public/static/jquery-1.11.2.min.js
INFO: [ app_init ] --START--
INFO: Run Behavior\BuildLiteBehavior [ RunTime:0.000018s ]
INFO: Run Common\Behavior\InitHookBehavior [ RunTime:0.003236s ]
INFO: [ app_init ] --END-- [ RunTime:0.003948s ]
ERR: 无法加载模块:Onethink

[ 2017-07-07T15:53:07+08:00 ] 127.0.0.1 /onethink/wwwroot/Application/Wechat/Public/static/bootstrap/js/bootstrap.js
INFO: [ app_init ] --START--
INFO: Run Behavior\BuildLiteBehavior [ RunTime:0.000031s ]
INFO: Run Common\Behavior\InitHookBehavior [ RunTime:0.005811s ]
INFO: [ app_init ] --END-- [ RunTime:0.006781s ]
ERR: 无法加载模块:Onethink

[ 2017-07-07T15:53:08+08:00 ] 127.0.0.1 /onethink/wwwroot/Application/Wechat/Public/static/bootstrap/css/bootstrap.min.css
INFO: [ app_init ] --START--
INFO: Run Behavior\BuildLiteBehavior [ RunTime:0.000026s ]
INFO: Run Common\Behavior\InitHookBehavior [ RunTime:0.005005s ]
INFO: [ app_init ] --END-- [ RunTime:0.005913s ]
ERR: 无法加载模块:Onethink

[ 2017-07-07T15:53:08+08:00 ] 127.0.0.1 /onethink/wwwroot/Application/Wechat/Public/static/css/style.css
INFO: [ app_init ] --START--
INFO: Run Behavior\BuildLiteBehavior [ RunTime:0.000026s ]
INFO: Run Common\Behavior\InitHookBehavior [ RunTime:0.004189s ]
INFO: [ app_init ] --END-- [ RunTime:0.004943s ]
ERR: 无法加载模块:Onethink

[ 2017-07-07T15:53:08+08:00 ] 127.0.0.1 /onethink/wwwroot/Application/Wechat/Public/static/jquery-1.11.2.min.js
INFO: [ app_init ] --START--
INFO: Run Behavior\BuildLiteBehavior [ RunTime:0.000098s ]
INFO: Run Common\Behavior\InitHookBehavior [ RunTime:0.008872s ]
INFO: [ app_init ] --END-- [ RunTime:0.010473s ]
ERR: 无法加载模块:Onethink

[ 2017-07-07T15:53:08+08:00 ] 127.0.0.1 /onethink/wwwroot/Application/Wechat/Public/static/bootstrap/js/bootstrap.js
INFO: [ app_init ] --START--
INFO: Run Behavior\BuildLiteBehavior [ RunTime:0.000019s ]
INFO: Run Common\Behavior\InitHookBehavior [ RunTime:0.006435s ]
INFO: [ app_init ] --END-- [ RunTime:0.007241s ]
ERR: 无法加载模块:Onethink

[ 2017-07-07T15:53:08+08:00 ] 127.0.0.1 /onethink/wwwroot/Application/Wechat/Public/static/css/style.css
INFO: [ app_init ] --START--
INFO: Run Behavior\BuildLiteBehavior [ RunTime:0.000027s ]
INFO: Run Common\Behavior\InitHookBehavior [ RunTime:0.005087s ]
INFO: [ app_init ] --END-- [ RunTime:0.007668s ]
ERR: 无法加载模块:Onethink

[ 2017-07-07T15:53:08+08:00 ] 127.0.0.1 /onethink/wwwroot/Application/Wechat/Public/static/jquery-1.11.2.min.js
INFO: [ app_init ] --START--
INFO: Run Behavior\BuildLiteBehavior [ RunTime:0.000026s ]
INFO: Run Common\Behavior\InitHookBehavior [ RunTime:0.004551s ]
INFO: [ app_init ] --END-- [ RunTime:0.005559s ]
ERR: 无法加载模块:Onethink

[ 2017-07-07T15:53:08+08:00 ] 127.0.0.1 /onethink/wwwroot/Application/Wechat/Public/static/bootstrap/css/bootstrap.min.css
INFO: [ app_init ] --START--
INFO: Run Behavior\BuildLiteBehavior [ RunTime:0.000018s ]
INFO: Run Common\Behavior\InitHookBehavior [ RunTime:0.003975s ]
INFO: [ app_init ] --END-- [ RunTime:0.004952s ]
ERR: 无法加载模块:Onethink

[ 2017-07-07T15:53:08+08:00 ] 127.0.0.1 /onethink/wwwroot/Application/Wechat/Public/static/bootstrap/js/bootstrap.js
INFO: [ app_init ] --START--
INFO: Run Behavior\BuildLiteBehavior [ RunTime:0.000018s ]
INFO: Run Common\Behavior\InitHookBehavior [ RunTime:0.003485s ]
INFO: [ app_init ] --END-- [ RunTime:0.004286s ]
ERR: 无法加载模块:Onethink

[ 2017-07-07T15:53:23+08:00 ] 127.0.0.1 /onethink/wwwroot/Application/Wechat/Public/static/css/style.css
INFO: [ app_init ] --START--
INFO: Run Behavior\BuildLiteBehavior [ RunTime:0.000021s ]
INFO: Run Common\Behavior\InitHookBehavior [ RunTime:0.003658s ]
INFO: [ app_init ] --END-- [ RunTime:0.004455s ]
ERR: 无法加载模块:Onethink

[ 2017-07-07T15:53:23+08:00 ] 127.0.0.1 /onethink/wwwroot/Application/Wechat/Public/static/bootstrap/css/bootstrap.min.css
INFO: [ app_init ] --START--
INFO: Run Behavior\BuildLiteBehavior [ RunTime:0.000026s ]
INFO: Run Common\Behavior\InitHookBehavior [ RunTime:0.006055s ]
INFO: [ app_init ] --END-- [ RunTime:0.007200s ]
ERR: 无法加载模块:Onethink

[ 2017-07-07T15:53:23+08:00 ] 127.0.0.1 /onethink/wwwroot/Application/Wechat/Public/static/jquery-1.11.2.min.js
INFO: [ app_init ] --START--
INFO: Run Behavior\BuildLiteBehavior [ RunTime:0.000017s ]
INFO: Run Common\Behavior\InitHookBehavior [ RunTime:0.005059s ]
INFO: [ app_init ] --END-- [ RunTime:0.005782s ]
ERR: 无法加载模块:Onethink

[ 2017-07-07T15:53:23+08:00 ] 127.0.0.1 /onethink/wwwroot/Application/Wechat/Public/static/bootstrap/js/bootstrap.js
INFO: [ app_init ] --START--
INFO: Run Behavior\BuildLiteBehavior [ RunTime:0.000018s ]
INFO: Run Common\Behavior\InitHookBehavior [ RunTime:0.003104s ]
INFO: [ app_init ] --END-- [ RunTime:0.003785s ]
ERR: 无法加载模块:Onethink

[ 2017-07-07T15:53:24+08:00 ] 127.0.0.1 /onethink/wwwroot/Application/Wechat/Public/static/css/style.css
INFO: [ app_init ] --START--
INFO: Run Behavior\BuildLiteBehavior [ RunTime:0.000025s ]
INFO: Run Common\Behavior\InitHookBehavior [ RunTime:0.007201s ]
INFO: [ app_init ] --END-- [ RunTime:0.008181s ]
ERR: 无法加载模块:Onethink

[ 2017-07-07T15:53:24+08:00 ] 127.0.0.1 /onethink/wwwroot/Application/Wechat/Public/static/jquery-1.11.2.min.js
INFO: [ app_init ] --START--
INFO: Run Behavior\BuildLiteBehavior [ RunTime:0.000025s ]
INFO: Run Common\Behavior\InitHookBehavior [ RunTime:0.008688s ]
INFO: [ app_init ] --END-- [ RunTime:0.009523s ]
ERR: 无法加载模块:Onethink

[ 2017-07-07T15:53:24+08:00 ] 127.0.0.1 /onethink/wwwroot/Application/Wechat/Public/static/bootstrap/css/bootstrap.min.css
INFO: [ app_init ] --START--
INFO: Run Behavior\BuildLiteBehavior [ RunTime:0.000023s ]
INFO: Run Common\Behavior\InitHookBehavior [ RunTime:0.008117s ]
INFO: [ app_init ] --END-- [ RunTime:0.009097s ]
ERR: 无法加载模块:Onethink

[ 2017-07-07T15:53:24+08:00 ] 127.0.0.1 /onethink/wwwroot/Application/Wechat/Public/static/bootstrap/js/bootstrap.js
INFO: [ app_init ] --START--
INFO: Run Behavior\BuildLiteBehavior [ RunTime:0.000020s ]
INFO: Run Common\Behavior\InitHookBehavior [ RunTime:0.006918s ]
INFO: [ app_init ] --END-- [ RunTime:0.007606s ]
ERR: 无法加载模块:Onethink

[ 2017-07-07T15:53:24+08:00 ] 127.0.0.1 /onethink/wwwroot/Application/Wechat/Public/static/css/style.css
INFO: [ app_init ] --START--
INFO: Run Behavior\BuildLiteBehavior [ RunTime:0.000026s ]
INFO: Run Common\Behavior\InitHookBehavior [ RunTime:0.003375s ]
INFO: [ app_init ] --END-- [ RunTime:0.004219s ]
ERR: 无法加载模块:Onethink

[ 2017-07-07T15:53:24+08:00 ] 127.0.0.1 /onethink/wwwroot/Application/Wechat/Public/static/jquery-1.11.2.min.js
INFO: [ app_init ] --START--
INFO: Run Behavior\BuildLiteBehavior [ RunTime:0.000021s ]
INFO: Run Common\Behavior\InitHookBehavior [ RunTime:0.004398s ]
INFO: [ app_init ] --END-- [ RunTime:0.005170s ]
ERR: 无法加载模块:Onethink

[ 2017-07-07T15:53:24+08:00 ] 127.0.0.1 /onethink/wwwroot/Application/Wechat/Public/static/bootstrap/css/bootstrap.min.css
INFO: [ app_init ] --START--
INFO: Run Behavior\BuildLiteBehavior [ RunTime:0.000024s ]
INFO: Run Common\Behavior\InitHookBehavior [ RunTime:0.004517s ]
INFO: [ app_init ] --END-- [ RunTime:0.005477s ]
ERR: 无法加载模块:Onethink

[ 2017-07-07T15:53:24+08:00 ] 127.0.0.1 /onethink/wwwroot/Application/Wechat/Public/static/bootstrap/js/bootstrap.js
INFO: [ app_init ] --START--
INFO: Run Behavior\BuildLiteBehavior [ RunTime:0.000019s ]
INFO: Run Common\Behavior\InitHookBehavior [ RunTime:0.005859s ]
INFO: [ app_init ] --END-- [ RunTime:0.006647s ]
ERR: 无法加载模块:Onethink

[ 2017-07-07T15:53:25+08:00 ] 127.0.0.1 /onethink/wwwroot/Application/Wechat/Public/static/jquery-1.11.2.min.js
INFO: [ app_init ] --START--
INFO: Run Behavior\BuildLiteBehavior [ RunTime:0.000025s ]
INFO: Run Common\Behavior\InitHookBehavior [ RunTime:0.007965s ]
INFO: [ app_init ] --END-- [ RunTime:0.009831s ]
ERR: 无法加载模块:Onethink

[ 2017-07-07T15:53:25+08:00 ] 127.0.0.1 /onethink/wwwroot/Application/Wechat/Public/static/bootstrap/css/bootstrap.min.css
INFO: [ app_init ] --START--
INFO: Run Behavior\BuildLiteBehavior [ RunTime:0.000031s ]
INFO: Run Common\Behavior\InitHookBehavior [ RunTime:0.008754s ]
INFO: [ app_init ] --END-- [ RunTime:0.009936s ]
ERR: 无法加载模块:Onethink

[ 2017-07-07T15:53:25+08:00 ] 127.0.0.1 /onethink/wwwroot/Application/Wechat/Public/static/css/style.css
INFO: [ app_init ] --START--
INFO: Run Behavior\BuildLiteBehavior [ RunTime:0.000028s ]
INFO: Run Common\Behavior\InitHookBehavior [ RunTime:0.009242s ]
INFO: [ app_init ] --END-- [ RunTime:0.010604s ]
ERR: 无法加载模块:Onethink

[ 2017-07-07T15:53:25+08:00 ] 127.0.0.1 /onethink/wwwroot/Application/Wechat/Public/static/bootstrap/js/bootstrap.js
INFO: [ app_init ] --START--
INFO: Run Behavior\BuildLiteBehavior [ RunTime:0.000026s ]
INFO: Run Common\Behavior\InitHookBehavior [ RunTime:0.007885s ]
INFO: [ app_init ] --END-- [ RunTime:0.008743s ]
ERR: 无法加载模块:Onethink

[ 2017-07-07T15:53:25+08:00 ] 127.0.0.1 /onethink/wwwroot/Application/Wechat/Public/static/css/style.css
INFO: [ app_init ] --START--
INFO: Run Behavior\BuildLiteBehavior [ RunTime:0.000028s ]
INFO: Run Common\Behavior\InitHookBehavior [ RunTime:0.009199s ]
INFO: [ app_init ] --END-- [ RunTime:0.010152s ]
ERR: 无法加载模块:Onethink

[ 2017-07-07T15:53:25+08:00 ] 127.0.0.1 /onethink/wwwroot/Application/Wechat/Public/static/jquery-1.11.2.min.js
INFO: [ app_init ] --START--
INFO: Run Behavior\BuildLiteBehavior [ RunTime:0.000017s ]
INFO: Run Common\Behavior\InitHookBehavior [ RunTime:0.009955s ]
INFO: [ app_init ] --END-- [ RunTime:0.010687s ]
ERR: 无法加载模块:Onethink

[ 2017-07-07T15:53:25+08:00 ] 127.0.0.1 /onethink/wwwroot/Application/Wechat/Public/static/bootstrap/css/bootstrap.min.css
INFO: [ app_init ] --START--
INFO: Run Behavior\BuildLiteBehavior [ RunTime:0.000024s ]
INFO: Run Common\Behavior\InitHookBehavior [ RunTime:0.004591s ]
INFO: [ app_init ] --END-- [ RunTime:0.005516s ]
ERR: 无法加载模块:Onethink

[ 2017-07-07T15:53:25+08:00 ] 127.0.0.1 /onethink/wwwroot/Application/Wechat/Public/static/bootstrap/js/bootstrap.js
INFO: [ app_init ] --START--
INFO: Run Behavior\BuildLiteBehavior [ RunTime:0.000076s ]
INFO: Run Common\Behavior\InitHookBehavior [ RunTime:0.004996s ]
INFO: [ app_init ] --END-- [ RunTime:0.007364s ]
ERR: 无法加载模块:Onethink

[ 2017-07-07T15:53:25+08:00 ] 127.0.0.1 /onethink/wwwroot/Application/Wechat/Public/static/css/style.css
INFO: [ app_init ] --START--
INFO: Run Behavior\BuildLiteBehavior [ RunTime:0.000030s ]
INFO: Run Common\Behavior\InitHookBehavior [ RunTime:0.008571s ]
INFO: [ app_init ] --END-- [ RunTime:0.011021s ]
ERR: 无法加载模块:Onethink

[ 2017-07-07T15:53:25+08:00 ] 127.0.0.1 /onethink/wwwroot/Application/Wechat/Public/static/jquery-1.11.2.min.js
INFO: [ app_init ] --START--
INFO: Run Behavior\BuildLiteBehavior [ RunTime:0.000030s ]
INFO: Run Common\Behavior\InitHookBehavior [ RunTime:0.004784s ]
INFO: [ app_init ] --END-- [ RunTime:0.008120s ]
ERR: 无法加载模块:Onethink

[ 2017-07-07T15:53:25+08:00 ] 127.0.0.1 /onethink/wwwroot/Application/Wechat/Public/static/bootstrap/css/bootstrap.min.css
INFO: [ app_init ] --START--
INFO: Run Behavior\BuildLiteBehavior [ RunTime:0.000026s ]
INFO: Run Common\Behavior\InitHookBehavior [ RunTime:0.004498s ]
INFO: [ app_init ] --END-- [ RunTime:0.007230s ]
ERR: 无法加载模块:Onethink

[ 2017-07-07T15:53:25+08:00 ] 127.0.0.1 /onethink/wwwroot/Application/Wechat/Public/static/bootstrap/js/bootstrap.js
INFO: [ app_init ] --START--
INFO: Run Behavior\BuildLiteBehavior [ RunTime:0.000020s ]
INFO: Run Common\Behavior\InitHookBehavior [ RunTime:0.003112s ]
INFO: [ app_init ] --END-- [ RunTime:0.003935s ]
ERR: 无法加载模块:Onethink

[ 2017-07-07T15:53:26+08:00 ] 127.0.0.1 /onethink/wwwroot/Application/Wechat/Public/static/css/style.css
INFO: [ app_init ] --START--
INFO: Run Behavior\BuildLiteBehavior [ RunTime:0.000027s ]
INFO: Run Common\Behavior\InitHookBehavior [ RunTime:0.005062s ]
INFO: [ app_init ] --END-- [ RunTime:0.005909s ]
ERR: 无法加载模块:Onethink

[ 2017-07-07T15:53:26+08:00 ] 127.0.0.1 /onethink/wwwroot/Application/Wechat/Public/static/jquery-1.11.2.min.js
INFO: [ app_init ] --START--
INFO: Run Behavior\BuildLiteBehavior [ RunTime:0.000017s ]
INFO: Run Common\Behavior\InitHookBehavior [ RunTime:0.005986s ]
INFO: [ app_init ] --END-- [ RunTime:0.006675s ]
ERR: 无法加载模块:Onethink

[ 2017-07-07T15:53:26+08:00 ] 127.0.0.1 /onethink/wwwroot/Application/Wechat/Public/static/bootstrap/css/bootstrap.min.css
INFO: [ app_init ] --START--
INFO: Run Behavior\BuildLiteBehavior [ RunTime:0.000024s ]
INFO: Run Common\Behavior\InitHookBehavior [ RunTime:0.010324s ]
INFO: [ app_init ] --END-- [ RunTime:0.011353s ]
ERR: 无法加载模块:Onethink

[ 2017-07-07T15:53:26+08:00 ] 127.0.0.1 /onethink/wwwroot/Application/Wechat/Public/static/bootstrap/js/bootstrap.js
INFO: [ app_init ] --START--
INFO: Run Behavior\BuildLiteBehavior [ RunTime:0.000018s ]
INFO: Run Common\Behavior\InitHookBehavior [ RunTime:0.004049s ]
INFO: [ app_init ] --END-- [ RunTime:0.004736s ]
ERR: 无法加载模块:Onethink

[ 2017-07-07T15:53:26+08:00 ] 127.0.0.1 /onethink/wwwroot/Application/Wechat/Public/static/jquery-1.11.2.min.js
INFO: [ app_init ] --START--
INFO: Run Behavior\BuildLiteBehavior [ RunTime:0.000021s ]
INFO: Run Common\Behavior\InitHookBehavior [ RunTime:0.003728s ]
INFO: [ app_init ] --END-- [ RunTime:0.004448s ]
ERR: 无法加载模块:Onethink

[ 2017-07-07T15:53:26+08:00 ] 127.0.0.1 /onethink/wwwroot/Application/Wechat/Public/static/css/style.css
INFO: [ app_init ] --START--
INFO: Run Behavior\BuildLiteBehavior [ RunTime:0.000025s ]
INFO: Run Common\Behavior\InitHookBehavior [ RunTime:0.004293s ]
INFO: [ app_init ] --END-- [ RunTime:0.005308s ]
ERR: 无法加载模块:Onethink

[ 2017-07-07T15:53:26+08:00 ] 127.0.0.1 /onethink/wwwroot/Application/Wechat/Public/static/bootstrap/css/bootstrap.min.css
INFO: [ app_init ] --START--
INFO: Run Behavior\BuildLiteBehavior [ RunTime:0.000025s ]
INFO: Run Common\Behavior\InitHookBehavior [ RunTime:0.011166s ]
INFO: [ app_init ] --END-- [ RunTime:0.012127s ]
ERR: 无法加载模块:Onethink

[ 2017-07-07T15:53:26+08:00 ] 127.0.0.1 /onethink/wwwroot/Application/Wechat/Public/static/bootstrap/js/bootstrap.js
INFO: [ app_init ] --START--
INFO: Run Behavior\BuildLiteBehavior [ RunTime:0.000019s ]
INFO: Run Common\Behavior\InitHookBehavior [ RunTime:0.003261s ]
INFO: [ app_init ] --END-- [ RunTime:0.003995s ]
ERR: 无法加载模块:Onethink

[ 2017-07-07T15:54:39+08:00 ] 127.0.0.1 /image/index.png
INFO: [ app_init ] --START--
INFO: Run Behavior\BuildLiteBehavior [ RunTime:0.000030s ]
INFO: Run Common\Behavior\InitHookBehavior [ RunTime:0.003714s ]
INFO: [ app_init ] --END-- [ RunTime:0.004763s ]

[ 2017-07-07T15:55:24+08:00 ] 127.0.0.1 /.Public/static/image/index.png
INFO: [ app_init ] --START--
INFO: Run Behavior\BuildLiteBehavior [ RunTime:0.000026s ]
INFO: Run Common\Behavior\InitHookBehavior [ RunTime:0.005786s ]
INFO: [ app_init ] --END-- [ RunTime:0.006814s ]

[ 2017-07-07T15:55:26+08:00 ] 127.0.0.1 /.Public/static/image/index.png
INFO: [ app_init ] --START--
INFO: Run Behavior\BuildLiteBehavior [ RunTime:0.000035s ]
INFO: Run Common\Behavior\InitHookBehavior [ RunTime:0.008051s ]
INFO: [ app_init ] --END-- [ RunTime:0.009343s ]

[ 2017-07-07T15:55:26+08:00 ] 127.0.0.1 /.Public/static/image/index.png
INFO: [ app_init ] --START--
INFO: Run Behavior\BuildLiteBehavior [ RunTime:0.000090s ]
INFO: Run Common\Behavior\InitHookBehavior [ RunTime:0.007351s ]
INFO: [ app_init ] --END-- [ RunTime:0.010002s ]

[ 2017-07-07T15:55:26+08:00 ] 127.0.0.1 /.Public/static/image/index.png
INFO: [ app_init ] --START--
INFO: Run Behavior\BuildLiteBehavior [ RunTime:0.000110s ]
INFO: Run Common\Behavior\InitHookBehavior [ RunTime:0.005285s ]
INFO: [ app_init ] --END-- [ RunTime:0.006573s ]

[ 2017-07-07T15:55:26+08:00 ] 127.0.0.1 /.Public/static/image/index.png
INFO: [ app_init ] --START--
INFO: Run Behavior\BuildLiteBehavior [ RunTime:0.000048s ]
INFO: Run Common\Behavior\InitHookBehavior [ RunTime:0.004389s ]
INFO: [ app_init ] --END-- [ RunTime:0.005843s ]

[ 2017-07-07T15:55:27+08:00 ] 127.0.0.1 /.Public/static/image/index.png
INFO: [ app_init ] --START--
INFO: Run Behavior\BuildLiteBehavior [ RunTime:0.000065s ]
INFO: Run Common\Behavior\InitHookBehavior [ RunTime:0.006222s ]
INFO: [ app_init ] --END-- [ RunTime:0.007440s ]

[ 2017-07-07T15:55:27+08:00 ] 127.0.0.1 /.Public/static/image/index.png
INFO: [ app_init ] --START--
INFO: Run Behavior\BuildLiteBehavior [ RunTime:0.000022s ]
INFO: Run Common\Behavior\InitHookBehavior [ RunTime:0.008571s ]
INFO: [ app_init ] --END-- [ RunTime:0.009508s ]

[ 2017-07-07T15:55:27+08:00 ] 127.0.0.1 /.Public/static/image/index.png
INFO: [ app_init ] --START--
INFO: Run Behavior\BuildLiteBehavior [ RunTime:0.000019s ]
INFO: Run Common\Behavior\InitHookBehavior [ RunTime:0.003135s ]
INFO: [ app_init ] --END-- [ RunTime:0.003832s ]

[ 2017-07-07T15:55:27+08:00 ] 127.0.0.1 /.Public/static/image/index.png
INFO: [ app_init ] --START--
INFO: Run Behavior\BuildLiteBehavior [ RunTime:0.000079s ]
INFO: Run Common\Behavior\InitHookBehavior [ RunTime:0.005150s ]
INFO: [ app_init ] --END-- [ RunTime:0.006682s ]

[ 2017-07-07T15:55:27+08:00 ] 127.0.0.1 /.Public/static/image/index.png
INFO: [ app_init ] --START--
INFO: Run Behavior\BuildLiteBehavior [ RunTime:0.000019s ]
INFO: Run Common\Behavior\InitHookBehavior [ RunTime:0.006419s ]
INFO: [ app_init ] --END-- [ RunTime:0.007145s ]

[ 2017-07-07T15:55:28+08:00 ] 127.0.0.1 /.Public/static/image/index.png
INFO: [ app_init ] --START--
INFO: Run Behavior\BuildLiteBehavior [ RunTime:0.000020s ]
INFO: Run Common\Behavior\InitHookBehavior [ RunTime:0.003525s ]
INFO: [ app_init ] --END-- [ RunTime:0.004359s ]

[ 2017-07-07T15:56:45+08:00 ] 127.0.0.1 /bootstrap/css/bootstrap.min.css
INFO: [ app_init ] --START--
INFO: Run Behavior\BuildLiteBehavior [ RunTime:0.000033s ]
INFO: Run Common\Behavior\InitHookBehavior [ RunTime:0.005011s ]
INFO: [ app_init ] --END-- [ RunTime:0.006394s ]
ERR: 无法加载模块:Bootstrap

[ 2017-07-07T15:56:45+08:00 ] 127.0.0.1 /css/style.css
INFO: [ app_init ] --START--
INFO: Run Behavior\BuildLiteBehavior [ RunTime:0.000018s ]
INFO: Run Common\Behavior\InitHookBehavior [ RunTime:0.003643s ]
INFO: [ app_init ] --END-- [ RunTime:0.004351s ]
ERR: 无法加载模块:Css

[ 2017-07-07T15:56:45+08:00 ] 127.0.0.1 /jquery-1.11.2.min.js
INFO: [ app_init ] --START--
INFO: Run Behavior\BuildLiteBehavior [ RunTime:0.000026s ]
INFO: Run Common\Behavior\InitHookBehavior [ RunTime:0.004795s ]
INFO: [ app_init ] --END-- [ RunTime:0.005776s ]
ERR: 无法加载模块:Jquery-1.11.2.min

[ 2017-07-07T15:56:46+08:00 ] 127.0.0.1 /bootstrap/js/bootstrap.min.js
INFO: [ app_init ] --START--
INFO: Run Behavior\BuildLiteBehavior [ RunTime:0.000031s ]
INFO: Run Common\Behavior\InitHookBehavior [ RunTime:0.003017s ]
INFO: [ app_init ] --END-- [ RunTime:0.003910s ]
ERR: 无法加载模块:Bootstrap

[ 2017-07-07T15:56:46+08:00 ] 127.0.0.1 /image/index.png
INFO: [ app_init ] --START--
INFO: Run Behavior\BuildLiteBehavior [ RunTime:0.000024s ]
INFO: Run Common\Behavior\InitHookBehavior [ RunTime:0.006703s ]
INFO: [ app_init ] --END-- [ RunTime:0.007614s ]

[ 2017-07-07T15:59:04+08:00 ] 127.0.0.1 /bootstrap/css/bootstrap.min.css
INFO: [ app_init ] --START--
INFO: Run Behavior\BuildLiteBehavior [ RunTime:0.000027s ]
INFO: Run Common\Behavior\InitHookBehavior [ RunTime:0.004043s ]
INFO: [ app_init ] --END-- [ RunTime:0.005056s ]
ERR: 无法加载模块:Bootstrap

[ 2017-07-07T15:59:05+08:00 ] 127.0.0.1 /css/style.css
INFO: [ app_init ] --START--
INFO: Run Behavior\BuildLiteBehavior [ RunTime:0.000024s ]
INFO: Run Common\Behavior\InitHookBehavior [ RunTime:0.005480s ]
INFO: [ app_init ] --END-- [ RunTime:0.006443s ]
ERR: 无法加载模块:Css

[ 2017-07-07T15:59:05+08:00 ] 127.0.0.1 /jquery-1.11.2.min.js
INFO: [ app_init ] --START--
INFO: Run Behavior\BuildLiteBehavior [ RunTime:0.000025s ]
INFO: Run Common\Behavior\InitHookBehavior [ RunTime:0.006774s ]
INFO: [ app_init ] --END-- [ RunTime:0.007729s ]
ERR: 无法加载模块:Jquery-1.11.2.min

[ 2017-07-07T15:59:05+08:00 ] 127.0.0.1 /bootstrap/js/bootstrap.min.js
INFO: [ app_init ] --START--
INFO: Run Behavior\BuildLiteBehavior [ RunTime:0.000019s ]
INFO: Run Common\Behavior\InitHookBehavior [ RunTime:0.002955s ]
INFO: [ app_init ] --END-- [ RunTime:0.003654s ]
ERR: 无法加载模块:Bootstrap

[ 2017-07-07T15:59:05+08:00 ] 127.0.0.1 /image/index.png
INFO: [ app_init ] --START--
INFO: Run Behavior\BuildLiteBehavior [ RunTime:0.000034s ]
INFO: Run Common\Behavior\InitHookBehavior [ RunTime:0.007365s ]
INFO: [ app_init ] --END-- [ RunTime:0.008353s ]

[ 2017-07-07T15:59:44+08:00 ] 127.0.0.1 /jquery-1.11.2.min.js
INFO: [ app_init ] --START--
INFO: Run Behavior\BuildLiteBehavior [ RunTime:0.000018s ]
INFO: Run Common\Behavior\InitHookBehavior [ RunTime:0.002382s ]
INFO: [ app_init ] --END-- [ RunTime:0.002991s ]
ERR: 无法加载模块:Jquery-1.11.2.min

[ 2017-07-07T15:59:44+08:00 ] 127.0.0.1 /css/style.css
INFO: [ app_init ] --START--
INFO: Run Behavior\BuildLiteBehavior [ RunTime:0.000018s ]
INFO: Run Common\Behavior\InitHookBehavior [ RunTime:0.003497s ]
INFO: [ app_init ] --END-- [ RunTime:0.004168s ]
ERR: 无法加载模块:Css

[ 2017-07-07T15:59:45+08:00 ] 127.0.0.1 /bootstrap/js/bootstrap.min.js
INFO: [ app_init ] --START--
INFO: Run Behavior\BuildLiteBehavior [ RunTime:0.000128s ]
INFO: Run Common\Behavior\InitHookBehavior [ RunTime:0.009363s ]
INFO: [ app_init ] --END-- [ RunTime:0.011203s ]
ERR: 无法加载模块:Bootstrap

[ 2017-07-07T15:59:45+08:00 ] 127.0.0.1 /image/index.png
INFO: [ app_init ] --START--
INFO: Run Behavior\BuildLiteBehavior [ RunTime:0.000019s ]
INFO: Run Common\Behavior\InitHookBehavior [ RunTime:0.003180s ]
INFO: [ app_init ] --END-- [ RunTime:0.003913s ]

[ 2017-07-07T15:59:45+08:00 ] 127.0.0.1 /bootstrap/js/bootstrap.min.js
INFO: [ app_init ] --START--
INFO: Run Behavior\BuildLiteBehavior [ RunTime:0.000019s ]
INFO: Run Common\Behavior\InitHookBehavior [ RunTime:0.003402s ]
INFO: [ app_init ] --END-- [ RunTime:0.004142s ]
ERR: 无法加载模块:Bootstrap

[ 2017-07-07T16:00:13+08:00 ] 127.0.0.1 /my.html
INFO: [ app_init ] --START--
INFO: Run Behavior\BuildLiteBehavior [ RunTime:0.000018s ]
INFO: Run Common\Behavior\InitHookBehavior [ RunTime:0.004763s ]
INFO: [ app_init ] --END-- [ RunTime:0.005461s ]
ERR: 无法加载模块:My

[ 2017-07-07T16:07:22+08:00 ] 127.0.0.1 /zushou.html
INFO: [ app_init ] --START--
INFO: Run Behavior\BuildLiteBehavior [ RunTime:0.000018s ]
INFO: Run Common\Behavior\InitHookBehavior [ RunTime:0.004222s ]
INFO: [ app_init ] --END-- [ RunTime:0.005015s ]
ERR: 无法加载模块:Zushou

[ 2017-07-07T16:09:41+08:00 ] 127.0.0.1 /zushou.html
INFO: [ app_init ] --START--
INFO: Run Behavior\BuildLiteBehavior [ RunTime:0.000019s ]
INFO: Run Common\Behavior\InitHookBehavior [ RunTime:0.003873s ]
INFO: [ app_init ] --END-- [ RunTime:0.004783s ]
ERR: 无法加载模块:Zushou

[ 2017-07-07T16:09:47+08:00 ] 127.0.0.1 /zushou.html
INFO: [ app_init ] --START--
INFO: Run Behavior\BuildLiteBehavior [ RunTime:0.000018s ]
INFO: Run Common\Behavior\InitHookBehavior [ RunTime:0.003473s ]
INFO: [ app_init ] --END-- [ RunTime:0.004237s ]
ERR: 无法加载模块:Zushou

[ 2017-07-07T16:09:59+08:00 ] 127.0.0.1 /zushou.html
INFO: [ app_init ] --START--
INFO: Run Behavior\BuildLiteBehavior [ RunTime:0.000048s ]
INFO: Run Common\Behavior\InitHookBehavior [ RunTime:0.005079s ]
INFO: [ app_init ] --END-- [ RunTime:0.006058s ]
ERR: 无法加载模块:Zushou

[ 2017-07-07T16:10:30+08:00 ] 127.0.0.1 /image/2.png
INFO: [ app_init ] --START--
INFO: Run Behavior\BuildLiteBehavior [ RunTime:0.000026s ]
INFO: Run Common\Behavior\InitHookBehavior [ RunTime:0.005178s ]
INFO: [ app_init ] --END-- [ RunTime:0.006026s ]

[ 2017-07-07T16:18:24+08:00 ] 127.0.0.1 /image/2.png
INFO: [ app_init ] --START--
INFO: Run Behavior\BuildLiteBehavior [ RunTime:0.000029s ]
INFO: Run Common\Behavior\InitHookBehavior [ RunTime:0.004483s ]
INFO: [ app_init ] --END-- [ RunTime:0.005642s ]

[ 2017-07-07T16:18:34+08:00 ] 127.0.0.1 /image/2.png
INFO: [ app_init ] --START--
INFO: Run Behavior\BuildLiteBehavior [ RunTime:0.000019s ]
INFO: Run Common\Behavior\InitHookBehavior [ RunTime:0.003078s ]
INFO: [ app_init ] --END-- [ RunTime:0.004031s ]

[ 2017-07-07T16:18:36+08:00 ] 127.0.0.1 /image/2.png
INFO: [ app_init ] --START--
INFO: Run Behavior\BuildLiteBehavior [ RunTime:0.000028s ]
INFO: Run Common\Behavior\InitHookBehavior [ RunTime:0.008034s ]
INFO: [ app_init ] --END-- [ RunTime:0.009444s ]

[ 2017-07-07T16:18:39+08:00 ] 127.0.0.1 /image/2.png
INFO: [ app_init ] --START--
INFO: Run Behavior\BuildLiteBehavior [ RunTime:0.000029s ]
INFO: Run Common\Behavior\InitHookBehavior [ RunTime:0.005109s ]
INFO: [ app_init ] --END-- [ RunTime:0.006205s ]

[ 2017-07-07T16:18:40+08:00 ] 127.0.0.1 /image/2.png
INFO: [ app_init ] --START--
INFO: Run Behavior\BuildLiteBehavior [ RunTime:0.000029s ]
INFO: Run Common\Behavior\InitHookBehavior [ RunTime:0.004575s ]
INFO: [ app_init ] --END-- [ RunTime:0.005528s ]

[ 2017-07-07T16:18:42+08:00 ] 127.0.0.1 /image/2.png
INFO: [ app_init ] --START--
INFO: Run Behavior\BuildLiteBehavior [ RunTime:0.000029s ]
INFO: Run Common\Behavior\InitHookBehavior [ RunTime:0.004820s ]
INFO: [ app_init ] --END-- [ RunTime:0.005945s ]

[ 2017-07-07T16:18:48+08:00 ] 127.0.0.1 /image/2.png
INFO: [ app_init ] --START--
INFO: Run Behavior\BuildLiteBehavior [ RunTime:0.000031s ]
INFO: Run Common\Behavior\InitHookBehavior [ RunTime:0.004240s ]
INFO: [ app_init ] --END-- [ RunTime:0.005394s ]

[ 2017-07-07T16:18:48+08:00 ] 127.0.0.1 /image/2.png
INFO: [ app_init ] --START--
INFO: Run Behavior\BuildLiteBehavior [ RunTime:0.000019s ]
INFO: Run Common\Behavior\InitHookBehavior [ RunTime:0.006199s ]
INFO: [ app_init ] --END-- [ RunTime:0.007232s ]

[ 2017-07-07T16:18:48+08:00 ] 127.0.0.1 /image/2.png
INFO: [ app_init ] --START--
INFO: Run Behavior\BuildLiteBehavior [ RunTime:0.000018s ]
INFO: Run Common\Behavior\InitHookBehavior [ RunTime:0.004000s ]
INFO: [ app_init ] --END-- [ RunTime:0.004710s ]

[ 2017-07-07T16:19:36+08:00 ] 127.0.0.1 /image/2.png
INFO: [ app_init ] --START--
INFO: Run Behavior\BuildLiteBehavior [ RunTime:0.000025s ]
INFO: Run Common\Behavior\InitHookBehavior [ RunTime:0.004773s ]
INFO: [ app_init ] --END-- [ RunTime:0.005789s ]

[ 2017-07-07T16:20:50+08:00 ] 127.0.0.1 /image/2.png
INFO: [ app_init ] --START--
INFO: Run Behavior\BuildLiteBehavior [ RunTime:0.000100s ]
INFO: Run Common\Behavior\InitHookBehavior [ RunTime:0.004444s ]
INFO: [ app_init ] --END-- [ RunTime:0.005876s ]

[ 2017-07-07T16:21:00+08:00 ] 127.0.0.1 /image/2.png
INFO: [ app_init ] --START--
INFO: Run Behavior\BuildLiteBehavior [ RunTime:0.000034s ]
INFO: Run Common\Behavior\InitHookBehavior [ RunTime:0.004208s ]
INFO: [ app_init ] --END-- [ RunTime:0.005507s ]

[ 2017-07-07T16:23:45+08:00 ] 127.0.0.1 /image/2.png
INFO: [ app_init ] --START--
INFO: Run Behavior\BuildLiteBehavior [ RunTime:0.000028s ]
INFO: Run Common\Behavior\InitHookBehavior [ RunTime:0.003903s ]
INFO: [ app_init ] --END-- [ RunTime:0.005614s ]

[ 2017-07-07T16:23:49+08:00 ] 127.0.0.1 /image/2.png
INFO: [ app_init ] --START--
INFO: Run Behavior\BuildLiteBehavior [ RunTime:0.000019s ]
INFO: Run Common\Behavior\InitHookBehavior [ RunTime:0.002380s ]
INFO: [ app_init ] --END-- [ RunTime:0.003024s ]

[ 2017-07-07T16:23:49+08:00 ] 127.0.0.1 /image/2.png
INFO: [ app_init ] --START--
INFO: Run Behavior\BuildLiteBehavior [ RunTime:0.000018s ]
INFO: Run Common\Behavior\InitHookBehavior [ RunTime:0.002294s ]
INFO: [ app_init ] --END-- [ RunTime:0.002923s ]

[ 2017-07-07T16:24:01+08:00 ] 127.0.0.1 /image/2.png
INFO: [ app_init ] --START--
INFO: Run Behavior\BuildLiteBehavior [ RunTime:0.000017s ]
INFO: Run Common\Behavior\InitHookBehavior [ RunTime:0.002497s ]
INFO: [ app_init ] --END-- [ RunTime:0.003139s ]

[ 2017-07-07T16:24:30+08:00 ] 127.0.0.1 /image/2.png
INFO: [ app_init ] --START--
INFO: Run Behavior\BuildLiteBehavior [ RunTime:0.000018s ]
INFO: Run Common\Behavior\InitHookBehavior [ RunTime:0.002919s ]
INFO: [ app_init ] --END-- [ RunTime:0.003569s ]

[ 2017-07-07T16:26:18+08:00 ] 127.0.0.1 /image/2.png
INFO: [ app_init ] --START--
INFO: Run Behavior\BuildLiteBehavior [ RunTime:0.000018s ]
INFO: Run Common\Behavior\InitHookBehavior [ RunTime:0.002463s ]
INFO: [ app_init ] --END-- [ RunTime:0.003146s ]

[ 2017-07-07T16:27:43+08:00 ] 127.0.0.1 /image/2.png
INFO: [ app_init ] --START--
INFO: Run Behavior\BuildLiteBehavior [ RunTime:0.000020s ]
INFO: Run Common\Behavior\InitHookBehavior [ RunTime:0.004733s ]
INFO: [ app_init ] --END-- [ RunTime:0.005454s ]

[ 2017-07-07T16:33:18+08:00 ] 127.0.0.1 /image/2.png
INFO: [ app_init ] --START--
INFO: Run Behavior\BuildLiteBehavior [ RunTime:0.000027s ]
INFO: Run Common\Behavior\InitHookBehavior [ RunTime:0.005319s ]
INFO: [ app_init ] --END-- [ RunTime:0.006325s ]

[ 2017-07-07T16:34:13+08:00 ] 127.0.0.1 /image/2.png
INFO: [ app_init ] --START--
INFO: Run Behavior\BuildLiteBehavior [ RunTime:0.000032s ]
INFO: Run Common\Behavior\InitHookBehavior [ RunTime:0.004354s ]
INFO: [ app_init ] --END-- [ RunTime:0.005886s ]

[ 2017-07-07T16:50:06+08:00 ] 127.0.0.1 /image/2.png
INFO: [ app_init ] --START--
INFO: Run Behavior\BuildLiteBehavior [ RunTime:0.000020s ]
INFO: Run Common\Behavior\InitHookBehavior [ RunTime:0.005921s ]
INFO: [ app_init ] --END-- [ RunTime:0.006638s ]

[ 2017-07-07T16:51:43+08:00 ] 127.0.0.1 /image/2.png
INFO: [ app_init ] --START--
INFO: Run Behavior\BuildLiteBehavior [ RunTime:0.000027s ]
INFO: Run Common\Behavior\InitHookBehavior [ RunTime:0.004188s ]
INFO: [ app_init ] --END-- [ RunTime:0.005440s ]

[ 2017-07-07T16:51:44+08:00 ] 127.0.0.1 /image/2.png
INFO: [ app_init ] --START--
INFO: Run Behavior\BuildLiteBehavior [ RunTime:0.000035s ]
INFO: Run Common\Behavior\InitHookBehavior [ RunTime:0.004683s ]
INFO: [ app_init ] --END-- [ RunTime:0.008346s ]

[ 2017-07-07T16:52:08+08:00 ] 127.0.0.1 /image/2.png
INFO: [ app_init ] --START--
INFO: Run Behavior\BuildLiteBehavior [ RunTime:0.000018s ]
INFO: Run Common\Behavior\InitHookBehavior [ RunTime:0.003263s ]
INFO: [ app_init ] --END-- [ RunTime:0.003955s ]

[ 2017-07-07T16:52:08+08:00 ] 127.0.0.1 /image/2.png
INFO: [ app_init ] --START--
INFO: Run Behavior\BuildLiteBehavior [ RunTime:0.000018s ]
INFO: Run Common\Behavior\InitHookBehavior [ RunTime:0.003678s ]
INFO: [ app_init ] --END-- [ RunTime:0.004369s ]

[ 2017-07-07T16:52:09+08:00 ] 127.0.0.1 /image/2.png
INFO: [ app_init ] --START--
INFO: Run Behavior\BuildLiteBehavior [ RunTime:0.000020s ]
INFO: Run Common\Behavior\InitHookBehavior [ RunTime:0.003153s ]
INFO: [ app_init ] --END-- [ RunTime:0.003856s ]

[ 2017-07-07T16:52:09+08:00 ] 127.0.0.1 /image/2.png
INFO: [ app_init ] --START--
INFO: Run Behavior\BuildLiteBehavior [ RunTime:0.000019s ]
INFO: Run Common\Behavior\InitHookBehavior [ RunTime:0.005595s ]
INFO: [ app_init ] --END-- [ RunTime:0.006302s ]

[ 2017-07-07T16:52:09+08:00 ] 127.0.0.1 /image/2.png
INFO: [ app_init ] --START--
INFO: Run Behavior\BuildLiteBehavior [ RunTime:0.000031s ]
INFO: Run Common\Behavior\InitHookBehavior [ RunTime:0.004711s ]
INFO: [ app_init ] --END-- [ RunTime:0.005939s ]

[ 2017-07-07T16:52:10+08:00 ] 127.0.0.1 /image/2.png
INFO: [ app_init ] --START--
INFO: Run Behavior\BuildLiteBehavior [ RunTime:0.000033s ]
INFO: Run Common\Behavior\InitHookBehavior [ RunTime:0.005888s ]
INFO: [ app_init ] --END-- [ RunTime:0.007345s ]

[ 2017-07-07T16:52:10+08:00 ] 127.0.0.1 /image/2.png
INFO: [ app_init ] --START--
INFO: Run Behavior\BuildLiteBehavior [ RunTime:0.000021s ]
INFO: Run Common\Behavior\InitHookBehavior [ RunTime:0.004931s ]
INFO: [ app_init ] --END-- [ RunTime:0.005697s ]

[ 2017-07-07T16:56:45+08:00 ] 127.0.0.1 /image/2.png
INFO: [ app_init ] --START--
INFO: Run Behavior\BuildLiteBehavior [ RunTime:0.000019s ]
INFO: Run Common\Behavior\InitHookBehavior [ RunTime:0.003183s ]
INFO: [ app_init ] --END-- [ RunTime:0.003875s ]

[ 2017-07-07T16:56:47+08:00 ] 127.0.0.1 /image/2.png
INFO: [ app_init ] --START--
INFO: Run Behavior\BuildLiteBehavior [ RunTime:0.000031s ]
INFO: Run Common\Behavior\InitHookBehavior [ RunTime:0.004851s ]
INFO: [ app_init ] --END-- [ RunTime:0.005954s ]

[ 2017-07-07T16:57:16+08:00 ] 127.0.0.1 /image/2.png
INFO: [ app_init ] --START--
INFO: Run Behavior\BuildLiteBehavior [ RunTime:0.000018s ]
INFO: Run Common\Behavior\InitHookBehavior [ RunTime:0.004824s ]
INFO: [ app_init ] --END-- [ RunTime:0.005555s ]

[ 2017-07-07T17:10:06+08:00 ] 127.0.0.1 /fuwu.html
INFO: [ app_init ] --START--
INFO: Run Behavior\BuildLiteBehavior [ RunTime:0.000030s ]
INFO: Run Common\Behavior\InitHookBehavior [ RunTime:0.004022s ]
INFO: [ app_init ] --END-- [ RunTime:0.005096s ]
ERR: 无法加载模块:Fuwu

[ 2017-07-07T17:10:09+08:00 ] 127.0.0.1 /faxian.html
INFO: [ app_init ] --START--
INFO: Run Behavior\BuildLiteBehavior [ RunTime:0.000019s ]
INFO: Run Common\Behavior\InitHookBehavior [ RunTime:0.004849s ]
INFO: [ app_init ] --END-- [ RunTime:0.005594s ]
ERR: 无法加载模块:Faxian

[ 2017-07-07T17:11:42+08:00 ] 127.0.0.1 /notice.html
INFO: [ app_init ] --START--
INFO: Run Behavior\BuildLiteBehavior [ RunTime:0.000024s ]
INFO: Run Common\Behavior\InitHookBehavior [ RunTime:0.004090s ]
INFO: [ app_init ] --END-- [ RunTime:0.004908s ]
ERR: 无法加载模块:Notice

[ 2017-07-07T17:59:53+08:00 ] 127.0.0.1 /notice.html
INFO: [ app_init ] --START--
INFO: Run Behavior\BuildLiteBehavior [ RunTime:0.000018s ]
INFO: Run Common\Behavior\InitHookBehavior [ RunTime:0.003818s ]
INFO: [ app_init ] --END-- [ RunTime:0.004578s ]
ERR: 无法加载模块:Notice

[ 2017-07-07T18:02:06+08:00 ] 127.0.0.1 /notice.html
INFO: [ app_init ] --START--
INFO: Run Behavior\BuildLiteBehavior [ RunTime:0.000021s ]
INFO: Run Common\Behavior\InitHookBehavior [ RunTime:0.004451s ]
INFO: [ app_init ] --END-- [ RunTime:0.005414s ]
ERR: 无法加载模块:Notice

[ 2017-07-07T19:21:52+08:00 ] 127.0.0.1 /notice.html
INFO: [ app_init ] --START--
INFO: Run Behavior\BuildLiteBehavior [ RunTime:0.000055s ]
INFO: Run Common\Behavior\InitHookBehavior [ RunTime:0.003816s ]
INFO: [ app_init ] --END-- [ RunTime:0.004968s ]
ERR: 无法加载模块:Notice

[ 2017-07-07T19:22:38+08:00 ] 127.0.0.1 /notice.html
INFO: [ app_init ] --START--
INFO: Run Behavior\BuildLiteBehavior [ RunTime:0.000019s ]
INFO: Run Common\Behavior\InitHookBehavior [ RunTime:0.003154s ]
INFO: [ app_init ] --END-- [ RunTime:0.003876s ]
ERR: 无法加载模块:Notice

[ 2017-07-07T19:23:07+08:00 ] 127.0.0.1 /bootstrap/css/bootstrap.min.css
INFO: [ app_init ] --START--
INFO: Run Behavior\BuildLiteBehavior [ RunTime:0.000031s ]
INFO: Run Common\Behavior\InitHookBehavior [ RunTime:0.003367s ]
INFO: [ app_init ] --END-- [ RunTime:0.004350s ]
ERR: 无法加载模块:Bootstrap

[ 2017-07-07T19:23:07+08:00 ] 127.0.0.1 /css/style.css
INFO: [ app_init ] --START--
INFO: Run Behavior\BuildLiteBehavior [ RunTime:0.000020s ]
INFO: Run Common\Behavior\InitHookBehavior [ RunTime:0.003811s ]
INFO: [ app_init ] --END-- [ RunTime:0.004736s ]
ERR: 无法加载模块:Css

[ 2017-07-07T19:23:07+08:00 ] 127.0.0.1 /jquery-1.11.2.min.js
INFO: [ app_init ] --START--
INFO: Run Behavior\BuildLiteBehavior [ RunTime:0.000018s ]
INFO: Run Common\Behavior\InitHookBehavior [ RunTime:0.003900s ]
INFO: [ app_init ] --END-- [ RunTime:0.004757s ]
ERR: 无法加载模块:Jquery-1.11.2.min

[ 2017-07-07T19:23:07+08:00 ] 127.0.0.1 /image/1.png
INFO: [ app_init ] --START--
INFO: Run Behavior\BuildLiteBehavior [ RunTime:0.000018s ]
INFO: Run Common\Behavior\InitHookBehavior [ RunTime:0.005914s ]
INFO: [ app_init ] --END-- [ RunTime:0.006513s ]

[ 2017-07-07T19:23:07+08:00 ] 127.0.0.1 /bootstrap/js/bootstrap.min.js
INFO: [ app_init ] --START--
INFO: Run Behavior\BuildLiteBehavior [ RunTime:0.000025s ]
INFO: Run Common\Behavior\InitHookBehavior [ RunTime:0.003711s ]
INFO: [ app_init ] --END-- [ RunTime:0.004691s ]
ERR: 无法加载模块:Bootstrap

[ 2017-07-07T19:23:36+08:00 ] 127.0.0.1 /image/1.png
INFO: [ app_init ] --START--
INFO: Run Behavior\BuildLiteBehavior [ RunTime:0.000018s ]
INFO: Run Common\Behavior\InitHookBehavior [ RunTime:0.002278s ]
INFO: [ app_init ] --END-- [ RunTime:0.002892s ]

[ 2017-07-07T19:24:58+08:00 ] 127.0.0.1 /image/1.png
INFO: [ app_init ] --START--
INFO: Run Behavior\BuildLiteBehavior [ RunTime:0.000018s ]
INFO: Run Common\Behavior\InitHookBehavior [ RunTime:0.002459s ]
INFO: [ app_init ] --END-- [ RunTime:0.003094s ]

[ 2017-07-07T19:25:40+08:00 ] 127.0.0.1 /image/1.png
INFO: [ app_init ] --START--
INFO: Run Behavior\BuildLiteBehavior [ RunTime:0.000019s ]
INFO: Run Common\Behavior\InitHookBehavior [ RunTime:0.002490s ]
INFO: [ app_init ] --END-- [ RunTime:0.003305s ]

[ 2017-07-07T19:26:51+08:00 ] 127.0.0.1 /image/1.png
INFO: [ app_init ] --START--
INFO: Run Behavior\BuildLiteBehavior [ RunTime:0.000026s ]
INFO: Run Common\Behavior\InitHookBehavior [ RunTime:0.003230s ]
INFO: [ app_init ] --END-- [ RunTime:0.004143s ]

[ 2017-07-07T19:37:34+08:00 ] 127.0.0.1 /image/1.png
INFO: [ app_init ] --START--
INFO: Run Behavior\BuildLiteBehavior [ RunTime:0.000062s ]
INFO: Run Common\Behavior\InitHookBehavior [ RunTime:0.002941s ]
INFO: [ app_init ] --END-- [ RunTime:0.004074s ]

[ 2017-07-07T19:37:36+08:00 ] 127.0.0.1 /image/1.png
INFO: [ app_init ] --START--
INFO: Run Behavior\BuildLiteBehavior [ RunTime:0.000020s ]
INFO: Run Common\Behavior\InitHookBehavior [ RunTime:0.002380s ]
INFO: [ app_init ] --END-- [ RunTime:0.003377s ]

[ 2017-07-07T19:37:37+08:00 ] 127.0.0.1 /image/1.png
INFO: [ app_init ] --START--
INFO: Run Behavior\BuildLiteBehavior [ RunTime:0.000019s ]
INFO: Run Common\Behavior\InitHookBehavior [ RunTime:0.002493s ]
INFO: [ app_init ] --END-- [ RunTime:0.003172s ]

[ 2017-07-07T19:37:37+08:00 ] 127.0.0.1 /image/1.png
INFO: [ app_init ] --START--
INFO: Run Behavior\BuildLiteBehavior [ RunTime:0.000030s ]
INFO: Run Common\Behavior\InitHookBehavior [ RunTime:0.003173s ]
INFO: [ app_init ] --END-- [ RunTime:0.004184s ]

[ 2017-07-07T19:39:50+08:00 ] 127.0.0.1 /image/1.png
INFO: [ app_init ] --START--
INFO: Run Behavior\BuildLiteBehavior [ RunTime:0.000018s ]
INFO: Run Common\Behavior\InitHookBehavior [ RunTime:0.002359s ]
INFO: [ app_init ] --END-- [ RunTime:0.003107s ]

[ 2017-07-07T21:03:52+08:00 ] 127.0.0.1 /favicon.ico
INFO: [ app_init ] --START--
INFO: Run Behavior\BuildLiteBehavior [ RunTime:0.000019s ]
INFO: Run Common\Behavior\InitHookBehavior [ RunTime:0.002317s ]
INFO: [ app_init ] --END-- [ RunTime:0.002967s ]

[ 2017-07-07T21:05:36+08:00 ] 127.0.0.1 /favicon.ico
INFO: [ app_init ] --START--
INFO: Run Behavior\BuildLiteBehavior [ RunTime:0.000030s ]
INFO: Run Common\Behavior\InitHookBehavior [ RunTime:0.003816s ]
INFO: [ app_init ] --END-- [ RunTime:0.004834s ]

